	.text
	.syntax unified
	.eabi_attribute	67, "2.09"	@ Tag_conformance
	.cpu	cortex-m23
	.eabi_attribute	6, 16	@ Tag_CPU_arch
	.eabi_attribute	7, 77	@ Tag_CPU_arch_profile
	.eabi_attribute	8, 0	@ Tag_ARM_ISA_use
	.eabi_attribute	9, 3	@ Tag_THUMB_ISA_use
	.eabi_attribute	34, 0	@ Tag_CPU_unaligned_access
	.eabi_attribute	17, 1	@ Tag_ABI_PCS_GOT_use
	.eabi_attribute	20, 2	@ Tag_ABI_FP_denormal
	.eabi_attribute	21, 0	@ Tag_ABI_FP_exceptions
	.eabi_attribute	23, 1	@ Tag_ABI_FP_number_model
	.eabi_attribute	24, 1	@ Tag_ABI_align_needed
	.eabi_attribute	25, 1	@ Tag_ABI_align_preserved
	.eabi_attribute	38, 1	@ Tag_ABI_FP_16bit_format
	.eabi_attribute	18, 2	@ Tag_ABI_PCS_wchar_t
	.eabi_attribute	26, 1	@ Tag_ABI_enum_size
	.eabi_attribute	14, 0	@ Tag_ABI_PCS_R9_use
	.file	"gd32c2x1_err_report.c"
	.file	1 "D:\\Keil_v5\\ARM\\ARMCLANG\\Bin\\..\\include" "stdint.h"
	.file	2 "E:\\work\\CX_NFC_RX\\prj" "../std/GD32C2x1_Firmware_Library/CMSIS/GD/GD32C2x1/Source/gd32c2x1_err_report.c"
	.file	3 "E:\\work\\CX_NFC_RX\\prj" "../std/GD32C2x1_Firmware_Library/CMSIS/GD/GD32C2x1/Include\\gd32c2x1_err_report.h"
	.section	.text.fw_debug_report_err,"ax",%progbits
	.hidden	fw_debug_report_err             @ -- Begin function fw_debug_report_err
	.globl	fw_debug_report_err
	.p2align	2
	.type	fw_debug_report_err,%function
	.code	16                              @ @fw_debug_report_err
	.thumb_func
fw_debug_report_err:
.Lfunc_begin0:
	.loc	2 55 0                          @ ../std/GD32C2x1_Firmware_Library/CMSIS/GD/GD32C2x1/Source/gd32c2x1_err_report.c:55:0
	.fnstart
	.cfi_sections .debug_frame
	.cfi_startproc
@ %bb.0:
	.save	{r7, lr}
	push	{r7, lr}
	.cfi_def_cfa_offset 8
	.cfi_offset lr, -4
	.cfi_offset r7, -8
	.pad	#16
	sub	sp, #16
	.cfi_def_cfa_offset 24
                                        @ kill: def $r3 killed $r2
                                        @ kill: def $r3 killed $r1
                                        @ kill: def $r3 killed $r0
	add	r3, sp, #12
	strh	r0, [r3]
	add	r0, sp, #8
	strh	r1, [r0]
	add	r0, sp, #4
	strb	r2, [r0]
.Ltmp0:
	.loc	2 58 8 prologue_end             @ ../std/GD32C2x1_Firmware_Library/CMSIS/GD/GD32C2x1/Source/gd32c2x1_err_report.c:58:8
	ldr	r0, __arm_cp.0_0
	ldrb	r0, [r0]
.Ltmp1:
	.loc	2 58 8 is_stmt 0                @ ../std/GD32C2x1_Firmware_Library/CMSIS/GD/GD32C2x1/Source/gd32c2x1_err_report.c:58:8
	cmp	r0, #1
	bhi	.LBB0_2
	b	.LBB0_1
.LBB0_1:
.Ltmp2:
	.loc	2 59 75 is_stmt 1               @ ../std/GD32C2x1_Firmware_Library/CMSIS/GD/GD32C2x1/Source/gd32c2x1_err_report.c:59:75
	ldr	r2, __arm_cp.0_0
	ldrb	r0, [r2]
	adds	r1, r0, #1
	strb	r1, [r2]
	movs	r1, #6
	.loc	2 59 36 is_stmt 0               @ ../std/GD32C2x1_Firmware_Library/CMSIS/GD/GD32C2x1/Source/gd32c2x1_err_report.c:59:36
	muls	r1, r0, r1
	ldr	r0, __arm_cp.0_1
	adds	r0, r0, r1
	.loc	2 59 33                         @ ../std/GD32C2x1_Firmware_Library/CMSIS/GD/GD32C2x1/Source/gd32c2x1_err_report.c:59:33
	str	r0, [sp]
	.loc	2 60 45 is_stmt 1               @ ../std/GD32C2x1_Firmware_Library/CMSIS/GD/GD32C2x1/Source/gd32c2x1_err_report.c:60:45
	ldr	r0, [sp, #12]
	.loc	2 60 9 is_stmt 0                @ ../std/GD32C2x1_Firmware_Library/CMSIS/GD/GD32C2x1/Source/gd32c2x1_err_report.c:60:9
	ldr	r1, [sp]
	.loc	2 60 43                         @ ../std/GD32C2x1_Firmware_Library/CMSIS/GD/GD32C2x1/Source/gd32c2x1_err_report.c:60:43
	strh	r0, [r1]
	.loc	2 61 42 is_stmt 1               @ ../std/GD32C2x1_Firmware_Library/CMSIS/GD/GD32C2x1/Source/gd32c2x1_err_report.c:61:42
	ldr	r0, [sp, #8]
	.loc	2 61 9 is_stmt 0                @ ../std/GD32C2x1_Firmware_Library/CMSIS/GD/GD32C2x1/Source/gd32c2x1_err_report.c:61:9
	ldr	r1, [sp]
	.loc	2 61 40                         @ ../std/GD32C2x1_Firmware_Library/CMSIS/GD/GD32C2x1/Source/gd32c2x1_err_report.c:61:40
	strh	r0, [r1, #2]
	.loc	2 62 42 is_stmt 1               @ ../std/GD32C2x1_Firmware_Library/CMSIS/GD/GD32C2x1/Source/gd32c2x1_err_report.c:62:42
	ldr	r0, [sp, #4]
	.loc	2 62 9 is_stmt 0                @ ../std/GD32C2x1_Firmware_Library/CMSIS/GD/GD32C2x1/Source/gd32c2x1_err_report.c:62:9
	ldr	r1, [sp]
	.loc	2 62 40                         @ ../std/GD32C2x1_Firmware_Library/CMSIS/GD/GD32C2x1/Source/gd32c2x1_err_report.c:62:40
	strb	r0, [r1, #4]
	.loc	2 63 5 is_stmt 1                @ ../std/GD32C2x1_Firmware_Library/CMSIS/GD/GD32C2x1/Source/gd32c2x1_err_report.c:63:5
	b	.LBB0_3
.Ltmp3:
.LBB0_2:
	.loc	2 0 5 is_stmt 0                 @ ../std/GD32C2x1_Firmware_Library/CMSIS/GD/GD32C2x1/Source/gd32c2x1_err_report.c:0:5
	b	.LBB0_3
.LBB0_3:
	.loc	2 66 5 is_stmt 1                @ ../std/GD32C2x1_Firmware_Library/CMSIS/GD/GD32C2x1/Source/gd32c2x1_err_report.c:66:5
	bl	fw_error_notification
	.loc	2 67 1                          @ ../std/GD32C2x1_Firmware_Library/CMSIS/GD/GD32C2x1/Source/gd32c2x1_err_report.c:67:1
	add	sp, #16
	pop	{r7, pc}
.Ltmp4:
	.p2align	2
@ %bb.4:
	.loc	2 0 1 is_stmt 0                 @ ../std/GD32C2x1_Firmware_Library/CMSIS/GD/GD32C2x1/Source/gd32c2x1_err_report.c:0:1
__arm_cp.0_0:
	.long	err_report_buff_index
.Lcpi_end0:
	.size	__arm_cp.0_0, .Lcpi_end0-__arm_cp.0_0
__arm_cp.0_1:
	.long	err_report_buffer
.Lcpi_end1:
	.size	__arm_cp.0_1, .Lcpi_end1-__arm_cp.0_1
.Lfunc_end0:
	.size	fw_debug_report_err, .Lfunc_end0-fw_debug_report_err
	.cfi_endproc
	.cantunwind
	.fnend
                                        @ -- End function
	.section	.text.fw_error_notification,"ax",%progbits
	.hidden	fw_error_notification           @ -- Begin function fw_error_notification
	.weak	fw_error_notification
	.p2align	1
	.type	fw_error_notification,%function
	.code	16                              @ @fw_error_notification
	.thumb_func
fw_error_notification:
.Lfunc_begin1:
	.loc	2 75 0 is_stmt 1                @ ../std/GD32C2x1_Firmware_Library/CMSIS/GD/GD32C2x1/Source/gd32c2x1_err_report.c:75:0
	.fnstart
	.cfi_startproc
@ %bb.0:
	.loc	2 76 5 prologue_end             @ ../std/GD32C2x1_Firmware_Library/CMSIS/GD/GD32C2x1/Source/gd32c2x1_err_report.c:76:5
	b	.LBB1_1
.LBB1_1:                                @ =>This Inner Loop Header: Depth=1
.Ltmp5:
	.loc	2 76 5 is_stmt 0                @ ../std/GD32C2x1_Firmware_Library/CMSIS/GD/GD32C2x1/Source/gd32c2x1_err_report.c:76:5
	b	.LBB1_2
.LBB1_2:                                @   in Loop: Header=BB1_1 Depth=1
	.loc	2 0 5                           @ ../std/GD32C2x1_Firmware_Library/CMSIS/GD/GD32C2x1/Source/gd32c2x1_err_report.c:0:5
	movs	r0, #1
	.loc	2 76 5                          @ ../std/GD32C2x1_Firmware_Library/CMSIS/GD/GD32C2x1/Source/gd32c2x1_err_report.c:76:5
	cmp	r0, #0
	bne	.LBB1_1
	b	.LBB1_3
.Ltmp6:
.LBB1_3:
	.loc	2 77 1 is_stmt 1                @ ../std/GD32C2x1_Firmware_Library/CMSIS/GD/GD32C2x1/Source/gd32c2x1_err_report.c:77:1
	bx	lr
.Ltmp7:
.Lfunc_end1:
	.size	fw_error_notification, .Lfunc_end1-fw_error_notification
	.cfi_endproc
	.cantunwind
	.fnend
                                        @ -- End function
	.hidden	err_report_buff_index           @ @err_report_buff_index
	.type	err_report_buff_index,%object
	.section	.bss.err_report_buff_index,"aw",%nobits
	.globl	err_report_buff_index
err_report_buff_index:
	.byte	0                               @ 0x0
	.size	err_report_buff_index, 1

	.hidden	err_report_buffer               @ @err_report_buffer
	.type	err_report_buffer,%object
	.section	.bss.err_report_buffer,"aw",%nobits
	.globl	err_report_buffer
	.p2align	1
err_report_buffer:
	.zero	12
	.size	err_report_buffer, 12

	.section	.debug_abbrev,"",%progbits
	.byte	1                               @ Abbreviation Code
	.byte	17                              @ DW_TAG_compile_unit
	.byte	1                               @ DW_CHILDREN_yes
	.byte	37                              @ DW_AT_producer
	.byte	14                              @ DW_FORM_strp
	.byte	19                              @ DW_AT_language
	.byte	5                               @ DW_FORM_data2
	.byte	3                               @ DW_AT_name
	.byte	14                              @ DW_FORM_strp
	.byte	16                              @ DW_AT_stmt_list
	.byte	23                              @ DW_FORM_sec_offset
	.byte	27                              @ DW_AT_comp_dir
	.byte	14                              @ DW_FORM_strp
	.byte	17                              @ DW_AT_low_pc
	.byte	1                               @ DW_FORM_addr
	.byte	85                              @ DW_AT_ranges
	.byte	23                              @ DW_FORM_sec_offset
	.byte	0                               @ EOM(1)
	.byte	0                               @ EOM(2)
	.byte	2                               @ Abbreviation Code
	.byte	52                              @ DW_TAG_variable
	.byte	0                               @ DW_CHILDREN_no
	.byte	3                               @ DW_AT_name
	.byte	14                              @ DW_FORM_strp
	.byte	73                              @ DW_AT_type
	.byte	19                              @ DW_FORM_ref4
	.byte	63                              @ DW_AT_external
	.byte	25                              @ DW_FORM_flag_present
	.byte	58                              @ DW_AT_decl_file
	.byte	11                              @ DW_FORM_data1
	.byte	59                              @ DW_AT_decl_line
	.byte	11                              @ DW_FORM_data1
	.byte	2                               @ DW_AT_location
	.byte	24                              @ DW_FORM_exprloc
	.byte	0                               @ EOM(1)
	.byte	0                               @ EOM(2)
	.byte	3                               @ Abbreviation Code
	.byte	22                              @ DW_TAG_typedef
	.byte	0                               @ DW_CHILDREN_no
	.byte	73                              @ DW_AT_type
	.byte	19                              @ DW_FORM_ref4
	.byte	3                               @ DW_AT_name
	.byte	14                              @ DW_FORM_strp
	.byte	58                              @ DW_AT_decl_file
	.byte	11                              @ DW_FORM_data1
	.byte	59                              @ DW_AT_decl_line
	.byte	11                              @ DW_FORM_data1
	.byte	0                               @ EOM(1)
	.byte	0                               @ EOM(2)
	.byte	4                               @ Abbreviation Code
	.byte	36                              @ DW_TAG_base_type
	.byte	0                               @ DW_CHILDREN_no
	.byte	3                               @ DW_AT_name
	.byte	14                              @ DW_FORM_strp
	.byte	62                              @ DW_AT_encoding
	.byte	11                              @ DW_FORM_data1
	.byte	11                              @ DW_AT_byte_size
	.byte	11                              @ DW_FORM_data1
	.byte	0                               @ EOM(1)
	.byte	0                               @ EOM(2)
	.byte	5                               @ Abbreviation Code
	.byte	1                               @ DW_TAG_array_type
	.byte	1                               @ DW_CHILDREN_yes
	.byte	73                              @ DW_AT_type
	.byte	19                              @ DW_FORM_ref4
	.byte	0                               @ EOM(1)
	.byte	0                               @ EOM(2)
	.byte	6                               @ Abbreviation Code
	.byte	33                              @ DW_TAG_subrange_type
	.byte	0                               @ DW_CHILDREN_no
	.byte	73                              @ DW_AT_type
	.byte	19                              @ DW_FORM_ref4
	.byte	55                              @ DW_AT_count
	.byte	11                              @ DW_FORM_data1
	.byte	0                               @ EOM(1)
	.byte	0                               @ EOM(2)
	.byte	7                               @ Abbreviation Code
	.byte	19                              @ DW_TAG_structure_type
	.byte	1                               @ DW_CHILDREN_yes
	.byte	11                              @ DW_AT_byte_size
	.byte	11                              @ DW_FORM_data1
	.byte	58                              @ DW_AT_decl_file
	.byte	11                              @ DW_FORM_data1
	.byte	59                              @ DW_AT_decl_line
	.byte	11                              @ DW_FORM_data1
	.byte	0                               @ EOM(1)
	.byte	0                               @ EOM(2)
	.byte	8                               @ Abbreviation Code
	.byte	13                              @ DW_TAG_member
	.byte	0                               @ DW_CHILDREN_no
	.byte	3                               @ DW_AT_name
	.byte	14                              @ DW_FORM_strp
	.byte	73                              @ DW_AT_type
	.byte	19                              @ DW_FORM_ref4
	.byte	58                              @ DW_AT_decl_file
	.byte	11                              @ DW_FORM_data1
	.byte	59                              @ DW_AT_decl_line
	.byte	11                              @ DW_FORM_data1
	.byte	56                              @ DW_AT_data_member_location
	.byte	11                              @ DW_FORM_data1
	.byte	0                               @ EOM(1)
	.byte	0                               @ EOM(2)
	.byte	9                               @ Abbreviation Code
	.byte	36                              @ DW_TAG_base_type
	.byte	0                               @ DW_CHILDREN_no
	.byte	3                               @ DW_AT_name
	.byte	14                              @ DW_FORM_strp
	.byte	11                              @ DW_AT_byte_size
	.byte	11                              @ DW_FORM_data1
	.byte	62                              @ DW_AT_encoding
	.byte	11                              @ DW_FORM_data1
	.byte	0                               @ EOM(1)
	.byte	0                               @ EOM(2)
	.byte	10                              @ Abbreviation Code
	.byte	46                              @ DW_TAG_subprogram
	.byte	1                               @ DW_CHILDREN_yes
	.byte	17                              @ DW_AT_low_pc
	.byte	1                               @ DW_FORM_addr
	.byte	18                              @ DW_AT_high_pc
	.byte	6                               @ DW_FORM_data4
	.byte	64                              @ DW_AT_frame_base
	.byte	24                              @ DW_FORM_exprloc
	.byte	3                               @ DW_AT_name
	.byte	14                              @ DW_FORM_strp
	.byte	58                              @ DW_AT_decl_file
	.byte	11                              @ DW_FORM_data1
	.byte	59                              @ DW_AT_decl_line
	.byte	11                              @ DW_FORM_data1
	.byte	39                              @ DW_AT_prototyped
	.byte	25                              @ DW_FORM_flag_present
	.byte	63                              @ DW_AT_external
	.byte	25                              @ DW_FORM_flag_present
	.byte	0                               @ EOM(1)
	.byte	0                               @ EOM(2)
	.byte	11                              @ Abbreviation Code
	.byte	5                               @ DW_TAG_formal_parameter
	.byte	0                               @ DW_CHILDREN_no
	.byte	2                               @ DW_AT_location
	.byte	24                              @ DW_FORM_exprloc
	.byte	3                               @ DW_AT_name
	.byte	14                              @ DW_FORM_strp
	.byte	58                              @ DW_AT_decl_file
	.byte	11                              @ DW_FORM_data1
	.byte	59                              @ DW_AT_decl_line
	.byte	11                              @ DW_FORM_data1
	.byte	73                              @ DW_AT_type
	.byte	19                              @ DW_FORM_ref4
	.byte	0                               @ EOM(1)
	.byte	0                               @ EOM(2)
	.byte	12                              @ Abbreviation Code
	.byte	52                              @ DW_TAG_variable
	.byte	0                               @ DW_CHILDREN_no
	.byte	2                               @ DW_AT_location
	.byte	24                              @ DW_FORM_exprloc
	.byte	3                               @ DW_AT_name
	.byte	14                              @ DW_FORM_strp
	.byte	58                              @ DW_AT_decl_file
	.byte	11                              @ DW_FORM_data1
	.byte	59                              @ DW_AT_decl_line
	.byte	11                              @ DW_FORM_data1
	.byte	73                              @ DW_AT_type
	.byte	19                              @ DW_FORM_ref4
	.byte	0                               @ EOM(1)
	.byte	0                               @ EOM(2)
	.byte	13                              @ Abbreviation Code
	.byte	46                              @ DW_TAG_subprogram
	.byte	0                               @ DW_CHILDREN_no
	.byte	17                              @ DW_AT_low_pc
	.byte	1                               @ DW_FORM_addr
	.byte	18                              @ DW_AT_high_pc
	.byte	6                               @ DW_FORM_data4
	.byte	64                              @ DW_AT_frame_base
	.byte	24                              @ DW_FORM_exprloc
	.byte	3                               @ DW_AT_name
	.byte	14                              @ DW_FORM_strp
	.byte	58                              @ DW_AT_decl_file
	.byte	11                              @ DW_FORM_data1
	.byte	59                              @ DW_AT_decl_line
	.byte	11                              @ DW_FORM_data1
	.byte	39                              @ DW_AT_prototyped
	.byte	25                              @ DW_FORM_flag_present
	.byte	63                              @ DW_AT_external
	.byte	25                              @ DW_FORM_flag_present
	.byte	0                               @ EOM(1)
	.byte	0                               @ EOM(2)
	.byte	14                              @ Abbreviation Code
	.byte	15                              @ DW_TAG_pointer_type
	.byte	0                               @ DW_CHILDREN_no
	.byte	73                              @ DW_AT_type
	.byte	19                              @ DW_FORM_ref4
	.byte	0                               @ EOM(1)
	.byte	0                               @ EOM(2)
	.byte	0                               @ EOM(3)
	.section	.debug_info,"",%progbits
.Lcu_begin0:
	.long	.Ldebug_info_end0-.Ldebug_info_start0 @ Length of Unit
.Ldebug_info_start0:
	.short	4                               @ DWARF version number
	.long	.debug_abbrev                   @ Offset Into Abbrev. Section
	.byte	4                               @ Address Size (in bytes)
	.byte	1                               @ Abbrev [1] 0xb:0x109 DW_TAG_compile_unit
	.long	.Linfo_string0                  @ DW_AT_producer
	.short	12                              @ DW_AT_language
	.long	.Linfo_string1                  @ DW_AT_name
	.long	.Lline_table_start0             @ DW_AT_stmt_list
	.long	.Linfo_string2                  @ DW_AT_comp_dir
	.long	0                               @ DW_AT_low_pc
	.long	.Ldebug_ranges0                 @ DW_AT_ranges
	.byte	2                               @ Abbrev [2] 0x26:0x11 DW_TAG_variable
	.long	.Linfo_string3                  @ DW_AT_name
	.long	55                              @ DW_AT_type
                                        @ DW_AT_external
	.byte	2                               @ DW_AT_decl_file
	.byte	44                              @ DW_AT_decl_line
	.byte	5                               @ DW_AT_location
	.byte	3
	.long	err_report_buff_index
	.byte	3                               @ Abbrev [3] 0x37:0xb DW_TAG_typedef
	.long	66                              @ DW_AT_type
	.long	.Linfo_string5                  @ DW_AT_name
	.byte	1                               @ DW_AT_decl_file
	.byte	62                              @ DW_AT_decl_line
	.byte	4                               @ Abbrev [4] 0x42:0x7 DW_TAG_base_type
	.long	.Linfo_string4                  @ DW_AT_name
	.byte	8                               @ DW_AT_encoding
	.byte	1                               @ DW_AT_byte_size
	.byte	2                               @ Abbrev [2] 0x49:0x11 DW_TAG_variable
	.long	.Linfo_string6                  @ DW_AT_name
	.long	90                              @ DW_AT_type
                                        @ DW_AT_external
	.byte	2                               @ DW_AT_decl_file
	.byte	42                              @ DW_AT_decl_line
	.byte	5                               @ DW_AT_location
	.byte	3
	.long	err_report_buffer
	.byte	5                               @ Abbrev [5] 0x5a:0xc DW_TAG_array_type
	.long	102                             @ DW_AT_type
	.byte	6                               @ Abbrev [6] 0x5f:0x6 DW_TAG_subrange_type
	.long	172                             @ DW_AT_type
	.byte	2                               @ DW_AT_count
	.byte	0                               @ End Of Children Mark
	.byte	3                               @ Abbrev [3] 0x66:0xb DW_TAG_typedef
	.long	113                             @ DW_AT_type
	.long	.Linfo_string12                 @ DW_AT_name
	.byte	3                               @ DW_AT_decl_file
	.byte	84                              @ DW_AT_decl_line
	.byte	7                               @ Abbrev [7] 0x71:0x29 DW_TAG_structure_type
	.byte	6                               @ DW_AT_byte_size
	.byte	3                               @ DW_AT_decl_file
	.byte	77                              @ DW_AT_decl_line
	.byte	8                               @ Abbrev [8] 0x75:0xc DW_TAG_member
	.long	.Linfo_string7                  @ DW_AT_name
	.long	154                             @ DW_AT_type
	.byte	3                               @ DW_AT_decl_file
	.byte	79                              @ DW_AT_decl_line
	.byte	0                               @ DW_AT_data_member_location
	.byte	8                               @ Abbrev [8] 0x81:0xc DW_TAG_member
	.long	.Linfo_string10                 @ DW_AT_name
	.long	154                             @ DW_AT_type
	.byte	3                               @ DW_AT_decl_file
	.byte	81                              @ DW_AT_decl_line
	.byte	2                               @ DW_AT_data_member_location
	.byte	8                               @ Abbrev [8] 0x8d:0xc DW_TAG_member
	.long	.Linfo_string11                 @ DW_AT_name
	.long	55                              @ DW_AT_type
	.byte	3                               @ DW_AT_decl_file
	.byte	83                              @ DW_AT_decl_line
	.byte	4                               @ DW_AT_data_member_location
	.byte	0                               @ End Of Children Mark
	.byte	3                               @ Abbrev [3] 0x9a:0xb DW_TAG_typedef
	.long	165                             @ DW_AT_type
	.long	.Linfo_string9                  @ DW_AT_name
	.byte	1                               @ DW_AT_decl_file
	.byte	63                              @ DW_AT_decl_line
	.byte	4                               @ Abbrev [4] 0xa5:0x7 DW_TAG_base_type
	.long	.Linfo_string8                  @ DW_AT_name
	.byte	7                               @ DW_AT_encoding
	.byte	2                               @ DW_AT_byte_size
	.byte	9                               @ Abbrev [9] 0xac:0x7 DW_TAG_base_type
	.long	.Linfo_string13                 @ DW_AT_name
	.byte	8                               @ DW_AT_byte_size
	.byte	7                               @ DW_AT_encoding
	.byte	10                              @ Abbrev [10] 0xb3:0x4a DW_TAG_subprogram
	.long	.Lfunc_begin0                   @ DW_AT_low_pc
	.long	.Lfunc_end0-.Lfunc_begin0       @ DW_AT_high_pc
	.byte	1                               @ DW_AT_frame_base
	.byte	93
	.long	.Linfo_string14                 @ DW_AT_name
	.byte	2                               @ DW_AT_decl_file
	.byte	54                              @ DW_AT_decl_line
                                        @ DW_AT_prototyped
                                        @ DW_AT_external
	.byte	11                              @ Abbrev [11] 0xc4:0xe DW_TAG_formal_parameter
	.byte	2                               @ DW_AT_location
	.byte	145
	.byte	12
	.long	.Linfo_string7                  @ DW_AT_name
	.byte	2                               @ DW_AT_decl_file
	.byte	54                              @ DW_AT_decl_line
	.long	154                             @ DW_AT_type
	.byte	11                              @ Abbrev [11] 0xd2:0xe DW_TAG_formal_parameter
	.byte	2                               @ DW_AT_location
	.byte	145
	.byte	8
	.long	.Linfo_string10                 @ DW_AT_name
	.byte	2                               @ DW_AT_decl_file
	.byte	54                              @ DW_AT_decl_line
	.long	154                             @ DW_AT_type
	.byte	11                              @ Abbrev [11] 0xe0:0xe DW_TAG_formal_parameter
	.byte	2                               @ DW_AT_location
	.byte	145
	.byte	4
	.long	.Linfo_string11                 @ DW_AT_name
	.byte	2                               @ DW_AT_decl_file
	.byte	54                              @ DW_AT_decl_line
	.long	55                              @ DW_AT_type
	.byte	12                              @ Abbrev [12] 0xee:0xe DW_TAG_variable
	.byte	2                               @ DW_AT_location
	.byte	145
	.byte	0
	.long	.Linfo_string16                 @ DW_AT_name
	.byte	2                               @ DW_AT_decl_file
	.byte	56                              @ DW_AT_decl_line
	.long	270                             @ DW_AT_type
	.byte	0                               @ End Of Children Mark
	.byte	13                              @ Abbrev [13] 0xfd:0x11 DW_TAG_subprogram
	.long	.Lfunc_begin1                   @ DW_AT_low_pc
	.long	.Lfunc_end1-.Lfunc_begin1       @ DW_AT_high_pc
	.byte	1                               @ DW_AT_frame_base
	.byte	93
	.long	.Linfo_string15                 @ DW_AT_name
	.byte	2                               @ DW_AT_decl_file
	.byte	75                              @ DW_AT_decl_line
                                        @ DW_AT_prototyped
                                        @ DW_AT_external
	.byte	14                              @ Abbrev [14] 0x10e:0x5 DW_TAG_pointer_type
	.long	102                             @ DW_AT_type
	.byte	0                               @ End Of Children Mark
.Ldebug_info_end0:
	.section	.debug_ranges,"",%progbits
.Ldebug_ranges0:
	.long	.Lfunc_begin0
	.long	.Lfunc_end0
	.long	.Lfunc_begin1
	.long	.Lfunc_end1
	.long	0
	.long	0
	.section	.debug_str,"MS",%progbits,1
.Linfo_string0:
	.asciz	"Component: ARM Compiler 6.16 Tool: armclang [5dfeb700]" @ string offset=0
.Linfo_string1:
	.asciz	"../std/GD32C2x1_Firmware_Library/CMSIS/GD/GD32C2x1/Source\\gd32c2x1_err_report.c" @ string offset=55
.Linfo_string2:
	.asciz	"E:\\work\\CX_NFC_RX\\prj"      @ string offset=135
.Linfo_string3:
	.asciz	"err_report_buff_index"         @ string offset=157
.Linfo_string4:
	.asciz	"unsigned char"                 @ string offset=179
.Linfo_string5:
	.asciz	"uint8_t"                       @ string offset=193
.Linfo_string6:
	.asciz	"err_report_buffer"             @ string offset=201
.Linfo_string7:
	.asciz	"moduleid"                      @ string offset=219
.Linfo_string8:
	.asciz	"unsigned short"                @ string offset=228
.Linfo_string9:
	.asciz	"uint16_t"                      @ string offset=243
.Linfo_string10:
	.asciz	"apiid"                         @ string offset=252
.Linfo_string11:
	.asciz	"errid"                         @ string offset=258
.Linfo_string12:
	.asciz	"err_report_struct"             @ string offset=264
.Linfo_string13:
	.asciz	"__ARRAY_SIZE_TYPE__"           @ string offset=282
.Linfo_string14:
	.asciz	"fw_debug_report_err"           @ string offset=302
.Linfo_string15:
	.asciz	"fw_error_notification"         @ string offset=322
.Linfo_string16:
	.asciz	"debug_report_err_buffer"       @ string offset=344
	.ident	"Component: ARM Compiler 6.16 Tool: armclang [5dfeb700]"
	.section	".note.GNU-stack","",%progbits
	.eabi_attribute	30, 6	@ Tag_ABI_optimization_goals
	.ARM_attribute	16, 1	@ Tag_AV_eba
	.section	.debug_line,"",%progbits
.Lline_table_start0:
