	.text
	.syntax unified
	.eabi_attribute	67, "2.09"	@ Tag_conformance
	.cpu	cortex-m23
	.eabi_attribute	6, 16	@ Tag_CPU_arch
	.eabi_attribute	7, 77	@ Tag_CPU_arch_profile
	.eabi_attribute	8, 0	@ Tag_ARM_ISA_use
	.eabi_attribute	9, 3	@ Tag_THUMB_ISA_use
	.eabi_attribute	34, 0	@ Tag_CPU_unaligned_access
	.eabi_attribute	17, 1	@ Tag_ABI_PCS_GOT_use
	.eabi_attribute	20, 2	@ Tag_ABI_FP_denormal
	.eabi_attribute	21, 0	@ Tag_ABI_FP_exceptions
	.eabi_attribute	23, 1	@ Tag_ABI_FP_number_model
	.eabi_attribute	24, 1	@ Tag_ABI_align_needed
	.eabi_attribute	25, 1	@ Tag_ABI_align_preserved
	.eabi_attribute	38, 1	@ Tag_ABI_FP_16bit_format
	.eabi_attribute	18, 2	@ Tag_ABI_PCS_wchar_t
	.eabi_attribute	26, 1	@ Tag_ABI_enum_size
	.eabi_attribute	14, 0	@ Tag_ABI_PCS_R9_use
	.file	"gd32c2x1_wwdgt.c"
	.file	1 "E:\\work\\CX_NFC_RX\\prj" "../std/GD32C2x1_Firmware_Library/GD32C2x1_standard_peripheral/Include\\gd32c2x1_rcu.h"
	.file	2 "E:\\work\\CX_NFC_RX\\prj" "../std/GD32C2x1_Firmware_Library/CMSIS/GD/GD32C2x1/Include/gd32c2x1.h"
	.file	3 "D:\\Keil_v5\\ARM\\ARMCLANG\\Bin\\..\\include" "stdint.h"
	.section	.text.wwdgt_deinit,"ax",%progbits
	.hidden	wwdgt_deinit                    @ -- Begin function wwdgt_deinit
	.globl	wwdgt_deinit
	.p2align	2
	.type	wwdgt_deinit,%function
	.code	16                              @ @wwdgt_deinit
	.thumb_func
wwdgt_deinit:
.Lfunc_begin0:
	.file	4 "E:\\work\\CX_NFC_RX\\prj" "../std/GD32C2x1_Firmware_Library/GD32C2x1_standard_peripheral/Source/gd32c2x1_wwdgt.c"
	.loc	4 46 0                          @ ../std/GD32C2x1_Firmware_Library/GD32C2x1_standard_peripheral/Source/gd32c2x1_wwdgt.c:46:0
	.fnstart
	.cfi_sections .debug_frame
	.cfi_startproc
@ %bb.0:
	.save	{r7, lr}
	push	{r7, lr}
	.cfi_def_cfa_offset 8
	.cfi_offset lr, -4
	.cfi_offset r7, -8
	.pad	#8
	sub	sp, #8
	.cfi_def_cfa_offset 16
	ldr	r0, __arm_cp.0_0
.Ltmp0:
	.loc	4 47 5 prologue_end             @ ../std/GD32C2x1_Firmware_Library/GD32C2x1_standard_peripheral/Source/gd32c2x1_wwdgt.c:47:5
	str	r0, [sp, #4]                    @ 4-byte Spill
	bl	rcu_periph_reset_enable
	ldr	r0, [sp, #4]                    @ 4-byte Reload
	.loc	4 48 5                          @ ../std/GD32C2x1_Firmware_Library/GD32C2x1_standard_peripheral/Source/gd32c2x1_wwdgt.c:48:5
	bl	rcu_periph_reset_disable
	.loc	4 49 1                          @ ../std/GD32C2x1_Firmware_Library/GD32C2x1_standard_peripheral/Source/gd32c2x1_wwdgt.c:49:1
	add	sp, #8
	pop	{r7, pc}
.Ltmp1:
	.p2align	2
@ %bb.1:
	.loc	4 0 1 is_stmt 0                 @ ../std/GD32C2x1_Firmware_Library/GD32C2x1_standard_peripheral/Source/gd32c2x1_wwdgt.c:0:1
__arm_cp.0_0:
	.long	2312                            @ 0x908
.Lcpi_end0:
	.size	__arm_cp.0_0, .Lcpi_end0-__arm_cp.0_0
.Lfunc_end0:
	.size	wwdgt_deinit, .Lfunc_end0-wwdgt_deinit
	.cfi_endproc
	.cantunwind
	.fnend
                                        @ -- End function
	.section	.text.wwdgt_enable,"ax",%progbits
	.hidden	wwdgt_enable                    @ -- Begin function wwdgt_enable
	.globl	wwdgt_enable
	.p2align	2
	.type	wwdgt_enable,%function
	.code	16                              @ @wwdgt_enable
	.thumb_func
wwdgt_enable:
.Lfunc_begin1:
	.loc	4 58 0 is_stmt 1                @ ../std/GD32C2x1_Firmware_Library/GD32C2x1_standard_peripheral/Source/gd32c2x1_wwdgt.c:58:0
	.fnstart
	.cfi_startproc
@ %bb.0:
	ldr	r1, __arm_cp.1_0
.Ltmp2:
	.loc	4 59 15 prologue_end            @ ../std/GD32C2x1_Firmware_Library/GD32C2x1_standard_peripheral/Source/gd32c2x1_wwdgt.c:59:15
	ldr	r0, [r1]
	movs	r2, #128
	orrs	r0, r2
	str	r0, [r1]
	.loc	4 60 1                          @ ../std/GD32C2x1_Firmware_Library/GD32C2x1_standard_peripheral/Source/gd32c2x1_wwdgt.c:60:1
	bx	lr
.Ltmp3:
	.p2align	2
@ %bb.1:
	.loc	4 0 1 is_stmt 0                 @ ../std/GD32C2x1_Firmware_Library/GD32C2x1_standard_peripheral/Source/gd32c2x1_wwdgt.c:0:1
__arm_cp.1_0:
	.long	1073753088                      @ 0x40002c00
.Lcpi_end1:
	.size	__arm_cp.1_0, .Lcpi_end1-__arm_cp.1_0
.Lfunc_end1:
	.size	wwdgt_enable, .Lfunc_end1-wwdgt_enable
	.cfi_endproc
	.cantunwind
	.fnend
                                        @ -- End function
	.section	.text.wwdgt_prescaler_value_config,"ax",%progbits
	.hidden	wwdgt_prescaler_value_config    @ -- Begin function wwdgt_prescaler_value_config
	.globl	wwdgt_prescaler_value_config
	.p2align	2
	.type	wwdgt_prescaler_value_config,%function
	.code	16                              @ @wwdgt_prescaler_value_config
	.thumb_func
wwdgt_prescaler_value_config:
.Lfunc_begin2:
	.loc	4 84 0 is_stmt 1                @ ../std/GD32C2x1_Firmware_Library/GD32C2x1_standard_peripheral/Source/gd32c2x1_wwdgt.c:84:0
	.fnstart
	.cfi_startproc
@ %bb.0:
	.pad	#8
	sub	sp, #8
	.cfi_def_cfa_offset 8
	str	r0, [sp, #4]
	ldr	r1, __arm_cp.2_0
.Ltmp4:
	.loc	4 88 15 prologue_end            @ ../std/GD32C2x1_Firmware_Library/GD32C2x1_standard_peripheral/Source/gd32c2x1_wwdgt.c:88:15
	ldr	r0, [r1]
	ldr	r2, __arm_cp.2_1
	.loc	4 88 25 is_stmt 0               @ ../std/GD32C2x1_Firmware_Library/GD32C2x1_standard_peripheral/Source/gd32c2x1_wwdgt.c:88:25
	ands	r0, r2
	.loc	4 88 13                         @ ../std/GD32C2x1_Firmware_Library/GD32C2x1_standard_peripheral/Source/gd32c2x1_wwdgt.c:88:13
	str	r0, [sp]
	.loc	4 90 27 is_stmt 1               @ ../std/GD32C2x1_Firmware_Library/GD32C2x1_standard_peripheral/Source/gd32c2x1_wwdgt.c:90:27
	ldr	r2, [sp, #4]
	ldr	r0, __arm_cp.2_2
	.loc	4 90 37 is_stmt 0               @ ../std/GD32C2x1_Firmware_Library/GD32C2x1_standard_peripheral/Source/gd32c2x1_wwdgt.c:90:37
	ands	r2, r0
	.loc	4 90 13                         @ ../std/GD32C2x1_Firmware_Library/GD32C2x1_standard_peripheral/Source/gd32c2x1_wwdgt.c:90:13
	ldr	r0, [sp]
	orrs	r0, r2
	str	r0, [sp]
	.loc	4 91 27 is_stmt 1               @ ../std/GD32C2x1_Firmware_Library/GD32C2x1_standard_peripheral/Source/gd32c2x1_wwdgt.c:91:27
	ldr	r0, [sp]
	.loc	4 91 15 is_stmt 0               @ ../std/GD32C2x1_Firmware_Library/GD32C2x1_standard_peripheral/Source/gd32c2x1_wwdgt.c:91:15
	str	r0, [r1]
	.loc	4 92 1 is_stmt 1                @ ../std/GD32C2x1_Firmware_Library/GD32C2x1_standard_peripheral/Source/gd32c2x1_wwdgt.c:92:1
	add	sp, #8
	bx	lr
.Ltmp5:
	.p2align	2
@ %bb.1:
	.loc	4 0 1 is_stmt 0                 @ ../std/GD32C2x1_Firmware_Library/GD32C2x1_standard_peripheral/Source/gd32c2x1_wwdgt.c:0:1
__arm_cp.2_0:
	.long	1073753092                      @ 0x40002c04
.Lcpi_end2:
	.size	__arm_cp.2_0, .Lcpi_end2-__arm_cp.2_0
__arm_cp.2_1:
	.long	4294770303                      @ 0xfffcfe7f
.Lcpi_end3:
	.size	__arm_cp.2_1, .Lcpi_end3-__arm_cp.2_1
__arm_cp.2_2:
	.long	196992                          @ 0x30180
.Lcpi_end4:
	.size	__arm_cp.2_2, .Lcpi_end4-__arm_cp.2_2
.Lfunc_end2:
	.size	wwdgt_prescaler_value_config, .Lfunc_end2-wwdgt_prescaler_value_config
	.cfi_endproc
	.cantunwind
	.fnend
                                        @ -- End function
	.section	.text.wwdgt_window_value_config,"ax",%progbits
	.hidden	wwdgt_window_value_config       @ -- Begin function wwdgt_window_value_config
	.globl	wwdgt_window_value_config
	.p2align	2
	.type	wwdgt_window_value_config,%function
	.code	16                              @ @wwdgt_window_value_config
	.thumb_func
wwdgt_window_value_config:
.Lfunc_begin3:
	.loc	4 101 0 is_stmt 1               @ ../std/GD32C2x1_Firmware_Library/GD32C2x1_standard_peripheral/Source/gd32c2x1_wwdgt.c:101:0
	.fnstart
	.cfi_startproc
@ %bb.0:
	.pad	#8
	sub	sp, #8
	.cfi_def_cfa_offset 8
                                        @ kill: def $r1 killed $r0
	add	r2, sp, #4
	strh	r0, [r2]
	ldr	r1, __arm_cp.3_0
.Ltmp6:
	.loc	4 105 15 prologue_end           @ ../std/GD32C2x1_Firmware_Library/GD32C2x1_standard_peripheral/Source/gd32c2x1_wwdgt.c:105:15
	ldr	r3, [r1]
	movs	r0, #127
	.loc	4 105 25 is_stmt 0              @ ../std/GD32C2x1_Firmware_Library/GD32C2x1_standard_peripheral/Source/gd32c2x1_wwdgt.c:105:25
	bics	r3, r0
	.loc	4 105 13                        @ ../std/GD32C2x1_Firmware_Library/GD32C2x1_standard_peripheral/Source/gd32c2x1_wwdgt.c:105:13
	str	r3, [sp]
	.loc	4 107 27 is_stmt 1              @ ../std/GD32C2x1_Firmware_Library/GD32C2x1_standard_peripheral/Source/gd32c2x1_wwdgt.c:107:27
	ldrh	r2, [r2]
	.loc	4 107 34 is_stmt 0              @ ../std/GD32C2x1_Firmware_Library/GD32C2x1_standard_peripheral/Source/gd32c2x1_wwdgt.c:107:34
	ands	r2, r0
	.loc	4 107 13                        @ ../std/GD32C2x1_Firmware_Library/GD32C2x1_standard_peripheral/Source/gd32c2x1_wwdgt.c:107:13
	ldr	r0, [sp]
	orrs	r0, r2
	str	r0, [sp]
	.loc	4 108 27 is_stmt 1              @ ../std/GD32C2x1_Firmware_Library/GD32C2x1_standard_peripheral/Source/gd32c2x1_wwdgt.c:108:27
	ldr	r0, [sp]
	.loc	4 108 15 is_stmt 0              @ ../std/GD32C2x1_Firmware_Library/GD32C2x1_standard_peripheral/Source/gd32c2x1_wwdgt.c:108:15
	str	r0, [r1]
	.loc	4 109 1 is_stmt 1               @ ../std/GD32C2x1_Firmware_Library/GD32C2x1_standard_peripheral/Source/gd32c2x1_wwdgt.c:109:1
	add	sp, #8
	bx	lr
.Ltmp7:
	.p2align	2
@ %bb.1:
	.loc	4 0 1 is_stmt 0                 @ ../std/GD32C2x1_Firmware_Library/GD32C2x1_standard_peripheral/Source/gd32c2x1_wwdgt.c:0:1
__arm_cp.3_0:
	.long	1073753092                      @ 0x40002c04
.Lcpi_end5:
	.size	__arm_cp.3_0, .Lcpi_end5-__arm_cp.3_0
.Lfunc_end3:
	.size	wwdgt_window_value_config, .Lfunc_end3-wwdgt_window_value_config
	.cfi_endproc
	.cantunwind
	.fnend
                                        @ -- End function
	.section	.text.wwdgt_counter_update,"ax",%progbits
	.hidden	wwdgt_counter_update            @ -- Begin function wwdgt_counter_update
	.globl	wwdgt_counter_update
	.p2align	2
	.type	wwdgt_counter_update,%function
	.code	16                              @ @wwdgt_counter_update
	.thumb_func
wwdgt_counter_update:
.Lfunc_begin4:
	.loc	4 118 0 is_stmt 1               @ ../std/GD32C2x1_Firmware_Library/GD32C2x1_standard_peripheral/Source/gd32c2x1_wwdgt.c:118:0
	.fnstart
	.cfi_startproc
@ %bb.0:
	.pad	#4
	sub	sp, #4
	.cfi_def_cfa_offset 4
	mov	r1, r0
                                        @ kill: def $r0 killed $r1
	mov	r0, sp
	strh	r1, [r0]
.Ltmp8:
	.loc	4 119 28 prologue_end           @ ../std/GD32C2x1_Firmware_Library/GD32C2x1_standard_peripheral/Source/gd32c2x1_wwdgt.c:119:28
	ldrh	r0, [r0]
	movs	r1, #127
	ands	r0, r1
	ldr	r1, __arm_cp.4_0
	.loc	4 119 15 is_stmt 0              @ ../std/GD32C2x1_Firmware_Library/GD32C2x1_standard_peripheral/Source/gd32c2x1_wwdgt.c:119:15
	str	r0, [r1]
	.loc	4 120 1 is_stmt 1               @ ../std/GD32C2x1_Firmware_Library/GD32C2x1_standard_peripheral/Source/gd32c2x1_wwdgt.c:120:1
	add	sp, #4
	bx	lr
.Ltmp9:
	.p2align	2
@ %bb.1:
	.loc	4 0 1 is_stmt 0                 @ ../std/GD32C2x1_Firmware_Library/GD32C2x1_standard_peripheral/Source/gd32c2x1_wwdgt.c:0:1
__arm_cp.4_0:
	.long	1073753088                      @ 0x40002c00
.Lcpi_end6:
	.size	__arm_cp.4_0, .Lcpi_end6-__arm_cp.4_0
.Lfunc_end4:
	.size	wwdgt_counter_update, .Lfunc_end4-wwdgt_counter_update
	.cfi_endproc
	.cantunwind
	.fnend
                                        @ -- End function
	.section	.text.wwdgt_config,"ax",%progbits
	.hidden	wwdgt_config                    @ -- Begin function wwdgt_config
	.globl	wwdgt_config
	.p2align	2
	.type	wwdgt_config,%function
	.code	16                              @ @wwdgt_config
	.thumb_func
wwdgt_config:
.Lfunc_begin5:
	.loc	4 146 0 is_stmt 1               @ ../std/GD32C2x1_Firmware_Library/GD32C2x1_standard_peripheral/Source/gd32c2x1_wwdgt.c:146:0
	.fnstart
	.cfi_startproc
@ %bb.0:
	.pad	#12
	sub	sp, #12
	.cfi_def_cfa_offset 12
	mov	r3, r1
                                        @ kill: def $r1 killed $r3
                                        @ kill: def $r1 killed $r0
	add	r1, sp, #8
	strh	r0, [r1]
	add	r0, sp, #4
	strh	r3, [r0]
	str	r2, [sp]
.Ltmp10:
	.loc	4 147 28 prologue_end           @ ../std/GD32C2x1_Firmware_Library/GD32C2x1_standard_peripheral/Source/gd32c2x1_wwdgt.c:147:28
	ldrh	r2, [r1]
	movs	r1, #127
	ands	r2, r1
	ldr	r3, __arm_cp.5_0
	.loc	4 147 15 is_stmt 0              @ ../std/GD32C2x1_Firmware_Library/GD32C2x1_standard_peripheral/Source/gd32c2x1_wwdgt.c:147:15
	str	r2, [r3]
	.loc	4 148 28 is_stmt 1              @ ../std/GD32C2x1_Firmware_Library/GD32C2x1_standard_peripheral/Source/gd32c2x1_wwdgt.c:148:28
	ldrh	r0, [r0]
	ands	r0, r1
	.loc	4 148 47 is_stmt 0              @ ../std/GD32C2x1_Firmware_Library/GD32C2x1_standard_peripheral/Source/gd32c2x1_wwdgt.c:148:47
	ldr	r1, [sp]
	ldr	r2, __arm_cp.5_1
	.loc	4 148 57                        @ ../std/GD32C2x1_Firmware_Library/GD32C2x1_standard_peripheral/Source/gd32c2x1_wwdgt.c:148:57
	ands	r1, r2
	.loc	4 148 44                        @ ../std/GD32C2x1_Firmware_Library/GD32C2x1_standard_peripheral/Source/gd32c2x1_wwdgt.c:148:44
	adds	r0, r0, r1
	ldr	r1, __arm_cp.5_2
	.loc	4 148 15                        @ ../std/GD32C2x1_Firmware_Library/GD32C2x1_standard_peripheral/Source/gd32c2x1_wwdgt.c:148:15
	str	r0, [r1]
	.loc	4 149 1 is_stmt 1               @ ../std/GD32C2x1_Firmware_Library/GD32C2x1_standard_peripheral/Source/gd32c2x1_wwdgt.c:149:1
	add	sp, #12
	bx	lr
.Ltmp11:
	.p2align	2
@ %bb.1:
	.loc	4 0 1 is_stmt 0                 @ ../std/GD32C2x1_Firmware_Library/GD32C2x1_standard_peripheral/Source/gd32c2x1_wwdgt.c:0:1
__arm_cp.5_0:
	.long	1073753088                      @ 0x40002c00
.Lcpi_end7:
	.size	__arm_cp.5_0, .Lcpi_end7-__arm_cp.5_0
__arm_cp.5_1:
	.long	196992                          @ 0x30180
.Lcpi_end8:
	.size	__arm_cp.5_1, .Lcpi_end8-__arm_cp.5_1
__arm_cp.5_2:
	.long	1073753092                      @ 0x40002c04
.Lcpi_end9:
	.size	__arm_cp.5_2, .Lcpi_end9-__arm_cp.5_2
.Lfunc_end5:
	.size	wwdgt_config, .Lfunc_end5-wwdgt_config
	.cfi_endproc
	.cantunwind
	.fnend
                                        @ -- End function
	.section	.text.wwdgt_flag_get,"ax",%progbits
	.hidden	wwdgt_flag_get                  @ -- Begin function wwdgt_flag_get
	.globl	wwdgt_flag_get
	.p2align	2
	.type	wwdgt_flag_get,%function
	.code	16                              @ @wwdgt_flag_get
	.thumb_func
wwdgt_flag_get:
.Lfunc_begin6:
	.loc	4 158 0 is_stmt 1               @ ../std/GD32C2x1_Firmware_Library/GD32C2x1_standard_peripheral/Source/gd32c2x1_wwdgt.c:158:0
	.fnstart
	.cfi_startproc
@ %bb.0:
	.pad	#4
	sub	sp, #4
	.cfi_def_cfa_offset 4
	mov	r1, sp
	movs	r0, #0
.Ltmp12:
	.loc	4 159 16 prologue_end           @ ../std/GD32C2x1_Firmware_Library/GD32C2x1_standard_peripheral/Source/gd32c2x1_wwdgt.c:159:16
	strb	r0, [r1]
	ldr	r0, __arm_cp.6_0
.Ltmp13:
	.loc	4 160 28                        @ ../std/GD32C2x1_Firmware_Library/GD32C2x1_standard_peripheral/Source/gd32c2x1_wwdgt.c:160:28
	ldr	r0, [r0]
.Ltmp14:
	.loc	4 160 8 is_stmt 0               @ ../std/GD32C2x1_Firmware_Library/GD32C2x1_standard_peripheral/Source/gd32c2x1_wwdgt.c:160:8
	lsls	r0, r0, #31
	cbz	r0, .LBB6_2
	b	.LBB6_1
.LBB6_1:
	.loc	4 0 8                           @ ../std/GD32C2x1_Firmware_Library/GD32C2x1_standard_peripheral/Source/gd32c2x1_wwdgt.c:0:8
	mov	r1, sp
	movs	r0, #1
.Ltmp15:
	.loc	4 161 20 is_stmt 1              @ ../std/GD32C2x1_Firmware_Library/GD32C2x1_standard_peripheral/Source/gd32c2x1_wwdgt.c:161:20
	strb	r0, [r1]
	.loc	4 162 5                         @ ../std/GD32C2x1_Firmware_Library/GD32C2x1_standard_peripheral/Source/gd32c2x1_wwdgt.c:162:5
	b	.LBB6_2
.Ltmp16:
.LBB6_2:
	.loc	4 0 5 is_stmt 0                 @ ../std/GD32C2x1_Firmware_Library/GD32C2x1_standard_peripheral/Source/gd32c2x1_wwdgt.c:0:5
	mov	r0, sp
	.loc	4 163 12 is_stmt 1              @ ../std/GD32C2x1_Firmware_Library/GD32C2x1_standard_peripheral/Source/gd32c2x1_wwdgt.c:163:12
	ldrb	r0, [r0]
	.loc	4 163 5 is_stmt 0               @ ../std/GD32C2x1_Firmware_Library/GD32C2x1_standard_peripheral/Source/gd32c2x1_wwdgt.c:163:5
	add	sp, #4
	bx	lr
.Ltmp17:
	.p2align	2
@ %bb.3:
	.loc	4 0 5                           @ ../std/GD32C2x1_Firmware_Library/GD32C2x1_standard_peripheral/Source/gd32c2x1_wwdgt.c:0:5
__arm_cp.6_0:
	.long	1073753096                      @ 0x40002c08
.Lcpi_end10:
	.size	__arm_cp.6_0, .Lcpi_end10-__arm_cp.6_0
.Lfunc_end6:
	.size	wwdgt_flag_get, .Lfunc_end6-wwdgt_flag_get
	.cfi_endproc
	.cantunwind
	.fnend
                                        @ -- End function
	.section	.text.wwdgt_flag_clear,"ax",%progbits
	.hidden	wwdgt_flag_clear                @ -- Begin function wwdgt_flag_clear
	.globl	wwdgt_flag_clear
	.p2align	2
	.type	wwdgt_flag_clear,%function
	.code	16                              @ @wwdgt_flag_clear
	.thumb_func
wwdgt_flag_clear:
.Lfunc_begin7:
	.loc	4 173 0 is_stmt 1               @ ../std/GD32C2x1_Firmware_Library/GD32C2x1_standard_peripheral/Source/gd32c2x1_wwdgt.c:173:0
	.fnstart
	.cfi_startproc
@ %bb.0:
	ldr	r1, __arm_cp.7_0
.Ltmp18:
	.loc	4 174 16 prologue_end           @ ../std/GD32C2x1_Firmware_Library/GD32C2x1_standard_peripheral/Source/gd32c2x1_wwdgt.c:174:16
	ldr	r0, [r1]
	movs	r2, #1
	bics	r0, r2
	str	r0, [r1]
	.loc	4 175 1                         @ ../std/GD32C2x1_Firmware_Library/GD32C2x1_standard_peripheral/Source/gd32c2x1_wwdgt.c:175:1
	bx	lr
.Ltmp19:
	.p2align	2
@ %bb.1:
	.loc	4 0 1 is_stmt 0                 @ ../std/GD32C2x1_Firmware_Library/GD32C2x1_standard_peripheral/Source/gd32c2x1_wwdgt.c:0:1
__arm_cp.7_0:
	.long	1073753096                      @ 0x40002c08
.Lcpi_end11:
	.size	__arm_cp.7_0, .Lcpi_end11-__arm_cp.7_0
.Lfunc_end7:
	.size	wwdgt_flag_clear, .Lfunc_end7-wwdgt_flag_clear
	.cfi_endproc
	.cantunwind
	.fnend
                                        @ -- End function
	.section	.text.wwdgt_interrupt_enable,"ax",%progbits
	.hidden	wwdgt_interrupt_enable          @ -- Begin function wwdgt_interrupt_enable
	.globl	wwdgt_interrupt_enable
	.p2align	2
	.type	wwdgt_interrupt_enable,%function
	.code	16                              @ @wwdgt_interrupt_enable
	.thumb_func
wwdgt_interrupt_enable:
.Lfunc_begin8:
	.loc	4 184 0 is_stmt 1               @ ../std/GD32C2x1_Firmware_Library/GD32C2x1_standard_peripheral/Source/gd32c2x1_wwdgt.c:184:0
	.fnstart
	.cfi_startproc
@ %bb.0:
	ldr	r1, __arm_cp.8_0
.Ltmp20:
	.loc	4 185 15 prologue_end           @ ../std/GD32C2x1_Firmware_Library/GD32C2x1_standard_peripheral/Source/gd32c2x1_wwdgt.c:185:15
	ldr	r0, [r1]
	movw	r2, #512
	orrs	r0, r2
	str	r0, [r1]
	.loc	4 186 1                         @ ../std/GD32C2x1_Firmware_Library/GD32C2x1_standard_peripheral/Source/gd32c2x1_wwdgt.c:186:1
	bx	lr
.Ltmp21:
	.p2align	2
@ %bb.1:
	.loc	4 0 1 is_stmt 0                 @ ../std/GD32C2x1_Firmware_Library/GD32C2x1_standard_peripheral/Source/gd32c2x1_wwdgt.c:0:1
__arm_cp.8_0:
	.long	1073753092                      @ 0x40002c04
.Lcpi_end12:
	.size	__arm_cp.8_0, .Lcpi_end12-__arm_cp.8_0
.Lfunc_end8:
	.size	wwdgt_interrupt_enable, .Lfunc_end8-wwdgt_interrupt_enable
	.cfi_endproc
	.cantunwind
	.fnend
                                        @ -- End function
	.section	.debug_abbrev,"",%progbits
	.byte	1                               @ Abbreviation Code
	.byte	17                              @ DW_TAG_compile_unit
	.byte	1                               @ DW_CHILDREN_yes
	.byte	37                              @ DW_AT_producer
	.byte	14                              @ DW_FORM_strp
	.byte	19                              @ DW_AT_language
	.byte	5                               @ DW_FORM_data2
	.byte	3                               @ DW_AT_name
	.byte	14                              @ DW_FORM_strp
	.byte	16                              @ DW_AT_stmt_list
	.byte	23                              @ DW_FORM_sec_offset
	.byte	27                              @ DW_AT_comp_dir
	.byte	14                              @ DW_FORM_strp
	.byte	17                              @ DW_AT_low_pc
	.byte	1                               @ DW_FORM_addr
	.byte	85                              @ DW_AT_ranges
	.byte	23                              @ DW_FORM_sec_offset
	.byte	0                               @ EOM(1)
	.byte	0                               @ EOM(2)
	.byte	2                               @ Abbreviation Code
	.byte	4                               @ DW_TAG_enumeration_type
	.byte	1                               @ DW_CHILDREN_yes
	.byte	73                              @ DW_AT_type
	.byte	19                              @ DW_FORM_ref4
	.byte	11                              @ DW_AT_byte_size
	.byte	11                              @ DW_FORM_data1
	.byte	58                              @ DW_AT_decl_file
	.byte	11                              @ DW_FORM_data1
	.byte	59                              @ DW_AT_decl_line
	.byte	5                               @ DW_FORM_data2
	.byte	0                               @ EOM(1)
	.byte	0                               @ EOM(2)
	.byte	3                               @ Abbreviation Code
	.byte	40                              @ DW_TAG_enumerator
	.byte	0                               @ DW_CHILDREN_no
	.byte	3                               @ DW_AT_name
	.byte	14                              @ DW_FORM_strp
	.byte	28                              @ DW_AT_const_value
	.byte	15                              @ DW_FORM_udata
	.byte	0                               @ EOM(1)
	.byte	0                               @ EOM(2)
	.byte	4                               @ Abbreviation Code
	.byte	36                              @ DW_TAG_base_type
	.byte	0                               @ DW_CHILDREN_no
	.byte	3                               @ DW_AT_name
	.byte	14                              @ DW_FORM_strp
	.byte	62                              @ DW_AT_encoding
	.byte	11                              @ DW_FORM_data1
	.byte	11                              @ DW_AT_byte_size
	.byte	11                              @ DW_FORM_data1
	.byte	0                               @ EOM(1)
	.byte	0                               @ EOM(2)
	.byte	5                               @ Abbreviation Code
	.byte	4                               @ DW_TAG_enumeration_type
	.byte	1                               @ DW_CHILDREN_yes
	.byte	73                              @ DW_AT_type
	.byte	19                              @ DW_FORM_ref4
	.byte	11                              @ DW_AT_byte_size
	.byte	11                              @ DW_FORM_data1
	.byte	58                              @ DW_AT_decl_file
	.byte	11                              @ DW_FORM_data1
	.byte	59                              @ DW_AT_decl_line
	.byte	11                              @ DW_FORM_data1
	.byte	0                               @ EOM(1)
	.byte	0                               @ EOM(2)
	.byte	6                               @ Abbreviation Code
	.byte	22                              @ DW_TAG_typedef
	.byte	0                               @ DW_CHILDREN_no
	.byte	73                              @ DW_AT_type
	.byte	19                              @ DW_FORM_ref4
	.byte	3                               @ DW_AT_name
	.byte	14                              @ DW_FORM_strp
	.byte	58                              @ DW_AT_decl_file
	.byte	11                              @ DW_FORM_data1
	.byte	59                              @ DW_AT_decl_line
	.byte	11                              @ DW_FORM_data1
	.byte	0                               @ EOM(1)
	.byte	0                               @ EOM(2)
	.byte	7                               @ Abbreviation Code
	.byte	15                              @ DW_TAG_pointer_type
	.byte	0                               @ DW_CHILDREN_no
	.byte	73                              @ DW_AT_type
	.byte	19                              @ DW_FORM_ref4
	.byte	0                               @ EOM(1)
	.byte	0                               @ EOM(2)
	.byte	8                               @ Abbreviation Code
	.byte	53                              @ DW_TAG_volatile_type
	.byte	0                               @ DW_CHILDREN_no
	.byte	73                              @ DW_AT_type
	.byte	19                              @ DW_FORM_ref4
	.byte	0                               @ EOM(1)
	.byte	0                               @ EOM(2)
	.byte	9                               @ Abbreviation Code
	.byte	46                              @ DW_TAG_subprogram
	.byte	0                               @ DW_CHILDREN_no
	.byte	17                              @ DW_AT_low_pc
	.byte	1                               @ DW_FORM_addr
	.byte	18                              @ DW_AT_high_pc
	.byte	6                               @ DW_FORM_data4
	.byte	64                              @ DW_AT_frame_base
	.byte	24                              @ DW_FORM_exprloc
	.byte	3                               @ DW_AT_name
	.byte	14                              @ DW_FORM_strp
	.byte	58                              @ DW_AT_decl_file
	.byte	11                              @ DW_FORM_data1
	.byte	59                              @ DW_AT_decl_line
	.byte	11                              @ DW_FORM_data1
	.byte	39                              @ DW_AT_prototyped
	.byte	25                              @ DW_FORM_flag_present
	.byte	63                              @ DW_AT_external
	.byte	25                              @ DW_FORM_flag_present
	.byte	0                               @ EOM(1)
	.byte	0                               @ EOM(2)
	.byte	10                              @ Abbreviation Code
	.byte	46                              @ DW_TAG_subprogram
	.byte	1                               @ DW_CHILDREN_yes
	.byte	17                              @ DW_AT_low_pc
	.byte	1                               @ DW_FORM_addr
	.byte	18                              @ DW_AT_high_pc
	.byte	6                               @ DW_FORM_data4
	.byte	64                              @ DW_AT_frame_base
	.byte	24                              @ DW_FORM_exprloc
	.byte	3                               @ DW_AT_name
	.byte	14                              @ DW_FORM_strp
	.byte	58                              @ DW_AT_decl_file
	.byte	11                              @ DW_FORM_data1
	.byte	59                              @ DW_AT_decl_line
	.byte	11                              @ DW_FORM_data1
	.byte	39                              @ DW_AT_prototyped
	.byte	25                              @ DW_FORM_flag_present
	.byte	63                              @ DW_AT_external
	.byte	25                              @ DW_FORM_flag_present
	.byte	0                               @ EOM(1)
	.byte	0                               @ EOM(2)
	.byte	11                              @ Abbreviation Code
	.byte	5                               @ DW_TAG_formal_parameter
	.byte	0                               @ DW_CHILDREN_no
	.byte	2                               @ DW_AT_location
	.byte	24                              @ DW_FORM_exprloc
	.byte	3                               @ DW_AT_name
	.byte	14                              @ DW_FORM_strp
	.byte	58                              @ DW_AT_decl_file
	.byte	11                              @ DW_FORM_data1
	.byte	59                              @ DW_AT_decl_line
	.byte	11                              @ DW_FORM_data1
	.byte	73                              @ DW_AT_type
	.byte	19                              @ DW_FORM_ref4
	.byte	0                               @ EOM(1)
	.byte	0                               @ EOM(2)
	.byte	12                              @ Abbreviation Code
	.byte	52                              @ DW_TAG_variable
	.byte	0                               @ DW_CHILDREN_no
	.byte	2                               @ DW_AT_location
	.byte	24                              @ DW_FORM_exprloc
	.byte	3                               @ DW_AT_name
	.byte	14                              @ DW_FORM_strp
	.byte	58                              @ DW_AT_decl_file
	.byte	11                              @ DW_FORM_data1
	.byte	59                              @ DW_AT_decl_line
	.byte	11                              @ DW_FORM_data1
	.byte	73                              @ DW_AT_type
	.byte	19                              @ DW_FORM_ref4
	.byte	0                               @ EOM(1)
	.byte	0                               @ EOM(2)
	.byte	13                              @ Abbreviation Code
	.byte	46                              @ DW_TAG_subprogram
	.byte	1                               @ DW_CHILDREN_yes
	.byte	17                              @ DW_AT_low_pc
	.byte	1                               @ DW_FORM_addr
	.byte	18                              @ DW_AT_high_pc
	.byte	6                               @ DW_FORM_data4
	.byte	64                              @ DW_AT_frame_base
	.byte	24                              @ DW_FORM_exprloc
	.byte	3                               @ DW_AT_name
	.byte	14                              @ DW_FORM_strp
	.byte	58                              @ DW_AT_decl_file
	.byte	11                              @ DW_FORM_data1
	.byte	59                              @ DW_AT_decl_line
	.byte	11                              @ DW_FORM_data1
	.byte	39                              @ DW_AT_prototyped
	.byte	25                              @ DW_FORM_flag_present
	.byte	73                              @ DW_AT_type
	.byte	19                              @ DW_FORM_ref4
	.byte	63                              @ DW_AT_external
	.byte	25                              @ DW_FORM_flag_present
	.byte	0                               @ EOM(1)
	.byte	0                               @ EOM(2)
	.byte	0                               @ EOM(3)
	.section	.debug_info,"",%progbits
.Lcu_begin0:
	.long	.Ldebug_info_end0-.Ldebug_info_start0 @ Length of Unit
.Ldebug_info_start0:
	.short	4                               @ DWARF version number
	.long	.debug_abbrev                   @ Offset Into Abbrev. Section
	.byte	4                               @ Address Size (in bytes)
	.byte	1                               @ Abbrev [1] 0xb:0x255 DW_TAG_compile_unit
	.long	.Linfo_string0                  @ DW_AT_producer
	.short	12                              @ DW_AT_language
	.long	.Linfo_string1                  @ DW_AT_name
	.long	.Lline_table_start0             @ DW_AT_stmt_list
	.long	.Linfo_string2                  @ DW_AT_comp_dir
	.long	0                               @ DW_AT_low_pc
	.long	.Ldebug_ranges0                 @ DW_AT_ranges
	.byte	2                               @ Abbrev [2] 0x26:0xb9 DW_TAG_enumeration_type
	.long	223                             @ DW_AT_type
	.byte	2                               @ DW_AT_byte_size
	.byte	1                               @ DW_AT_decl_file
	.short	345                             @ DW_AT_decl_line
	.byte	3                               @ Abbrev [3] 0x2f:0x7 DW_TAG_enumerator
	.long	.Linfo_string4                  @ DW_AT_name
	.ascii	"\214\b"                        @ DW_AT_const_value
	.byte	3                               @ Abbrev [3] 0x36:0x7 DW_TAG_enumerator
	.long	.Linfo_string5                  @ DW_AT_name
	.ascii	"\225\b"                        @ DW_AT_const_value
	.byte	3                               @ Abbrev [3] 0x3d:0x7 DW_TAG_enumerator
	.long	.Linfo_string6                  @ DW_AT_name
	.ascii	"\227\b"                        @ DW_AT_const_value
	.byte	3                               @ Abbrev [3] 0x44:0x7 DW_TAG_enumerator
	.long	.Linfo_string7                  @ DW_AT_name
	.ascii	"\221\n"                        @ DW_AT_const_value
	.byte	3                               @ Abbrev [3] 0x4b:0x7 DW_TAG_enumerator
	.long	.Linfo_string8                  @ DW_AT_name
	.ascii	"\222\n"                        @ DW_AT_const_value
	.byte	3                               @ Abbrev [3] 0x52:0x7 DW_TAG_enumerator
	.long	.Linfo_string9                  @ DW_AT_name
	.ascii	"\223\n"                        @ DW_AT_const_value
	.byte	3                               @ Abbrev [3] 0x59:0x7 DW_TAG_enumerator
	.long	.Linfo_string10                 @ DW_AT_name
	.ascii	"\224\n"                        @ DW_AT_const_value
	.byte	3                               @ Abbrev [3] 0x60:0x7 DW_TAG_enumerator
	.long	.Linfo_string11                 @ DW_AT_name
	.ascii	"\226\n"                        @ DW_AT_const_value
	.byte	3                               @ Abbrev [3] 0x67:0x7 DW_TAG_enumerator
	.long	.Linfo_string12                 @ DW_AT_name
	.ascii	"\200\022"                      @ DW_AT_const_value
	.byte	3                               @ Abbrev [3] 0x6e:0x7 DW_TAG_enumerator
	.long	.Linfo_string13                 @ DW_AT_name
	.ascii	"\201\022"                      @ DW_AT_const_value
	.byte	3                               @ Abbrev [3] 0x75:0x7 DW_TAG_enumerator
	.long	.Linfo_string14                 @ DW_AT_name
	.ascii	"\210\022"                      @ DW_AT_const_value
	.byte	3                               @ Abbrev [3] 0x7c:0x7 DW_TAG_enumerator
	.long	.Linfo_string15                 @ DW_AT_name
	.ascii	"\211\022"                      @ DW_AT_const_value
	.byte	3                               @ Abbrev [3] 0x83:0x7 DW_TAG_enumerator
	.long	.Linfo_string16                 @ DW_AT_name
	.ascii	"\212\022"                      @ DW_AT_const_value
	.byte	3                               @ Abbrev [3] 0x8a:0x7 DW_TAG_enumerator
	.long	.Linfo_string17                 @ DW_AT_name
	.ascii	"\213\022"                      @ DW_AT_const_value
	.byte	3                               @ Abbrev [3] 0x91:0x7 DW_TAG_enumerator
	.long	.Linfo_string18                 @ DW_AT_name
	.ascii	"\214\022"                      @ DW_AT_const_value
	.byte	3                               @ Abbrev [3] 0x98:0x7 DW_TAG_enumerator
	.long	.Linfo_string19                 @ DW_AT_name
	.ascii	"\215\022"                      @ DW_AT_const_value
	.byte	3                               @ Abbrev [3] 0x9f:0x7 DW_TAG_enumerator
	.long	.Linfo_string20                 @ DW_AT_name
	.ascii	"\216\022"                      @ DW_AT_const_value
	.byte	3                               @ Abbrev [3] 0xa6:0x7 DW_TAG_enumerator
	.long	.Linfo_string21                 @ DW_AT_name
	.ascii	"\217\022"                      @ DW_AT_const_value
	.byte	3                               @ Abbrev [3] 0xad:0x7 DW_TAG_enumerator
	.long	.Linfo_string22                 @ DW_AT_name
	.ascii	"\220\022"                      @ DW_AT_const_value
	.byte	3                               @ Abbrev [3] 0xb4:0x7 DW_TAG_enumerator
	.long	.Linfo_string23                 @ DW_AT_name
	.ascii	"\221\022"                      @ DW_AT_const_value
	.byte	3                               @ Abbrev [3] 0xbb:0x7 DW_TAG_enumerator
	.long	.Linfo_string24                 @ DW_AT_name
	.ascii	"\222\022"                      @ DW_AT_const_value
	.byte	3                               @ Abbrev [3] 0xc2:0x7 DW_TAG_enumerator
	.long	.Linfo_string25                 @ DW_AT_name
	.ascii	"\223\022"                      @ DW_AT_const_value
	.byte	3                               @ Abbrev [3] 0xc9:0x7 DW_TAG_enumerator
	.long	.Linfo_string26                 @ DW_AT_name
	.ascii	"\225\022"                      @ DW_AT_const_value
	.byte	3                               @ Abbrev [3] 0xd0:0x7 DW_TAG_enumerator
	.long	.Linfo_string27                 @ DW_AT_name
	.ascii	"\226\022"                      @ DW_AT_const_value
	.byte	3                               @ Abbrev [3] 0xd7:0x7 DW_TAG_enumerator
	.long	.Linfo_string28                 @ DW_AT_name
	.ascii	"\234\022"                      @ DW_AT_const_value
	.byte	0                               @ End Of Children Mark
	.byte	4                               @ Abbrev [4] 0xdf:0x7 DW_TAG_base_type
	.long	.Linfo_string3                  @ DW_AT_name
	.byte	7                               @ DW_AT_encoding
	.byte	2                               @ DW_AT_byte_size
	.byte	5                               @ Abbrev [5] 0xe6:0x15 DW_TAG_enumeration_type
	.long	251                             @ DW_AT_type
	.byte	1                               @ DW_AT_byte_size
	.byte	2                               @ DW_AT_decl_file
	.byte	160                             @ DW_AT_decl_line
	.byte	3                               @ Abbrev [3] 0xee:0x6 DW_TAG_enumerator
	.long	.Linfo_string30                 @ DW_AT_name
	.byte	0                               @ DW_AT_const_value
	.byte	3                               @ Abbrev [3] 0xf4:0x6 DW_TAG_enumerator
	.long	.Linfo_string31                 @ DW_AT_name
	.byte	1                               @ DW_AT_const_value
	.byte	0                               @ End Of Children Mark
	.byte	4                               @ Abbrev [4] 0xfb:0x7 DW_TAG_base_type
	.long	.Linfo_string29                 @ DW_AT_name
	.byte	8                               @ DW_AT_encoding
	.byte	1                               @ DW_AT_byte_size
	.byte	6                               @ Abbrev [6] 0x102:0xb DW_TAG_typedef
	.long	269                             @ DW_AT_type
	.long	.Linfo_string33                 @ DW_AT_name
	.byte	3                               @ DW_AT_decl_file
	.byte	64                              @ DW_AT_decl_line
	.byte	4                               @ Abbrev [4] 0x10d:0x7 DW_TAG_base_type
	.long	.Linfo_string32                 @ DW_AT_name
	.byte	7                               @ DW_AT_encoding
	.byte	4                               @ DW_AT_byte_size
	.byte	7                               @ Abbrev [7] 0x114:0x5 DW_TAG_pointer_type
	.long	281                             @ DW_AT_type
	.byte	8                               @ Abbrev [8] 0x119:0x5 DW_TAG_volatile_type
	.long	258                             @ DW_AT_type
	.byte	6                               @ Abbrev [6] 0x11e:0xb DW_TAG_typedef
	.long	251                             @ DW_AT_type
	.long	.Linfo_string34                 @ DW_AT_name
	.byte	3                               @ DW_AT_decl_file
	.byte	62                              @ DW_AT_decl_line
	.byte	9                               @ Abbrev [9] 0x129:0x11 DW_TAG_subprogram
	.long	.Lfunc_begin0                   @ DW_AT_low_pc
	.long	.Lfunc_end0-.Lfunc_begin0       @ DW_AT_high_pc
	.byte	1                               @ DW_AT_frame_base
	.byte	93
	.long	.Linfo_string35                 @ DW_AT_name
	.byte	4                               @ DW_AT_decl_file
	.byte	45                              @ DW_AT_decl_line
                                        @ DW_AT_prototyped
                                        @ DW_AT_external
	.byte	9                               @ Abbrev [9] 0x13a:0x11 DW_TAG_subprogram
	.long	.Lfunc_begin1                   @ DW_AT_low_pc
	.long	.Lfunc_end1-.Lfunc_begin1       @ DW_AT_high_pc
	.byte	1                               @ DW_AT_frame_base
	.byte	93
	.long	.Linfo_string36                 @ DW_AT_name
	.byte	4                               @ DW_AT_decl_file
	.byte	57                              @ DW_AT_decl_line
                                        @ DW_AT_prototyped
                                        @ DW_AT_external
	.byte	10                              @ Abbrev [10] 0x14b:0x2e DW_TAG_subprogram
	.long	.Lfunc_begin2                   @ DW_AT_low_pc
	.long	.Lfunc_end2-.Lfunc_begin2       @ DW_AT_high_pc
	.byte	1                               @ DW_AT_frame_base
	.byte	93
	.long	.Linfo_string37                 @ DW_AT_name
	.byte	4                               @ DW_AT_decl_file
	.byte	83                              @ DW_AT_decl_line
                                        @ DW_AT_prototyped
                                        @ DW_AT_external
	.byte	11                              @ Abbrev [11] 0x15c:0xe DW_TAG_formal_parameter
	.byte	2                               @ DW_AT_location
	.byte	145
	.byte	4
	.long	.Linfo_string45                 @ DW_AT_name
	.byte	4                               @ DW_AT_decl_file
	.byte	83                              @ DW_AT_decl_line
	.long	258                             @ DW_AT_type
	.byte	12                              @ Abbrev [12] 0x16a:0xe DW_TAG_variable
	.byte	2                               @ DW_AT_location
	.byte	145
	.byte	0
	.long	.Linfo_string46                 @ DW_AT_name
	.byte	4                               @ DW_AT_decl_file
	.byte	85                              @ DW_AT_decl_line
	.long	258                             @ DW_AT_type
	.byte	0                               @ End Of Children Mark
	.byte	10                              @ Abbrev [10] 0x179:0x2e DW_TAG_subprogram
	.long	.Lfunc_begin3                   @ DW_AT_low_pc
	.long	.Lfunc_end3-.Lfunc_begin3       @ DW_AT_high_pc
	.byte	1                               @ DW_AT_frame_base
	.byte	93
	.long	.Linfo_string38                 @ DW_AT_name
	.byte	4                               @ DW_AT_decl_file
	.byte	100                             @ DW_AT_decl_line
                                        @ DW_AT_prototyped
                                        @ DW_AT_external
	.byte	11                              @ Abbrev [11] 0x18a:0xe DW_TAG_formal_parameter
	.byte	2                               @ DW_AT_location
	.byte	145
	.byte	4
	.long	.Linfo_string47                 @ DW_AT_name
	.byte	4                               @ DW_AT_decl_file
	.byte	100                             @ DW_AT_decl_line
	.long	596                             @ DW_AT_type
	.byte	12                              @ Abbrev [12] 0x198:0xe DW_TAG_variable
	.byte	2                               @ DW_AT_location
	.byte	145
	.byte	0
	.long	.Linfo_string46                 @ DW_AT_name
	.byte	4                               @ DW_AT_decl_file
	.byte	102                             @ DW_AT_decl_line
	.long	258                             @ DW_AT_type
	.byte	0                               @ End Of Children Mark
	.byte	10                              @ Abbrev [10] 0x1a7:0x20 DW_TAG_subprogram
	.long	.Lfunc_begin4                   @ DW_AT_low_pc
	.long	.Lfunc_end4-.Lfunc_begin4       @ DW_AT_high_pc
	.byte	1                               @ DW_AT_frame_base
	.byte	93
	.long	.Linfo_string39                 @ DW_AT_name
	.byte	4                               @ DW_AT_decl_file
	.byte	117                             @ DW_AT_decl_line
                                        @ DW_AT_prototyped
                                        @ DW_AT_external
	.byte	11                              @ Abbrev [11] 0x1b8:0xe DW_TAG_formal_parameter
	.byte	2                               @ DW_AT_location
	.byte	145
	.byte	0
	.long	.Linfo_string49                 @ DW_AT_name
	.byte	4                               @ DW_AT_decl_file
	.byte	117                             @ DW_AT_decl_line
	.long	596                             @ DW_AT_type
	.byte	0                               @ End Of Children Mark
	.byte	10                              @ Abbrev [10] 0x1c7:0x3c DW_TAG_subprogram
	.long	.Lfunc_begin5                   @ DW_AT_low_pc
	.long	.Lfunc_end5-.Lfunc_begin5       @ DW_AT_high_pc
	.byte	1                               @ DW_AT_frame_base
	.byte	93
	.long	.Linfo_string40                 @ DW_AT_name
	.byte	4                               @ DW_AT_decl_file
	.byte	145                             @ DW_AT_decl_line
                                        @ DW_AT_prototyped
                                        @ DW_AT_external
	.byte	11                              @ Abbrev [11] 0x1d8:0xe DW_TAG_formal_parameter
	.byte	2                               @ DW_AT_location
	.byte	145
	.byte	8
	.long	.Linfo_string50                 @ DW_AT_name
	.byte	4                               @ DW_AT_decl_file
	.byte	145                             @ DW_AT_decl_line
	.long	596                             @ DW_AT_type
	.byte	11                              @ Abbrev [11] 0x1e6:0xe DW_TAG_formal_parameter
	.byte	2                               @ DW_AT_location
	.byte	145
	.byte	4
	.long	.Linfo_string47                 @ DW_AT_name
	.byte	4                               @ DW_AT_decl_file
	.byte	145                             @ DW_AT_decl_line
	.long	596                             @ DW_AT_type
	.byte	11                              @ Abbrev [11] 0x1f4:0xe DW_TAG_formal_parameter
	.byte	2                               @ DW_AT_location
	.byte	145
	.byte	0
	.long	.Linfo_string45                 @ DW_AT_name
	.byte	4                               @ DW_AT_decl_file
	.byte	145                             @ DW_AT_decl_line
	.long	258                             @ DW_AT_type
	.byte	0                               @ End Of Children Mark
	.byte	13                              @ Abbrev [13] 0x203:0x24 DW_TAG_subprogram
	.long	.Lfunc_begin6                   @ DW_AT_low_pc
	.long	.Lfunc_end6-.Lfunc_begin6       @ DW_AT_high_pc
	.byte	1                               @ DW_AT_frame_base
	.byte	93
	.long	.Linfo_string41                 @ DW_AT_name
	.byte	4                               @ DW_AT_decl_file
	.byte	157                             @ DW_AT_decl_line
                                        @ DW_AT_prototyped
	.long	585                             @ DW_AT_type
                                        @ DW_AT_external
	.byte	12                              @ Abbrev [12] 0x218:0xe DW_TAG_variable
	.byte	2                               @ DW_AT_location
	.byte	145
	.byte	0
	.long	.Linfo_string51                 @ DW_AT_name
	.byte	4                               @ DW_AT_decl_file
	.byte	159                             @ DW_AT_decl_line
	.long	585                             @ DW_AT_type
	.byte	0                               @ End Of Children Mark
	.byte	9                               @ Abbrev [9] 0x227:0x11 DW_TAG_subprogram
	.long	.Lfunc_begin7                   @ DW_AT_low_pc
	.long	.Lfunc_end7-.Lfunc_begin7       @ DW_AT_high_pc
	.byte	1                               @ DW_AT_frame_base
	.byte	93
	.long	.Linfo_string43                 @ DW_AT_name
	.byte	4                               @ DW_AT_decl_file
	.byte	172                             @ DW_AT_decl_line
                                        @ DW_AT_prototyped
                                        @ DW_AT_external
	.byte	9                               @ Abbrev [9] 0x238:0x11 DW_TAG_subprogram
	.long	.Lfunc_begin8                   @ DW_AT_low_pc
	.long	.Lfunc_end8-.Lfunc_begin8       @ DW_AT_high_pc
	.byte	1                               @ DW_AT_frame_base
	.byte	93
	.long	.Linfo_string44                 @ DW_AT_name
	.byte	4                               @ DW_AT_decl_file
	.byte	183                             @ DW_AT_decl_line
                                        @ DW_AT_prototyped
                                        @ DW_AT_external
	.byte	6                               @ Abbrev [6] 0x249:0xb DW_TAG_typedef
	.long	230                             @ DW_AT_type
	.long	.Linfo_string42                 @ DW_AT_name
	.byte	2                               @ DW_AT_decl_file
	.byte	160                             @ DW_AT_decl_line
	.byte	6                               @ Abbrev [6] 0x254:0xb DW_TAG_typedef
	.long	223                             @ DW_AT_type
	.long	.Linfo_string48                 @ DW_AT_name
	.byte	3                               @ DW_AT_decl_file
	.byte	63                              @ DW_AT_decl_line
	.byte	0                               @ End Of Children Mark
.Ldebug_info_end0:
	.section	.debug_ranges,"",%progbits
.Ldebug_ranges0:
	.long	.Lfunc_begin0
	.long	.Lfunc_end0
	.long	.Lfunc_begin1
	.long	.Lfunc_end1
	.long	.Lfunc_begin2
	.long	.Lfunc_end2
	.long	.Lfunc_begin3
	.long	.Lfunc_end3
	.long	.Lfunc_begin4
	.long	.Lfunc_end4
	.long	.Lfunc_begin5
	.long	.Lfunc_end5
	.long	.Lfunc_begin6
	.long	.Lfunc_end6
	.long	.Lfunc_begin7
	.long	.Lfunc_end7
	.long	.Lfunc_begin8
	.long	.Lfunc_end8
	.long	0
	.long	0
	.section	.debug_str,"MS",%progbits,1
.Linfo_string0:
	.asciz	"Component: ARM Compiler 6.16 Tool: armclang [5dfeb700]" @ string offset=0
.Linfo_string1:
	.asciz	"../std/GD32C2x1_Firmware_Library/GD32C2x1_standard_peripheral/Source\\gd32c2x1_wwdgt.c" @ string offset=55
.Linfo_string2:
	.asciz	"E:\\work\\CX_NFC_RX\\prj"      @ string offset=141
.Linfo_string3:
	.asciz	"unsigned short"                @ string offset=163
.Linfo_string4:
	.asciz	"RCU_CRCRST"                    @ string offset=178
.Linfo_string5:
	.asciz	"RCU_DMARST"                    @ string offset=189
.Linfo_string6:
	.asciz	"RCU_DMAMUXRST"                 @ string offset=200
.Linfo_string7:
	.asciz	"RCU_GPIOARST"                  @ string offset=214
.Linfo_string8:
	.asciz	"RCU_GPIOBRST"                  @ string offset=227
.Linfo_string9:
	.asciz	"RCU_GPIOCRST"                  @ string offset=240
.Linfo_string10:
	.asciz	"RCU_GPIODRST"                  @ string offset=253
.Linfo_string11:
	.asciz	"RCU_GPIOFRST"                  @ string offset=266
.Linfo_string12:
	.asciz	"RCU_SYSCFGRST"                 @ string offset=279
.Linfo_string13:
	.asciz	"RCU_CMPRST"                    @ string offset=293
.Linfo_string14:
	.asciz	"RCU_WWDGTRST"                  @ string offset=304
.Linfo_string15:
	.asciz	"RCU_ADCRST"                    @ string offset=317
.Linfo_string16:
	.asciz	"RCU_TIMER0RST"                 @ string offset=328
.Linfo_string17:
	.asciz	"RCU_TIMER2RST"                 @ string offset=342
.Linfo_string18:
	.asciz	"RCU_SPI0RST"                   @ string offset=356
.Linfo_string19:
	.asciz	"RCU_SPI1RST"                   @ string offset=368
.Linfo_string20:
	.asciz	"RCU_USART0RST"                 @ string offset=380
.Linfo_string21:
	.asciz	"RCU_USART1RST"                 @ string offset=394
.Linfo_string22:
	.asciz	"RCU_TIMER13RST"                @ string offset=408
.Linfo_string23:
	.asciz	"RCU_TIMER15RST"                @ string offset=423
.Linfo_string24:
	.asciz	"RCU_TIMER16RST"                @ string offset=438
.Linfo_string25:
	.asciz	"RCU_USART2RST"                 @ string offset=453
.Linfo_string26:
	.asciz	"RCU_I2C0RST"                   @ string offset=467
.Linfo_string27:
	.asciz	"RCU_I2C1RST"                   @ string offset=479
.Linfo_string28:
	.asciz	"RCU_PMURST"                    @ string offset=491
.Linfo_string29:
	.asciz	"unsigned char"                 @ string offset=502
.Linfo_string30:
	.asciz	"RESET"                         @ string offset=516
.Linfo_string31:
	.asciz	"SET"                           @ string offset=522
.Linfo_string32:
	.asciz	"unsigned int"                  @ string offset=526
.Linfo_string33:
	.asciz	"uint32_t"                      @ string offset=539
.Linfo_string34:
	.asciz	"uint8_t"                       @ string offset=548
.Linfo_string35:
	.asciz	"wwdgt_deinit"                  @ string offset=556
.Linfo_string36:
	.asciz	"wwdgt_enable"                  @ string offset=569
.Linfo_string37:
	.asciz	"wwdgt_prescaler_value_config"  @ string offset=582
.Linfo_string38:
	.asciz	"wwdgt_window_value_config"     @ string offset=611
.Linfo_string39:
	.asciz	"wwdgt_counter_update"          @ string offset=637
.Linfo_string40:
	.asciz	"wwdgt_config"                  @ string offset=658
.Linfo_string41:
	.asciz	"wwdgt_flag_get"                @ string offset=671
.Linfo_string42:
	.asciz	"FlagStatus"                    @ string offset=686
.Linfo_string43:
	.asciz	"wwdgt_flag_clear"              @ string offset=697
.Linfo_string44:
	.asciz	"wwdgt_interrupt_enable"        @ string offset=714
.Linfo_string45:
	.asciz	"prescaler"                     @ string offset=737
.Linfo_string46:
	.asciz	"reg_cfg"                       @ string offset=747
.Linfo_string47:
	.asciz	"window"                        @ string offset=755
.Linfo_string48:
	.asciz	"uint16_t"                      @ string offset=762
.Linfo_string49:
	.asciz	"counter_value"                 @ string offset=771
.Linfo_string50:
	.asciz	"counter"                       @ string offset=785
.Linfo_string51:
	.asciz	"wwdgt_flag"                    @ string offset=793
	.ident	"Component: ARM Compiler 6.16 Tool: armclang [5dfeb700]"
	.section	".note.GNU-stack","",%progbits
	.eabi_attribute	30, 6	@ Tag_ABI_optimization_goals
	.ARM_attribute	16, 1	@ Tag_AV_eba
	.section	.debug_line,"",%progbits
.Lline_table_start0:
