	.text
	.syntax unified
	.eabi_attribute	67, "2.09"	@ Tag_conformance
	.cpu	cortex-m23
	.eabi_attribute	6, 16	@ Tag_CPU_arch
	.eabi_attribute	7, 77	@ Tag_CPU_arch_profile
	.eabi_attribute	8, 0	@ Tag_ARM_ISA_use
	.eabi_attribute	9, 3	@ Tag_THUMB_ISA_use
	.eabi_attribute	34, 0	@ Tag_CPU_unaligned_access
	.eabi_attribute	17, 1	@ Tag_ABI_PCS_GOT_use
	.eabi_attribute	20, 2	@ Tag_ABI_FP_denormal
	.eabi_attribute	21, 0	@ Tag_ABI_FP_exceptions
	.eabi_attribute	23, 1	@ Tag_ABI_FP_number_model
	.eabi_attribute	24, 1	@ Tag_ABI_align_needed
	.eabi_attribute	25, 1	@ Tag_ABI_align_preserved
	.eabi_attribute	38, 1	@ Tag_ABI_FP_16bit_format
	.eabi_attribute	18, 2	@ Tag_ABI_PCS_wchar_t
	.eabi_attribute	26, 1	@ Tag_ABI_enum_size
	.eabi_attribute	14, 0	@ Tag_ABI_PCS_R9_use
	.file	"gd32c2x1_dbg.c"
	.file	1 "E:\\work\\CX_NFC_RX\\prj" "../std/GD32C2x1_Firmware_Library/GD32C2x1_standard_peripheral/Include\\gd32c2x1_dbg.h"
	.file	2 "D:\\Keil_v5\\ARM\\ARMCLANG\\Bin\\..\\include" "stdint.h"
	.section	.text.dbg_deinit,"ax",%progbits
	.hidden	dbg_deinit                      @ -- Begin function dbg_deinit
	.globl	dbg_deinit
	.p2align	2
	.type	dbg_deinit,%function
	.code	16                              @ @dbg_deinit
	.thumb_func
dbg_deinit:
.Lfunc_begin0:
	.file	3 "E:\\work\\CX_NFC_RX\\prj" "../std/GD32C2x1_Firmware_Library/GD32C2x1_standard_peripheral/Source/gd32c2x1_dbg.c"
	.loc	3 47 0                          @ ../std/GD32C2x1_Firmware_Library/GD32C2x1_standard_peripheral/Source/gd32c2x1_dbg.c:47:0
	.fnstart
	.cfi_sections .debug_frame
	.cfi_startproc
@ %bb.0:
	ldr	r1, __arm_cp.0_0
	movs	r0, #0
.Ltmp0:
	.loc	3 48 14 prologue_end            @ ../std/GD32C2x1_Firmware_Library/GD32C2x1_standard_peripheral/Source/gd32c2x1_dbg.c:48:14
	str	r0, [r1]
	ldr	r1, __arm_cp.0_1
	.loc	3 49 14                         @ ../std/GD32C2x1_Firmware_Library/GD32C2x1_standard_peripheral/Source/gd32c2x1_dbg.c:49:14
	str	r0, [r1]
	.loc	3 50 1                          @ ../std/GD32C2x1_Firmware_Library/GD32C2x1_standard_peripheral/Source/gd32c2x1_dbg.c:50:1
	bx	lr
.Ltmp1:
	.p2align	2
@ %bb.1:
	.loc	3 0 1 is_stmt 0                 @ ../std/GD32C2x1_Firmware_Library/GD32C2x1_standard_peripheral/Source/gd32c2x1_dbg.c:0:1
__arm_cp.0_0:
	.long	1073829892                      @ 0x40015804
.Lcpi_end0:
	.size	__arm_cp.0_0, .Lcpi_end0-__arm_cp.0_0
__arm_cp.0_1:
	.long	1073829896                      @ 0x40015808
.Lcpi_end1:
	.size	__arm_cp.0_1, .Lcpi_end1-__arm_cp.0_1
.Lfunc_end0:
	.size	dbg_deinit, .Lfunc_end0-dbg_deinit
	.cfi_endproc
	.cantunwind
	.fnend
                                        @ -- End function
	.section	.text.dbg_id_get,"ax",%progbits
	.hidden	dbg_id_get                      @ -- Begin function dbg_id_get
	.globl	dbg_id_get
	.p2align	2
	.type	dbg_id_get,%function
	.code	16                              @ @dbg_id_get
	.thumb_func
dbg_id_get:
.Lfunc_begin1:
	.loc	3 59 0 is_stmt 1                @ ../std/GD32C2x1_Firmware_Library/GD32C2x1_standard_peripheral/Source/gd32c2x1_dbg.c:59:0
	.fnstart
	.cfi_startproc
@ %bb.0:
	ldr	r0, __arm_cp.1_0
.Ltmp2:
	.loc	3 60 12 prologue_end            @ ../std/GD32C2x1_Firmware_Library/GD32C2x1_standard_peripheral/Source/gd32c2x1_dbg.c:60:12
	ldr	r0, [r0]
	.loc	3 60 5 is_stmt 0                @ ../std/GD32C2x1_Firmware_Library/GD32C2x1_standard_peripheral/Source/gd32c2x1_dbg.c:60:5
	bx	lr
.Ltmp3:
	.p2align	2
@ %bb.1:
	.loc	3 0 5                           @ ../std/GD32C2x1_Firmware_Library/GD32C2x1_standard_peripheral/Source/gd32c2x1_dbg.c:0:5
__arm_cp.1_0:
	.long	1073829888                      @ 0x40015800
.Lcpi_end2:
	.size	__arm_cp.1_0, .Lcpi_end2-__arm_cp.1_0
.Lfunc_end1:
	.size	dbg_id_get, .Lfunc_end1-dbg_id_get
	.cfi_endproc
	.cantunwind
	.fnend
                                        @ -- End function
	.section	.text.dbg_low_power_enable,"ax",%progbits
	.hidden	dbg_low_power_enable            @ -- Begin function dbg_low_power_enable
	.globl	dbg_low_power_enable
	.p2align	2
	.type	dbg_low_power_enable,%function
	.code	16                              @ @dbg_low_power_enable
	.thumb_func
dbg_low_power_enable:
.Lfunc_begin2:
	.loc	3 74 0 is_stmt 1                @ ../std/GD32C2x1_Firmware_Library/GD32C2x1_standard_peripheral/Source/gd32c2x1_dbg.c:74:0
	.fnstart
	.cfi_startproc
@ %bb.0:
	.pad	#4
	sub	sp, #4
	.cfi_def_cfa_offset 4
	str	r0, [sp]
.Ltmp4:
	.loc	3 75 18 prologue_end            @ ../std/GD32C2x1_Firmware_Library/GD32C2x1_standard_peripheral/Source/gd32c2x1_dbg.c:75:18
	ldr	r2, [sp]
	movs	r0, #7
	.loc	3 75 32 is_stmt 0               @ ../std/GD32C2x1_Firmware_Library/GD32C2x1_standard_peripheral/Source/gd32c2x1_dbg.c:75:32
	ands	r2, r0
	ldr	r1, __arm_cp.2_0
	.loc	3 75 14                         @ ../std/GD32C2x1_Firmware_Library/GD32C2x1_standard_peripheral/Source/gd32c2x1_dbg.c:75:14
	ldr	r0, [r1]
	orrs	r0, r2
	str	r0, [r1]
	.loc	3 76 1 is_stmt 1                @ ../std/GD32C2x1_Firmware_Library/GD32C2x1_standard_peripheral/Source/gd32c2x1_dbg.c:76:1
	add	sp, #4
	bx	lr
.Ltmp5:
	.p2align	2
@ %bb.1:
	.loc	3 0 1 is_stmt 0                 @ ../std/GD32C2x1_Firmware_Library/GD32C2x1_standard_peripheral/Source/gd32c2x1_dbg.c:0:1
__arm_cp.2_0:
	.long	1073829892                      @ 0x40015804
.Lcpi_end3:
	.size	__arm_cp.2_0, .Lcpi_end3-__arm_cp.2_0
.Lfunc_end2:
	.size	dbg_low_power_enable, .Lfunc_end2-dbg_low_power_enable
	.cfi_endproc
	.cantunwind
	.fnend
                                        @ -- End function
	.section	.text.dbg_low_power_disable,"ax",%progbits
	.hidden	dbg_low_power_disable           @ -- Begin function dbg_low_power_disable
	.globl	dbg_low_power_disable
	.p2align	2
	.type	dbg_low_power_disable,%function
	.code	16                              @ @dbg_low_power_disable
	.thumb_func
dbg_low_power_disable:
.Lfunc_begin3:
	.loc	3 89 0 is_stmt 1                @ ../std/GD32C2x1_Firmware_Library/GD32C2x1_standard_peripheral/Source/gd32c2x1_dbg.c:89:0
	.fnstart
	.cfi_startproc
@ %bb.0:
	.pad	#4
	sub	sp, #4
	.cfi_def_cfa_offset 4
	str	r0, [sp]
.Ltmp6:
	.loc	3 90 19 prologue_end            @ ../std/GD32C2x1_Firmware_Library/GD32C2x1_standard_peripheral/Source/gd32c2x1_dbg.c:90:19
	ldr	r0, [sp]
	mvns	r2, r0
	movs	r0, #7
	mvns	r0, r0
	.loc	3 90 17 is_stmt 0               @ ../std/GD32C2x1_Firmware_Library/GD32C2x1_standard_peripheral/Source/gd32c2x1_dbg.c:90:17
	orrs	r2, r0
	ldr	r1, __arm_cp.3_0
	.loc	3 90 14                         @ ../std/GD32C2x1_Firmware_Library/GD32C2x1_standard_peripheral/Source/gd32c2x1_dbg.c:90:14
	ldr	r0, [r1]
	ands	r0, r2
	str	r0, [r1]
	.loc	3 91 1 is_stmt 1                @ ../std/GD32C2x1_Firmware_Library/GD32C2x1_standard_peripheral/Source/gd32c2x1_dbg.c:91:1
	add	sp, #4
	bx	lr
.Ltmp7:
	.p2align	2
@ %bb.1:
	.loc	3 0 1 is_stmt 0                 @ ../std/GD32C2x1_Firmware_Library/GD32C2x1_standard_peripheral/Source/gd32c2x1_dbg.c:0:1
__arm_cp.3_0:
	.long	1073829892                      @ 0x40015804
.Lcpi_end4:
	.size	__arm_cp.3_0, .Lcpi_end4-__arm_cp.3_0
.Lfunc_end3:
	.size	dbg_low_power_disable, .Lfunc_end3-dbg_low_power_disable
	.cfi_endproc
	.cantunwind
	.fnend
                                        @ -- End function
	.section	.text.dbg_periph_enable,"ax",%progbits
	.hidden	dbg_periph_enable               @ -- Begin function dbg_periph_enable
	.globl	dbg_periph_enable
	.p2align	2
	.type	dbg_periph_enable,%function
	.code	16                              @ @dbg_periph_enable
	.thumb_func
dbg_periph_enable:
.Lfunc_begin4:
	.loc	3 111 0 is_stmt 1               @ ../std/GD32C2x1_Firmware_Library/GD32C2x1_standard_peripheral/Source/gd32c2x1_dbg.c:111:0
	.fnstart
	.cfi_startproc
@ %bb.0:
	.pad	#4
	sub	sp, #4
	.cfi_def_cfa_offset 4
	mov	r1, r0
                                        @ kill: def $r0 killed $r1
	mov	r0, sp
	strh	r1, [r0]
.Ltmp8:
	.loc	3 112 32 prologue_end           @ ../std/GD32C2x1_Firmware_Library/GD32C2x1_standard_peripheral/Source/gd32c2x1_dbg.c:112:32
	ldrh	r0, [r0]
	movs	r2, #31
	mov	r1, r0
	ands	r1, r2
	movs	r3, #1
	lsls	r3, r1
	.loc	3 112 5 is_stmt 0               @ ../std/GD32C2x1_Firmware_Library/GD32C2x1_standard_peripheral/Source/gd32c2x1_dbg.c:112:5
	lsrs	r1, r0, #6
	ldr	r2, __arm_cp.4_0
	.loc	3 112 29                        @ ../std/GD32C2x1_Firmware_Library/GD32C2x1_standard_peripheral/Source/gd32c2x1_dbg.c:112:29
	ldr	r0, [r1, r2]
	orrs	r0, r3
	str	r0, [r1, r2]
	.loc	3 113 1 is_stmt 1               @ ../std/GD32C2x1_Firmware_Library/GD32C2x1_standard_peripheral/Source/gd32c2x1_dbg.c:113:1
	add	sp, #4
	bx	lr
.Ltmp9:
	.p2align	2
@ %bb.1:
	.loc	3 0 1 is_stmt 0                 @ ../std/GD32C2x1_Firmware_Library/GD32C2x1_standard_peripheral/Source/gd32c2x1_dbg.c:0:1
__arm_cp.4_0:
	.long	1073829888                      @ 0x40015800
.Lcpi_end5:
	.size	__arm_cp.4_0, .Lcpi_end5-__arm_cp.4_0
.Lfunc_end4:
	.size	dbg_periph_enable, .Lfunc_end4-dbg_periph_enable
	.cfi_endproc
	.cantunwind
	.fnend
                                        @ -- End function
	.section	.text.dbg_periph_disable,"ax",%progbits
	.hidden	dbg_periph_disable              @ -- Begin function dbg_periph_disable
	.globl	dbg_periph_disable
	.p2align	2
	.type	dbg_periph_disable,%function
	.code	16                              @ @dbg_periph_disable
	.thumb_func
dbg_periph_disable:
.Lfunc_begin5:
	.loc	3 133 0 is_stmt 1               @ ../std/GD32C2x1_Firmware_Library/GD32C2x1_standard_peripheral/Source/gd32c2x1_dbg.c:133:0
	.fnstart
	.cfi_startproc
@ %bb.0:
	.pad	#4
	sub	sp, #4
	.cfi_def_cfa_offset 4
	mov	r1, r0
                                        @ kill: def $r0 killed $r1
	mov	r0, sp
	strh	r1, [r0]
.Ltmp10:
	.loc	3 134 33 prologue_end           @ ../std/GD32C2x1_Firmware_Library/GD32C2x1_standard_peripheral/Source/gd32c2x1_dbg.c:134:33
	ldrh	r0, [r0]
	movs	r2, #31
	mov	r1, r0
	ands	r1, r2
	movs	r3, #1
	lsls	r3, r1
	.loc	3 134 5 is_stmt 0               @ ../std/GD32C2x1_Firmware_Library/GD32C2x1_standard_peripheral/Source/gd32c2x1_dbg.c:134:5
	lsrs	r1, r0, #6
	ldr	r2, __arm_cp.5_0
	.loc	3 134 29                        @ ../std/GD32C2x1_Firmware_Library/GD32C2x1_standard_peripheral/Source/gd32c2x1_dbg.c:134:29
	ldr	r0, [r1, r2]
	bics	r0, r3
	str	r0, [r1, r2]
	.loc	3 135 1 is_stmt 1               @ ../std/GD32C2x1_Firmware_Library/GD32C2x1_standard_peripheral/Source/gd32c2x1_dbg.c:135:1
	add	sp, #4
	bx	lr
.Ltmp11:
	.p2align	2
@ %bb.1:
	.loc	3 0 1 is_stmt 0                 @ ../std/GD32C2x1_Firmware_Library/GD32C2x1_standard_peripheral/Source/gd32c2x1_dbg.c:0:1
__arm_cp.5_0:
	.long	1073829888                      @ 0x40015800
.Lcpi_end6:
	.size	__arm_cp.5_0, .Lcpi_end6-__arm_cp.5_0
.Lfunc_end5:
	.size	dbg_periph_disable, .Lfunc_end5-dbg_periph_disable
	.cfi_endproc
	.cantunwind
	.fnend
                                        @ -- End function
	.section	.debug_abbrev,"",%progbits
	.byte	1                               @ Abbreviation Code
	.byte	17                              @ DW_TAG_compile_unit
	.byte	1                               @ DW_CHILDREN_yes
	.byte	37                              @ DW_AT_producer
	.byte	14                              @ DW_FORM_strp
	.byte	19                              @ DW_AT_language
	.byte	5                               @ DW_FORM_data2
	.byte	3                               @ DW_AT_name
	.byte	14                              @ DW_FORM_strp
	.byte	16                              @ DW_AT_stmt_list
	.byte	23                              @ DW_FORM_sec_offset
	.byte	27                              @ DW_AT_comp_dir
	.byte	14                              @ DW_FORM_strp
	.byte	17                              @ DW_AT_low_pc
	.byte	1                               @ DW_FORM_addr
	.byte	85                              @ DW_AT_ranges
	.byte	23                              @ DW_FORM_sec_offset
	.byte	0                               @ EOM(1)
	.byte	0                               @ EOM(2)
	.byte	2                               @ Abbreviation Code
	.byte	4                               @ DW_TAG_enumeration_type
	.byte	1                               @ DW_CHILDREN_yes
	.byte	73                              @ DW_AT_type
	.byte	19                              @ DW_FORM_ref4
	.byte	11                              @ DW_AT_byte_size
	.byte	11                              @ DW_FORM_data1
	.byte	58                              @ DW_AT_decl_file
	.byte	11                              @ DW_FORM_data1
	.byte	59                              @ DW_AT_decl_line
	.byte	11                              @ DW_FORM_data1
	.byte	0                               @ EOM(1)
	.byte	0                               @ EOM(2)
	.byte	3                               @ Abbreviation Code
	.byte	40                              @ DW_TAG_enumerator
	.byte	0                               @ DW_CHILDREN_no
	.byte	3                               @ DW_AT_name
	.byte	14                              @ DW_FORM_strp
	.byte	28                              @ DW_AT_const_value
	.byte	15                              @ DW_FORM_udata
	.byte	0                               @ EOM(1)
	.byte	0                               @ EOM(2)
	.byte	4                               @ Abbreviation Code
	.byte	36                              @ DW_TAG_base_type
	.byte	0                               @ DW_CHILDREN_no
	.byte	3                               @ DW_AT_name
	.byte	14                              @ DW_FORM_strp
	.byte	62                              @ DW_AT_encoding
	.byte	11                              @ DW_FORM_data1
	.byte	11                              @ DW_AT_byte_size
	.byte	11                              @ DW_FORM_data1
	.byte	0                               @ EOM(1)
	.byte	0                               @ EOM(2)
	.byte	5                               @ Abbreviation Code
	.byte	22                              @ DW_TAG_typedef
	.byte	0                               @ DW_CHILDREN_no
	.byte	73                              @ DW_AT_type
	.byte	19                              @ DW_FORM_ref4
	.byte	3                               @ DW_AT_name
	.byte	14                              @ DW_FORM_strp
	.byte	58                              @ DW_AT_decl_file
	.byte	11                              @ DW_FORM_data1
	.byte	59                              @ DW_AT_decl_line
	.byte	11                              @ DW_FORM_data1
	.byte	0                               @ EOM(1)
	.byte	0                               @ EOM(2)
	.byte	6                               @ Abbreviation Code
	.byte	15                              @ DW_TAG_pointer_type
	.byte	0                               @ DW_CHILDREN_no
	.byte	73                              @ DW_AT_type
	.byte	19                              @ DW_FORM_ref4
	.byte	0                               @ EOM(1)
	.byte	0                               @ EOM(2)
	.byte	7                               @ Abbreviation Code
	.byte	53                              @ DW_TAG_volatile_type
	.byte	0                               @ DW_CHILDREN_no
	.byte	73                              @ DW_AT_type
	.byte	19                              @ DW_FORM_ref4
	.byte	0                               @ EOM(1)
	.byte	0                               @ EOM(2)
	.byte	8                               @ Abbreviation Code
	.byte	46                              @ DW_TAG_subprogram
	.byte	0                               @ DW_CHILDREN_no
	.byte	17                              @ DW_AT_low_pc
	.byte	1                               @ DW_FORM_addr
	.byte	18                              @ DW_AT_high_pc
	.byte	6                               @ DW_FORM_data4
	.byte	64                              @ DW_AT_frame_base
	.byte	24                              @ DW_FORM_exprloc
	.byte	3                               @ DW_AT_name
	.byte	14                              @ DW_FORM_strp
	.byte	58                              @ DW_AT_decl_file
	.byte	11                              @ DW_FORM_data1
	.byte	59                              @ DW_AT_decl_line
	.byte	11                              @ DW_FORM_data1
	.byte	39                              @ DW_AT_prototyped
	.byte	25                              @ DW_FORM_flag_present
	.byte	63                              @ DW_AT_external
	.byte	25                              @ DW_FORM_flag_present
	.byte	0                               @ EOM(1)
	.byte	0                               @ EOM(2)
	.byte	9                               @ Abbreviation Code
	.byte	46                              @ DW_TAG_subprogram
	.byte	0                               @ DW_CHILDREN_no
	.byte	17                              @ DW_AT_low_pc
	.byte	1                               @ DW_FORM_addr
	.byte	18                              @ DW_AT_high_pc
	.byte	6                               @ DW_FORM_data4
	.byte	64                              @ DW_AT_frame_base
	.byte	24                              @ DW_FORM_exprloc
	.byte	3                               @ DW_AT_name
	.byte	14                              @ DW_FORM_strp
	.byte	58                              @ DW_AT_decl_file
	.byte	11                              @ DW_FORM_data1
	.byte	59                              @ DW_AT_decl_line
	.byte	11                              @ DW_FORM_data1
	.byte	39                              @ DW_AT_prototyped
	.byte	25                              @ DW_FORM_flag_present
	.byte	73                              @ DW_AT_type
	.byte	19                              @ DW_FORM_ref4
	.byte	63                              @ DW_AT_external
	.byte	25                              @ DW_FORM_flag_present
	.byte	0                               @ EOM(1)
	.byte	0                               @ EOM(2)
	.byte	10                              @ Abbreviation Code
	.byte	46                              @ DW_TAG_subprogram
	.byte	1                               @ DW_CHILDREN_yes
	.byte	17                              @ DW_AT_low_pc
	.byte	1                               @ DW_FORM_addr
	.byte	18                              @ DW_AT_high_pc
	.byte	6                               @ DW_FORM_data4
	.byte	64                              @ DW_AT_frame_base
	.byte	24                              @ DW_FORM_exprloc
	.byte	3                               @ DW_AT_name
	.byte	14                              @ DW_FORM_strp
	.byte	58                              @ DW_AT_decl_file
	.byte	11                              @ DW_FORM_data1
	.byte	59                              @ DW_AT_decl_line
	.byte	11                              @ DW_FORM_data1
	.byte	39                              @ DW_AT_prototyped
	.byte	25                              @ DW_FORM_flag_present
	.byte	63                              @ DW_AT_external
	.byte	25                              @ DW_FORM_flag_present
	.byte	0                               @ EOM(1)
	.byte	0                               @ EOM(2)
	.byte	11                              @ Abbreviation Code
	.byte	5                               @ DW_TAG_formal_parameter
	.byte	0                               @ DW_CHILDREN_no
	.byte	2                               @ DW_AT_location
	.byte	24                              @ DW_FORM_exprloc
	.byte	3                               @ DW_AT_name
	.byte	14                              @ DW_FORM_strp
	.byte	58                              @ DW_AT_decl_file
	.byte	11                              @ DW_FORM_data1
	.byte	59                              @ DW_AT_decl_line
	.byte	11                              @ DW_FORM_data1
	.byte	73                              @ DW_AT_type
	.byte	19                              @ DW_FORM_ref4
	.byte	0                               @ EOM(1)
	.byte	0                               @ EOM(2)
	.byte	0                               @ EOM(3)
	.section	.debug_info,"",%progbits
.Lcu_begin0:
	.long	.Ldebug_info_end0-.Ldebug_info_start0 @ Length of Unit
.Ldebug_info_start0:
	.short	4                               @ DWARF version number
	.long	.debug_abbrev                   @ Offset Into Abbrev. Section
	.byte	4                               @ Address Size (in bytes)
	.byte	1                               @ Abbrev [1] 0xb:0x13f DW_TAG_compile_unit
	.long	.Linfo_string0                  @ DW_AT_producer
	.short	12                              @ DW_AT_language
	.long	.Linfo_string1                  @ DW_AT_name
	.long	.Lline_table_start0             @ DW_AT_stmt_list
	.long	.Linfo_string2                  @ DW_AT_comp_dir
	.long	0                               @ DW_AT_low_pc
	.long	.Ldebug_ranges0                 @ DW_AT_ranges
	.byte	2                               @ Abbrev [2] 0x26:0x4f DW_TAG_enumeration_type
	.long	117                             @ DW_AT_type
	.byte	2                               @ DW_AT_byte_size
	.byte	1                               @ DW_AT_decl_file
	.byte	87                              @ DW_AT_decl_line
	.byte	3                               @ Abbrev [3] 0x2e:0x7 DW_TAG_enumerator
	.long	.Linfo_string4                  @ DW_AT_name
	.ascii	"\210\002"                      @ DW_AT_const_value
	.byte	3                               @ Abbrev [3] 0x35:0x7 DW_TAG_enumerator
	.long	.Linfo_string5                  @ DW_AT_name
	.ascii	"\211\002"                      @ DW_AT_const_value
	.byte	3                               @ Abbrev [3] 0x3c:0x7 DW_TAG_enumerator
	.long	.Linfo_string6                  @ DW_AT_name
	.ascii	"\213\002"                      @ DW_AT_const_value
	.byte	3                               @ Abbrev [3] 0x43:0x7 DW_TAG_enumerator
	.long	.Linfo_string7                  @ DW_AT_name
	.ascii	"\214\002"                      @ DW_AT_const_value
	.byte	3                               @ Abbrev [3] 0x4a:0x7 DW_TAG_enumerator
	.long	.Linfo_string8                  @ DW_AT_name
	.ascii	"\215\002"                      @ DW_AT_const_value
	.byte	3                               @ Abbrev [3] 0x51:0x7 DW_TAG_enumerator
	.long	.Linfo_string9                  @ DW_AT_name
	.ascii	"\217\002"                      @ DW_AT_const_value
	.byte	3                               @ Abbrev [3] 0x58:0x7 DW_TAG_enumerator
	.long	.Linfo_string10                 @ DW_AT_name
	.ascii	"\220\002"                      @ DW_AT_const_value
	.byte	3                               @ Abbrev [3] 0x5f:0x7 DW_TAG_enumerator
	.long	.Linfo_string11                 @ DW_AT_name
	.ascii	"\224\002"                      @ DW_AT_const_value
	.byte	3                               @ Abbrev [3] 0x66:0x7 DW_TAG_enumerator
	.long	.Linfo_string12                 @ DW_AT_name
	.ascii	"\225\002"                      @ DW_AT_const_value
	.byte	3                               @ Abbrev [3] 0x6d:0x7 DW_TAG_enumerator
	.long	.Linfo_string13                 @ DW_AT_name
	.ascii	"\212\004"                      @ DW_AT_const_value
	.byte	0                               @ End Of Children Mark
	.byte	4                               @ Abbrev [4] 0x75:0x7 DW_TAG_base_type
	.long	.Linfo_string3                  @ DW_AT_name
	.byte	7                               @ DW_AT_encoding
	.byte	2                               @ DW_AT_byte_size
	.byte	5                               @ Abbrev [5] 0x7c:0xb DW_TAG_typedef
	.long	135                             @ DW_AT_type
	.long	.Linfo_string15                 @ DW_AT_name
	.byte	2                               @ DW_AT_decl_file
	.byte	64                              @ DW_AT_decl_line
	.byte	4                               @ Abbrev [4] 0x87:0x7 DW_TAG_base_type
	.long	.Linfo_string14                 @ DW_AT_name
	.byte	7                               @ DW_AT_encoding
	.byte	4                               @ DW_AT_byte_size
	.byte	6                               @ Abbrev [6] 0x8e:0x5 DW_TAG_pointer_type
	.long	147                             @ DW_AT_type
	.byte	7                               @ Abbrev [7] 0x93:0x5 DW_TAG_volatile_type
	.long	124                             @ DW_AT_type
	.byte	8                               @ Abbrev [8] 0x98:0x11 DW_TAG_subprogram
	.long	.Lfunc_begin0                   @ DW_AT_low_pc
	.long	.Lfunc_end0-.Lfunc_begin0       @ DW_AT_high_pc
	.byte	1                               @ DW_AT_frame_base
	.byte	93
	.long	.Linfo_string16                 @ DW_AT_name
	.byte	3                               @ DW_AT_decl_file
	.byte	46                              @ DW_AT_decl_line
                                        @ DW_AT_prototyped
                                        @ DW_AT_external
	.byte	9                               @ Abbrev [9] 0xa9:0x15 DW_TAG_subprogram
	.long	.Lfunc_begin1                   @ DW_AT_low_pc
	.long	.Lfunc_end1-.Lfunc_begin1       @ DW_AT_high_pc
	.byte	1                               @ DW_AT_frame_base
	.byte	93
	.long	.Linfo_string17                 @ DW_AT_name
	.byte	3                               @ DW_AT_decl_file
	.byte	58                              @ DW_AT_decl_line
                                        @ DW_AT_prototyped
	.long	124                             @ DW_AT_type
                                        @ DW_AT_external
	.byte	10                              @ Abbrev [10] 0xbe:0x20 DW_TAG_subprogram
	.long	.Lfunc_begin2                   @ DW_AT_low_pc
	.long	.Lfunc_end2-.Lfunc_begin2       @ DW_AT_high_pc
	.byte	1                               @ DW_AT_frame_base
	.byte	93
	.long	.Linfo_string18                 @ DW_AT_name
	.byte	3                               @ DW_AT_decl_file
	.byte	73                              @ DW_AT_decl_line
                                        @ DW_AT_prototyped
                                        @ DW_AT_external
	.byte	11                              @ Abbrev [11] 0xcf:0xe DW_TAG_formal_parameter
	.byte	2                               @ DW_AT_location
	.byte	145
	.byte	0
	.long	.Linfo_string22                 @ DW_AT_name
	.byte	3                               @ DW_AT_decl_file
	.byte	73                              @ DW_AT_decl_line
	.long	124                             @ DW_AT_type
	.byte	0                               @ End Of Children Mark
	.byte	10                              @ Abbrev [10] 0xde:0x20 DW_TAG_subprogram
	.long	.Lfunc_begin3                   @ DW_AT_low_pc
	.long	.Lfunc_end3-.Lfunc_begin3       @ DW_AT_high_pc
	.byte	1                               @ DW_AT_frame_base
	.byte	93
	.long	.Linfo_string19                 @ DW_AT_name
	.byte	3                               @ DW_AT_decl_file
	.byte	88                              @ DW_AT_decl_line
                                        @ DW_AT_prototyped
                                        @ DW_AT_external
	.byte	11                              @ Abbrev [11] 0xef:0xe DW_TAG_formal_parameter
	.byte	2                               @ DW_AT_location
	.byte	145
	.byte	0
	.long	.Linfo_string22                 @ DW_AT_name
	.byte	3                               @ DW_AT_decl_file
	.byte	88                              @ DW_AT_decl_line
	.long	124                             @ DW_AT_type
	.byte	0                               @ End Of Children Mark
	.byte	10                              @ Abbrev [10] 0xfe:0x20 DW_TAG_subprogram
	.long	.Lfunc_begin4                   @ DW_AT_low_pc
	.long	.Lfunc_end4-.Lfunc_begin4       @ DW_AT_high_pc
	.byte	1                               @ DW_AT_frame_base
	.byte	93
	.long	.Linfo_string20                 @ DW_AT_name
	.byte	3                               @ DW_AT_decl_file
	.byte	110                             @ DW_AT_decl_line
                                        @ DW_AT_prototyped
                                        @ DW_AT_external
	.byte	11                              @ Abbrev [11] 0x10f:0xe DW_TAG_formal_parameter
	.byte	2                               @ DW_AT_location
	.byte	145
	.byte	0
	.long	.Linfo_string23                 @ DW_AT_name
	.byte	3                               @ DW_AT_decl_file
	.byte	110                             @ DW_AT_decl_line
	.long	318                             @ DW_AT_type
	.byte	0                               @ End Of Children Mark
	.byte	10                              @ Abbrev [10] 0x11e:0x20 DW_TAG_subprogram
	.long	.Lfunc_begin5                   @ DW_AT_low_pc
	.long	.Lfunc_end5-.Lfunc_begin5       @ DW_AT_high_pc
	.byte	1                               @ DW_AT_frame_base
	.byte	93
	.long	.Linfo_string21                 @ DW_AT_name
	.byte	3                               @ DW_AT_decl_file
	.byte	132                             @ DW_AT_decl_line
                                        @ DW_AT_prototyped
                                        @ DW_AT_external
	.byte	11                              @ Abbrev [11] 0x12f:0xe DW_TAG_formal_parameter
	.byte	2                               @ DW_AT_location
	.byte	145
	.byte	0
	.long	.Linfo_string23                 @ DW_AT_name
	.byte	3                               @ DW_AT_decl_file
	.byte	132                             @ DW_AT_decl_line
	.long	318                             @ DW_AT_type
	.byte	0                               @ End Of Children Mark
	.byte	5                               @ Abbrev [5] 0x13e:0xb DW_TAG_typedef
	.long	38                              @ DW_AT_type
	.long	.Linfo_string24                 @ DW_AT_name
	.byte	1                               @ DW_AT_decl_file
	.byte	98                              @ DW_AT_decl_line
	.byte	0                               @ End Of Children Mark
.Ldebug_info_end0:
	.section	.debug_ranges,"",%progbits
.Ldebug_ranges0:
	.long	.Lfunc_begin0
	.long	.Lfunc_end0
	.long	.Lfunc_begin1
	.long	.Lfunc_end1
	.long	.Lfunc_begin2
	.long	.Lfunc_end2
	.long	.Lfunc_begin3
	.long	.Lfunc_end3
	.long	.Lfunc_begin4
	.long	.Lfunc_end4
	.long	.Lfunc_begin5
	.long	.Lfunc_end5
	.long	0
	.long	0
	.section	.debug_str,"MS",%progbits,1
.Linfo_string0:
	.asciz	"Component: ARM Compiler 6.16 Tool: armclang [5dfeb700]" @ string offset=0
.Linfo_string1:
	.asciz	"../std/GD32C2x1_Firmware_Library/GD32C2x1_standard_peripheral/Source\\gd32c2x1_dbg.c" @ string offset=55
.Linfo_string2:
	.asciz	"E:\\work\\CX_NFC_RX\\prj"      @ string offset=139
.Linfo_string3:
	.asciz	"unsigned short"                @ string offset=161
.Linfo_string4:
	.asciz	"DBG_FWDGT_HOLD"                @ string offset=176
.Linfo_string5:
	.asciz	"DBG_WWDGT_HOLD"                @ string offset=191
.Linfo_string6:
	.asciz	"DBG_TIMER0_HOLD"               @ string offset=206
.Linfo_string7:
	.asciz	"DBG_TIMER2_HOLD"               @ string offset=222
.Linfo_string8:
	.asciz	"DBG_TIMER13_HOLD"              @ string offset=238
.Linfo_string9:
	.asciz	"DBG_I2C0_HOLD"                 @ string offset=255
.Linfo_string10:
	.asciz	"DBG_I2C1_HOLD"                 @ string offset=269
.Linfo_string11:
	.asciz	"DBG_TIMER15_HOLD"              @ string offset=283
.Linfo_string12:
	.asciz	"DBG_TIMER16_HOLD"              @ string offset=300
.Linfo_string13:
	.asciz	"DBG_RTC_HOLD"                  @ string offset=317
.Linfo_string14:
	.asciz	"unsigned int"                  @ string offset=330
.Linfo_string15:
	.asciz	"uint32_t"                      @ string offset=343
.Linfo_string16:
	.asciz	"dbg_deinit"                    @ string offset=352
.Linfo_string17:
	.asciz	"dbg_id_get"                    @ string offset=363
.Linfo_string18:
	.asciz	"dbg_low_power_enable"          @ string offset=374
.Linfo_string19:
	.asciz	"dbg_low_power_disable"         @ string offset=395
.Linfo_string20:
	.asciz	"dbg_periph_enable"             @ string offset=417
.Linfo_string21:
	.asciz	"dbg_periph_disable"            @ string offset=435
.Linfo_string22:
	.asciz	"dbg_low_power"                 @ string offset=454
.Linfo_string23:
	.asciz	"dbg_periph"                    @ string offset=468
.Linfo_string24:
	.asciz	"dbg_periph_enum"               @ string offset=479
	.ident	"Component: ARM Compiler 6.16 Tool: armclang [5dfeb700]"
	.section	".note.GNU-stack","",%progbits
	.eabi_attribute	30, 6	@ Tag_ABI_optimization_goals
	.ARM_attribute	16, 1	@ Tag_AV_eba
	.section	.debug_line,"",%progbits
.Lline_table_start0:
