	.text
	.syntax unified
	.eabi_attribute	67, "2.09"	@ Tag_conformance
	.cpu	cortex-m23
	.eabi_attribute	6, 16	@ Tag_CPU_arch
	.eabi_attribute	7, 77	@ Tag_CPU_arch_profile
	.eabi_attribute	8, 0	@ Tag_ARM_ISA_use
	.eabi_attribute	9, 3	@ Tag_THUMB_ISA_use
	.eabi_attribute	34, 0	@ Tag_CPU_unaligned_access
	.eabi_attribute	17, 1	@ Tag_ABI_PCS_GOT_use
	.eabi_attribute	20, 2	@ Tag_ABI_FP_denormal
	.eabi_attribute	21, 0	@ Tag_ABI_FP_exceptions
	.eabi_attribute	23, 1	@ Tag_ABI_FP_number_model
	.eabi_attribute	24, 1	@ Tag_ABI_align_needed
	.eabi_attribute	25, 1	@ Tag_ABI_align_preserved
	.eabi_attribute	38, 1	@ Tag_ABI_FP_16bit_format
	.eabi_attribute	18, 2	@ Tag_ABI_PCS_wchar_t
	.eabi_attribute	26, 1	@ Tag_ABI_enum_size
	.eabi_attribute	14, 0	@ Tag_ABI_PCS_R9_use
	.file	"gd32c2x1_crc.c"
	.file	1 "D:\\Keil_v5\\ARM\\ARMCLANG\\Bin\\..\\include" "stdint.h"
	.section	.text.crc_deinit,"ax",%progbits
	.hidden	crc_deinit                      @ -- Begin function crc_deinit
	.globl	crc_deinit
	.p2align	2
	.type	crc_deinit,%function
	.code	16                              @ @crc_deinit
	.thumb_func
crc_deinit:
.Lfunc_begin0:
	.file	2 "E:\\work\\CX_NFC_RX\\prj" "../std/GD32C2x1_Firmware_Library/GD32C2x1_standard_peripheral/Source/gd32c2x1_crc.c"
	.loc	2 49 0                          @ ../std/GD32C2x1_Firmware_Library/GD32C2x1_standard_peripheral/Source/gd32c2x1_crc.c:49:0
	.fnstart
	.cfi_sections .debug_frame
	.cfi_startproc
@ %bb.0:
	movs	r1, #0
	mvns	r0, r1
	ldr	r2, __arm_cp.0_0
.Ltmp0:
	.loc	2 50 15 prologue_end            @ ../std/GD32C2x1_Firmware_Library/GD32C2x1_standard_peripheral/Source/gd32c2x1_crc.c:50:15
	str	r0, [r2]
	ldr	r2, __arm_cp.0_1
	.loc	2 51 15                         @ ../std/GD32C2x1_Firmware_Library/GD32C2x1_standard_peripheral/Source/gd32c2x1_crc.c:51:15
	str	r1, [r2]
	ldr	r2, __arm_cp.0_2
	movs	r1, #1
	.loc	2 52 15                         @ ../std/GD32C2x1_Firmware_Library/GD32C2x1_standard_peripheral/Source/gd32c2x1_crc.c:52:15
	str	r1, [r2]
	ldr	r1, __arm_cp.0_3
	.loc	2 53 15                         @ ../std/GD32C2x1_Firmware_Library/GD32C2x1_standard_peripheral/Source/gd32c2x1_crc.c:53:15
	str	r0, [r1]
	ldr	r1, __arm_cp.0_4
	ldr	r0, __arm_cp.0_5
	.loc	2 54 15                         @ ../std/GD32C2x1_Firmware_Library/GD32C2x1_standard_peripheral/Source/gd32c2x1_crc.c:54:15
	str	r0, [r1]
	.loc	2 55 1                          @ ../std/GD32C2x1_Firmware_Library/GD32C2x1_standard_peripheral/Source/gd32c2x1_crc.c:55:1
	bx	lr
.Ltmp1:
	.p2align	2
@ %bb.1:
	.loc	2 0 1 is_stmt 0                 @ ../std/GD32C2x1_Firmware_Library/GD32C2x1_standard_peripheral/Source/gd32c2x1_crc.c:0:1
__arm_cp.0_0:
	.long	1073885184                      @ 0x40023000
.Lcpi_end0:
	.size	__arm_cp.0_0, .Lcpi_end0-__arm_cp.0_0
__arm_cp.0_1:
	.long	1073885188                      @ 0x40023004
.Lcpi_end1:
	.size	__arm_cp.0_1, .Lcpi_end1-__arm_cp.0_1
__arm_cp.0_2:
	.long	1073885192                      @ 0x40023008
.Lcpi_end2:
	.size	__arm_cp.0_2, .Lcpi_end2-__arm_cp.0_2
__arm_cp.0_3:
	.long	1073885200                      @ 0x40023010
.Lcpi_end3:
	.size	__arm_cp.0_3, .Lcpi_end3-__arm_cp.0_3
__arm_cp.0_4:
	.long	1073885204                      @ 0x40023014
.Lcpi_end4:
	.size	__arm_cp.0_4, .Lcpi_end4-__arm_cp.0_4
__arm_cp.0_5:
	.long	79764919                        @ 0x4c11db7
.Lcpi_end5:
	.size	__arm_cp.0_5, .Lcpi_end5-__arm_cp.0_5
.Lfunc_end0:
	.size	crc_deinit, .Lfunc_end0-crc_deinit
	.cfi_endproc
	.cantunwind
	.fnend
                                        @ -- End function
	.section	.text.crc_init_data_register_write,"ax",%progbits
	.hidden	crc_init_data_register_write    @ -- Begin function crc_init_data_register_write
	.globl	crc_init_data_register_write
	.p2align	2
	.type	crc_init_data_register_write,%function
	.code	16                              @ @crc_init_data_register_write
	.thumb_func
crc_init_data_register_write:
.Lfunc_begin1:
	.loc	2 64 0 is_stmt 1                @ ../std/GD32C2x1_Firmware_Library/GD32C2x1_standard_peripheral/Source/gd32c2x1_crc.c:64:0
	.fnstart
	.cfi_startproc
@ %bb.0:
	.pad	#4
	sub	sp, #4
	.cfi_def_cfa_offset 4
	str	r0, [sp]
.Ltmp2:
	.loc	2 65 17 prologue_end            @ ../std/GD32C2x1_Firmware_Library/GD32C2x1_standard_peripheral/Source/gd32c2x1_crc.c:65:17
	ldr	r0, [sp]
	ldr	r1, __arm_cp.1_0
	.loc	2 65 15 is_stmt 0               @ ../std/GD32C2x1_Firmware_Library/GD32C2x1_standard_peripheral/Source/gd32c2x1_crc.c:65:15
	str	r0, [r1]
	.loc	2 66 1 is_stmt 1                @ ../std/GD32C2x1_Firmware_Library/GD32C2x1_standard_peripheral/Source/gd32c2x1_crc.c:66:1
	add	sp, #4
	bx	lr
.Ltmp3:
	.p2align	2
@ %bb.1:
	.loc	2 0 1 is_stmt 0                 @ ../std/GD32C2x1_Firmware_Library/GD32C2x1_standard_peripheral/Source/gd32c2x1_crc.c:0:1
__arm_cp.1_0:
	.long	1073885200                      @ 0x40023010
.Lcpi_end6:
	.size	__arm_cp.1_0, .Lcpi_end6-__arm_cp.1_0
.Lfunc_end1:
	.size	crc_init_data_register_write, .Lfunc_end1-crc_init_data_register_write
	.cfi_endproc
	.cantunwind
	.fnend
                                        @ -- End function
	.section	.text.crc_data_register_read,"ax",%progbits
	.hidden	crc_data_register_read          @ -- Begin function crc_data_register_read
	.globl	crc_data_register_read
	.p2align	2
	.type	crc_data_register_read,%function
	.code	16                              @ @crc_data_register_read
	.thumb_func
crc_data_register_read:
.Lfunc_begin2:
	.loc	2 75 0 is_stmt 1                @ ../std/GD32C2x1_Firmware_Library/GD32C2x1_standard_peripheral/Source/gd32c2x1_crc.c:75:0
	.fnstart
	.cfi_startproc
@ %bb.0:
	.pad	#4
	sub	sp, #4
	.cfi_def_cfa_offset 4
	ldr	r0, __arm_cp.2_0
.Ltmp4:
	.loc	2 77 12 prologue_end            @ ../std/GD32C2x1_Firmware_Library/GD32C2x1_standard_peripheral/Source/gd32c2x1_crc.c:77:12
	ldr	r0, [r0]
	.loc	2 77 10 is_stmt 0               @ ../std/GD32C2x1_Firmware_Library/GD32C2x1_standard_peripheral/Source/gd32c2x1_crc.c:77:10
	str	r0, [sp]
	.loc	2 78 12 is_stmt 1               @ ../std/GD32C2x1_Firmware_Library/GD32C2x1_standard_peripheral/Source/gd32c2x1_crc.c:78:12
	ldr	r0, [sp]
	.loc	2 78 5 is_stmt 0                @ ../std/GD32C2x1_Firmware_Library/GD32C2x1_standard_peripheral/Source/gd32c2x1_crc.c:78:5
	add	sp, #4
	bx	lr
.Ltmp5:
	.p2align	2
@ %bb.1:
	.loc	2 0 5                           @ ../std/GD32C2x1_Firmware_Library/GD32C2x1_standard_peripheral/Source/gd32c2x1_crc.c:0:5
__arm_cp.2_0:
	.long	1073885184                      @ 0x40023000
.Lcpi_end7:
	.size	__arm_cp.2_0, .Lcpi_end7-__arm_cp.2_0
.Lfunc_end2:
	.size	crc_data_register_read, .Lfunc_end2-crc_data_register_read
	.cfi_endproc
	.cantunwind
	.fnend
                                        @ -- End function
	.section	.text.crc_free_data_register_read,"ax",%progbits
	.hidden	crc_free_data_register_read     @ -- Begin function crc_free_data_register_read
	.globl	crc_free_data_register_read
	.p2align	2
	.type	crc_free_data_register_read,%function
	.code	16                              @ @crc_free_data_register_read
	.thumb_func
crc_free_data_register_read:
.Lfunc_begin3:
	.loc	2 88 0 is_stmt 1                @ ../std/GD32C2x1_Firmware_Library/GD32C2x1_standard_peripheral/Source/gd32c2x1_crc.c:88:0
	.fnstart
	.cfi_startproc
@ %bb.0:
	.pad	#4
	sub	sp, #4
	.cfi_def_cfa_offset 4
	ldr	r0, __arm_cp.3_0
.Ltmp6:
	.loc	2 90 22 prologue_end            @ ../std/GD32C2x1_Firmware_Library/GD32C2x1_standard_peripheral/Source/gd32c2x1_crc.c:90:22
	ldr	r1, [r0]
	mov	r0, sp
	.loc	2 90 11 is_stmt 0               @ ../std/GD32C2x1_Firmware_Library/GD32C2x1_standard_peripheral/Source/gd32c2x1_crc.c:90:11
	strb	r1, [r0]
	.loc	2 91 12 is_stmt 1               @ ../std/GD32C2x1_Firmware_Library/GD32C2x1_standard_peripheral/Source/gd32c2x1_crc.c:91:12
	ldrb	r0, [r0]
	.loc	2 91 5 is_stmt 0                @ ../std/GD32C2x1_Firmware_Library/GD32C2x1_standard_peripheral/Source/gd32c2x1_crc.c:91:5
	add	sp, #4
	bx	lr
.Ltmp7:
	.p2align	2
@ %bb.1:
	.loc	2 0 5                           @ ../std/GD32C2x1_Firmware_Library/GD32C2x1_standard_peripheral/Source/gd32c2x1_crc.c:0:5
__arm_cp.3_0:
	.long	1073885188                      @ 0x40023004
.Lcpi_end8:
	.size	__arm_cp.3_0, .Lcpi_end8-__arm_cp.3_0
.Lfunc_end3:
	.size	crc_free_data_register_read, .Lfunc_end3-crc_free_data_register_read
	.cfi_endproc
	.cantunwind
	.fnend
                                        @ -- End function
	.section	.text.crc_free_data_register_write,"ax",%progbits
	.hidden	crc_free_data_register_write    @ -- Begin function crc_free_data_register_write
	.globl	crc_free_data_register_write
	.p2align	2
	.type	crc_free_data_register_write,%function
	.code	16                              @ @crc_free_data_register_write
	.thumb_func
crc_free_data_register_write:
.Lfunc_begin4:
	.loc	2 101 0 is_stmt 1               @ ../std/GD32C2x1_Firmware_Library/GD32C2x1_standard_peripheral/Source/gd32c2x1_crc.c:101:0
	.fnstart
	.cfi_startproc
@ %bb.0:
	.pad	#4
	sub	sp, #4
	.cfi_def_cfa_offset 4
	mov	r1, r0
                                        @ kill: def $r0 killed $r1
	mov	r0, sp
	strb	r1, [r0]
.Ltmp8:
	.loc	2 102 27 prologue_end           @ ../std/GD32C2x1_Firmware_Library/GD32C2x1_standard_peripheral/Source/gd32c2x1_crc.c:102:27
	ldrb	r0, [r0]
	ldr	r1, __arm_cp.4_0
	.loc	2 102 15 is_stmt 0              @ ../std/GD32C2x1_Firmware_Library/GD32C2x1_standard_peripheral/Source/gd32c2x1_crc.c:102:15
	str	r0, [r1]
	.loc	2 103 1 is_stmt 1               @ ../std/GD32C2x1_Firmware_Library/GD32C2x1_standard_peripheral/Source/gd32c2x1_crc.c:103:1
	add	sp, #4
	bx	lr
.Ltmp9:
	.p2align	2
@ %bb.1:
	.loc	2 0 1 is_stmt 0                 @ ../std/GD32C2x1_Firmware_Library/GD32C2x1_standard_peripheral/Source/gd32c2x1_crc.c:0:1
__arm_cp.4_0:
	.long	1073885188                      @ 0x40023004
.Lcpi_end9:
	.size	__arm_cp.4_0, .Lcpi_end9-__arm_cp.4_0
.Lfunc_end4:
	.size	crc_free_data_register_write, .Lfunc_end4-crc_free_data_register_write
	.cfi_endproc
	.cantunwind
	.fnend
                                        @ -- End function
	.section	.text.crc_reverse_output_data_disable,"ax",%progbits
	.hidden	crc_reverse_output_data_disable @ -- Begin function crc_reverse_output_data_disable
	.globl	crc_reverse_output_data_disable
	.p2align	2
	.type	crc_reverse_output_data_disable,%function
	.code	16                              @ @crc_reverse_output_data_disable
	.thumb_func
crc_reverse_output_data_disable:
.Lfunc_begin5:
	.loc	2 112 0 is_stmt 1               @ ../std/GD32C2x1_Firmware_Library/GD32C2x1_standard_peripheral/Source/gd32c2x1_crc.c:112:0
	.fnstart
	.cfi_startproc
@ %bb.0:
	ldr	r1, __arm_cp.5_0
.Ltmp10:
	.loc	2 113 13 prologue_end           @ ../std/GD32C2x1_Firmware_Library/GD32C2x1_standard_peripheral/Source/gd32c2x1_crc.c:113:13
	ldr	r0, [r1]
	movs	r2, #128
	bics	r0, r2
	str	r0, [r1]
	.loc	2 114 1                         @ ../std/GD32C2x1_Firmware_Library/GD32C2x1_standard_peripheral/Source/gd32c2x1_crc.c:114:1
	bx	lr
.Ltmp11:
	.p2align	2
@ %bb.1:
	.loc	2 0 1 is_stmt 0                 @ ../std/GD32C2x1_Firmware_Library/GD32C2x1_standard_peripheral/Source/gd32c2x1_crc.c:0:1
__arm_cp.5_0:
	.long	1073885192                      @ 0x40023008
.Lcpi_end10:
	.size	__arm_cp.5_0, .Lcpi_end10-__arm_cp.5_0
.Lfunc_end5:
	.size	crc_reverse_output_data_disable, .Lfunc_end5-crc_reverse_output_data_disable
	.cfi_endproc
	.cantunwind
	.fnend
                                        @ -- End function
	.section	.text.crc_reverse_output_data_enable,"ax",%progbits
	.hidden	crc_reverse_output_data_enable  @ -- Begin function crc_reverse_output_data_enable
	.globl	crc_reverse_output_data_enable
	.p2align	2
	.type	crc_reverse_output_data_enable,%function
	.code	16                              @ @crc_reverse_output_data_enable
	.thumb_func
crc_reverse_output_data_enable:
.Lfunc_begin6:
	.loc	2 123 0 is_stmt 1               @ ../std/GD32C2x1_Firmware_Library/GD32C2x1_standard_peripheral/Source/gd32c2x1_crc.c:123:0
	.fnstart
	.cfi_startproc
@ %bb.0:
	ldr	r1, __arm_cp.6_0
.Ltmp12:
	.loc	2 124 13 prologue_end           @ ../std/GD32C2x1_Firmware_Library/GD32C2x1_standard_peripheral/Source/gd32c2x1_crc.c:124:13
	ldr	r0, [r1]
	movs	r2, #128
	bics	r0, r2
	str	r0, [r1]
	.loc	2 125 13                        @ ../std/GD32C2x1_Firmware_Library/GD32C2x1_standard_peripheral/Source/gd32c2x1_crc.c:125:13
	ldr	r0, [r1]
	orrs	r0, r2
	str	r0, [r1]
	.loc	2 126 1                         @ ../std/GD32C2x1_Firmware_Library/GD32C2x1_standard_peripheral/Source/gd32c2x1_crc.c:126:1
	bx	lr
.Ltmp13:
	.p2align	2
@ %bb.1:
	.loc	2 0 1 is_stmt 0                 @ ../std/GD32C2x1_Firmware_Library/GD32C2x1_standard_peripheral/Source/gd32c2x1_crc.c:0:1
__arm_cp.6_0:
	.long	1073885192                      @ 0x40023008
.Lcpi_end11:
	.size	__arm_cp.6_0, .Lcpi_end11-__arm_cp.6_0
.Lfunc_end6:
	.size	crc_reverse_output_data_enable, .Lfunc_end6-crc_reverse_output_data_enable
	.cfi_endproc
	.cantunwind
	.fnend
                                        @ -- End function
	.section	.text.crc_input_data_reverse_config,"ax",%progbits
	.hidden	crc_input_data_reverse_config   @ -- Begin function crc_input_data_reverse_config
	.globl	crc_input_data_reverse_config
	.p2align	2
	.type	crc_input_data_reverse_config,%function
	.code	16                              @ @crc_input_data_reverse_config
	.thumb_func
crc_input_data_reverse_config:
.Lfunc_begin7:
	.loc	2 140 0 is_stmt 1               @ ../std/GD32C2x1_Firmware_Library/GD32C2x1_standard_peripheral/Source/gd32c2x1_crc.c:140:0
	.fnstart
	.cfi_startproc
@ %bb.0:
	.pad	#4
	sub	sp, #4
	.cfi_def_cfa_offset 4
	str	r0, [sp]
	ldr	r1, __arm_cp.7_0
.Ltmp14:
	.loc	2 141 13 prologue_end           @ ../std/GD32C2x1_Firmware_Library/GD32C2x1_standard_peripheral/Source/gd32c2x1_crc.c:141:13
	ldr	r2, [r1]
	movs	r0, #96
	bics	r2, r0
	str	r2, [r1]
	.loc	2 142 27                        @ ../std/GD32C2x1_Firmware_Library/GD32C2x1_standard_peripheral/Source/gd32c2x1_crc.c:142:27
	ldr	r2, [sp]
	.loc	2 142 40 is_stmt 0              @ ../std/GD32C2x1_Firmware_Library/GD32C2x1_standard_peripheral/Source/gd32c2x1_crc.c:142:40
	ands	r2, r0
	.loc	2 142 13                        @ ../std/GD32C2x1_Firmware_Library/GD32C2x1_standard_peripheral/Source/gd32c2x1_crc.c:142:13
	ldr	r0, [r1]
	orrs	r0, r2
	str	r0, [r1]
	.loc	2 143 1 is_stmt 1               @ ../std/GD32C2x1_Firmware_Library/GD32C2x1_standard_peripheral/Source/gd32c2x1_crc.c:143:1
	add	sp, #4
	bx	lr
.Ltmp15:
	.p2align	2
@ %bb.1:
	.loc	2 0 1 is_stmt 0                 @ ../std/GD32C2x1_Firmware_Library/GD32C2x1_standard_peripheral/Source/gd32c2x1_crc.c:0:1
__arm_cp.7_0:
	.long	1073885192                      @ 0x40023008
.Lcpi_end12:
	.size	__arm_cp.7_0, .Lcpi_end12-__arm_cp.7_0
.Lfunc_end7:
	.size	crc_input_data_reverse_config, .Lfunc_end7-crc_input_data_reverse_config
	.cfi_endproc
	.cantunwind
	.fnend
                                        @ -- End function
	.section	.text.crc_data_register_reset,"ax",%progbits
	.hidden	crc_data_register_reset         @ -- Begin function crc_data_register_reset
	.globl	crc_data_register_reset
	.p2align	2
	.type	crc_data_register_reset,%function
	.code	16                              @ @crc_data_register_reset
	.thumb_func
crc_data_register_reset:
.Lfunc_begin8:
	.loc	2 152 0 is_stmt 1               @ ../std/GD32C2x1_Firmware_Library/GD32C2x1_standard_peripheral/Source/gd32c2x1_crc.c:152:0
	.fnstart
	.cfi_startproc
@ %bb.0:
	ldr	r1, __arm_cp.8_0
.Ltmp16:
	.loc	2 153 13 prologue_end           @ ../std/GD32C2x1_Firmware_Library/GD32C2x1_standard_peripheral/Source/gd32c2x1_crc.c:153:13
	ldr	r0, [r1]
	movs	r2, #1
	orrs	r0, r2
	str	r0, [r1]
	.loc	2 154 1                         @ ../std/GD32C2x1_Firmware_Library/GD32C2x1_standard_peripheral/Source/gd32c2x1_crc.c:154:1
	bx	lr
.Ltmp17:
	.p2align	2
@ %bb.1:
	.loc	2 0 1 is_stmt 0                 @ ../std/GD32C2x1_Firmware_Library/GD32C2x1_standard_peripheral/Source/gd32c2x1_crc.c:0:1
__arm_cp.8_0:
	.long	1073885192                      @ 0x40023008
.Lcpi_end13:
	.size	__arm_cp.8_0, .Lcpi_end13-__arm_cp.8_0
.Lfunc_end8:
	.size	crc_data_register_reset, .Lfunc_end8-crc_data_register_reset
	.cfi_endproc
	.cantunwind
	.fnend
                                        @ -- End function
	.section	.text.crc_polynomial_size_set,"ax",%progbits
	.hidden	crc_polynomial_size_set         @ -- Begin function crc_polynomial_size_set
	.globl	crc_polynomial_size_set
	.p2align	2
	.type	crc_polynomial_size_set,%function
	.code	16                              @ @crc_polynomial_size_set
	.thumb_func
crc_polynomial_size_set:
.Lfunc_begin9:
	.loc	2 168 0 is_stmt 1               @ ../std/GD32C2x1_Firmware_Library/GD32C2x1_standard_peripheral/Source/gd32c2x1_crc.c:168:0
	.fnstart
	.cfi_startproc
@ %bb.0:
	.pad	#4
	sub	sp, #4
	.cfi_def_cfa_offset 4
	str	r0, [sp]
	ldr	r1, __arm_cp.9_0
.Ltmp18:
	.loc	2 169 13 prologue_end           @ ../std/GD32C2x1_Firmware_Library/GD32C2x1_standard_peripheral/Source/gd32c2x1_crc.c:169:13
	ldr	r2, [r1]
	movs	r0, #24
	bics	r2, r0
	str	r2, [r1]
	.loc	2 170 27                        @ ../std/GD32C2x1_Firmware_Library/GD32C2x1_standard_peripheral/Source/gd32c2x1_crc.c:170:27
	ldr	r2, [sp]
	.loc	2 170 37 is_stmt 0              @ ../std/GD32C2x1_Firmware_Library/GD32C2x1_standard_peripheral/Source/gd32c2x1_crc.c:170:37
	ands	r2, r0
	.loc	2 170 13                        @ ../std/GD32C2x1_Firmware_Library/GD32C2x1_standard_peripheral/Source/gd32c2x1_crc.c:170:13
	ldr	r0, [r1]
	orrs	r0, r2
	str	r0, [r1]
	.loc	2 171 1 is_stmt 1               @ ../std/GD32C2x1_Firmware_Library/GD32C2x1_standard_peripheral/Source/gd32c2x1_crc.c:171:1
	add	sp, #4
	bx	lr
.Ltmp19:
	.p2align	2
@ %bb.1:
	.loc	2 0 1 is_stmt 0                 @ ../std/GD32C2x1_Firmware_Library/GD32C2x1_standard_peripheral/Source/gd32c2x1_crc.c:0:1
__arm_cp.9_0:
	.long	1073885192                      @ 0x40023008
.Lcpi_end14:
	.size	__arm_cp.9_0, .Lcpi_end14-__arm_cp.9_0
.Lfunc_end9:
	.size	crc_polynomial_size_set, .Lfunc_end9-crc_polynomial_size_set
	.cfi_endproc
	.cantunwind
	.fnend
                                        @ -- End function
	.section	.text.crc_polynomial_set,"ax",%progbits
	.hidden	crc_polynomial_set              @ -- Begin function crc_polynomial_set
	.globl	crc_polynomial_set
	.p2align	2
	.type	crc_polynomial_set,%function
	.code	16                              @ @crc_polynomial_set
	.thumb_func
crc_polynomial_set:
.Lfunc_begin10:
	.loc	2 180 0 is_stmt 1               @ ../std/GD32C2x1_Firmware_Library/GD32C2x1_standard_peripheral/Source/gd32c2x1_crc.c:180:0
	.fnstart
	.cfi_startproc
@ %bb.0:
	.pad	#4
	sub	sp, #4
	.cfi_def_cfa_offset 4
	str	r0, [sp]
	ldr	r1, __arm_cp.10_0
.Ltmp20:
	.loc	2 181 14 prologue_end           @ ../std/GD32C2x1_Firmware_Library/GD32C2x1_standard_peripheral/Source/gd32c2x1_crc.c:181:14
	ldr	r0, [r1]
	movs	r0, #0
	str	r0, [r1]
	.loc	2 182 16                        @ ../std/GD32C2x1_Firmware_Library/GD32C2x1_standard_peripheral/Source/gd32c2x1_crc.c:182:16
	ldr	r0, [sp]
	.loc	2 182 14 is_stmt 0              @ ../std/GD32C2x1_Firmware_Library/GD32C2x1_standard_peripheral/Source/gd32c2x1_crc.c:182:14
	str	r0, [r1]
	.loc	2 183 1 is_stmt 1               @ ../std/GD32C2x1_Firmware_Library/GD32C2x1_standard_peripheral/Source/gd32c2x1_crc.c:183:1
	add	sp, #4
	bx	lr
.Ltmp21:
	.p2align	2
@ %bb.1:
	.loc	2 0 1 is_stmt 0                 @ ../std/GD32C2x1_Firmware_Library/GD32C2x1_standard_peripheral/Source/gd32c2x1_crc.c:0:1
__arm_cp.10_0:
	.long	1073885204                      @ 0x40023014
.Lcpi_end15:
	.size	__arm_cp.10_0, .Lcpi_end15-__arm_cp.10_0
.Lfunc_end10:
	.size	crc_polynomial_set, .Lfunc_end10-crc_polynomial_set
	.cfi_endproc
	.cantunwind
	.fnend
                                        @ -- End function
	.section	.text.crc_single_data_calculate,"ax",%progbits
	.hidden	crc_single_data_calculate       @ -- Begin function crc_single_data_calculate
	.globl	crc_single_data_calculate
	.p2align	2
	.type	crc_single_data_calculate,%function
	.code	16                              @ @crc_single_data_calculate
	.thumb_func
crc_single_data_calculate:
.Lfunc_begin11:
	.loc	2 197 0 is_stmt 1               @ ../std/GD32C2x1_Firmware_Library/GD32C2x1_standard_peripheral/Source/gd32c2x1_crc.c:197:0
	.fnstart
	.cfi_startproc
@ %bb.0:
	.pad	#12
	sub	sp, #12
	.cfi_def_cfa_offset 12
                                        @ kill: def $r2 killed $r1
	str	r0, [sp, #8]
	add	r0, sp, #4
	strb	r1, [r0]
	movs	r1, #0
	mvns	r1, r1
.Ltmp22:
	.loc	2 198 14 prologue_end           @ ../std/GD32C2x1_Firmware_Library/GD32C2x1_standard_peripheral/Source/gd32c2x1_crc.c:198:14
	str	r1, [sp]
.Ltmp23:
	.loc	2 200 29                        @ ../std/GD32C2x1_Firmware_Library/GD32C2x1_standard_peripheral/Source/gd32c2x1_crc.c:200:29
	ldrb	r0, [r0]
.Ltmp24:
	.loc	2 200 8 is_stmt 0               @ ../std/GD32C2x1_Firmware_Library/GD32C2x1_standard_peripheral/Source/gd32c2x1_crc.c:200:8
	cbnz	r0, .LBB11_2
	b	.LBB11_1
.LBB11_1:
.Ltmp25:
	.loc	2 201 22 is_stmt 1              @ ../std/GD32C2x1_Firmware_Library/GD32C2x1_standard_peripheral/Source/gd32c2x1_crc.c:201:22
	ldr	r0, [sp, #8]
	ldr	r1, __arm_cp.11_0
	.loc	2 201 20 is_stmt 0              @ ../std/GD32C2x1_Firmware_Library/GD32C2x1_standard_peripheral/Source/gd32c2x1_crc.c:201:20
	str	r0, [r1]
	.loc	2 202 5 is_stmt 1               @ ../std/GD32C2x1_Firmware_Library/GD32C2x1_standard_peripheral/Source/gd32c2x1_crc.c:202:5
	b	.LBB11_6
.Ltmp26:
.LBB11_2:
	.loc	2 0 5 is_stmt 0                 @ ../std/GD32C2x1_Firmware_Library/GD32C2x1_standard_peripheral/Source/gd32c2x1_crc.c:0:5
	add	r0, sp, #4
.Ltmp27:
	.loc	2 202 40                        @ ../std/GD32C2x1_Firmware_Library/GD32C2x1_standard_peripheral/Source/gd32c2x1_crc.c:202:40
	ldrb	r0, [r0]
.Ltmp28:
	.loc	2 202 15                        @ ../std/GD32C2x1_Firmware_Library/GD32C2x1_standard_peripheral/Source/gd32c2x1_crc.c:202:15
	cmp	r0, #1
	bne	.LBB11_4
	b	.LBB11_3
.LBB11_3:
.Ltmp29:
	.loc	2 203 32 is_stmt 1              @ ../std/GD32C2x1_Firmware_Library/GD32C2x1_standard_peripheral/Source/gd32c2x1_crc.c:203:32
	ldr	r0, [sp, #8]
	ldr	r1, __arm_cp.11_0
	.loc	2 203 20 is_stmt 0              @ ../std/GD32C2x1_Firmware_Library/GD32C2x1_standard_peripheral/Source/gd32c2x1_crc.c:203:20
	strh	r0, [r1]
	.loc	2 204 5 is_stmt 1               @ ../std/GD32C2x1_Firmware_Library/GD32C2x1_standard_peripheral/Source/gd32c2x1_crc.c:204:5
	b	.LBB11_5
.Ltmp30:
.LBB11_4:
	.loc	2 205 30                        @ ../std/GD32C2x1_Firmware_Library/GD32C2x1_standard_peripheral/Source/gd32c2x1_crc.c:205:30
	ldr	r0, [sp, #8]
	ldr	r1, __arm_cp.11_0
	.loc	2 205 19 is_stmt 0              @ ../std/GD32C2x1_Firmware_Library/GD32C2x1_standard_peripheral/Source/gd32c2x1_crc.c:205:19
	strb	r0, [r1]
	b	.LBB11_5
.Ltmp31:
.LBB11_5:
	.loc	2 0 19                          @ ../std/GD32C2x1_Firmware_Library/GD32C2x1_standard_peripheral/Source/gd32c2x1_crc.c:0:19
	b	.LBB11_6
.LBB11_6:
	ldr	r0, __arm_cp.11_0
	.loc	2 207 15 is_stmt 1              @ ../std/GD32C2x1_Firmware_Library/GD32C2x1_standard_peripheral/Source/gd32c2x1_crc.c:207:15
	ldr	r0, [r0]
	.loc	2 207 13 is_stmt 0              @ ../std/GD32C2x1_Firmware_Library/GD32C2x1_standard_peripheral/Source/gd32c2x1_crc.c:207:13
	str	r0, [sp]
	.loc	2 209 12 is_stmt 1              @ ../std/GD32C2x1_Firmware_Library/GD32C2x1_standard_peripheral/Source/gd32c2x1_crc.c:209:12
	ldr	r0, [sp]
	.loc	2 209 5 is_stmt 0               @ ../std/GD32C2x1_Firmware_Library/GD32C2x1_standard_peripheral/Source/gd32c2x1_crc.c:209:5
	add	sp, #12
	bx	lr
.Ltmp32:
	.p2align	2
@ %bb.7:
	.loc	2 0 5                           @ ../std/GD32C2x1_Firmware_Library/GD32C2x1_standard_peripheral/Source/gd32c2x1_crc.c:0:5
__arm_cp.11_0:
	.long	1073885184                      @ 0x40023000
.Lcpi_end16:
	.size	__arm_cp.11_0, .Lcpi_end16-__arm_cp.11_0
.Lfunc_end11:
	.size	crc_single_data_calculate, .Lfunc_end11-crc_single_data_calculate
	.cfi_endproc
	.cantunwind
	.fnend
                                        @ -- End function
	.section	.text.crc_block_data_calculate,"ax",%progbits
	.hidden	crc_block_data_calculate        @ -- Begin function crc_block_data_calculate
	.globl	crc_block_data_calculate
	.p2align	2
	.type	crc_block_data_calculate,%function
	.code	16                              @ @crc_block_data_calculate
	.thumb_func
crc_block_data_calculate:
.Lfunc_begin12:
	.loc	2 225 0 is_stmt 1               @ ../std/GD32C2x1_Firmware_Library/GD32C2x1_standard_peripheral/Source/gd32c2x1_crc.c:225:0
	.fnstart
	.cfi_startproc
@ %bb.0:
	.pad	#24
	sub	sp, #24
	.cfi_def_cfa_offset 24
                                        @ kill: def $r3 killed $r2
	str	r0, [sp, #20]
	str	r1, [sp, #16]
	add	r0, sp, #12
	strb	r2, [r0]
	movs	r1, #0
	mvns	r1, r1
.Ltmp33:
	.loc	2 228 14 prologue_end           @ ../std/GD32C2x1_Firmware_Library/GD32C2x1_standard_peripheral/Source/gd32c2x1_crc.c:228:14
	str	r1, [sp]
.Ltmp34:
	.loc	2 237 26                        @ ../std/GD32C2x1_Firmware_Library/GD32C2x1_standard_peripheral/Source/gd32c2x1_crc.c:237:26
	ldr	r1, [sp, #20]
	.loc	2 237 14 is_stmt 0              @ ../std/GD32C2x1_Firmware_Library/GD32C2x1_standard_peripheral/Source/gd32c2x1_crc.c:237:14
	str	r1, [sp, #8]
.Ltmp35:
	.loc	2 239 33 is_stmt 1              @ ../std/GD32C2x1_Firmware_Library/GD32C2x1_standard_peripheral/Source/gd32c2x1_crc.c:239:33
	ldrb	r0, [r0]
.Ltmp36:
	.loc	2 239 12 is_stmt 0              @ ../std/GD32C2x1_Firmware_Library/GD32C2x1_standard_peripheral/Source/gd32c2x1_crc.c:239:12
	cbnz	r0, .LBB12_6
	b	.LBB12_1
.LBB12_1:
	.loc	2 0 12                          @ ../std/GD32C2x1_Firmware_Library/GD32C2x1_standard_peripheral/Source/gd32c2x1_crc.c:0:12
	movs	r0, #0
.Ltmp37:
	.loc	2 240 23 is_stmt 1              @ ../std/GD32C2x1_Firmware_Library/GD32C2x1_standard_peripheral/Source/gd32c2x1_crc.c:240:23
	str	r0, [sp, #4]
	.loc	2 240 17 is_stmt 0              @ ../std/GD32C2x1_Firmware_Library/GD32C2x1_standard_peripheral/Source/gd32c2x1_crc.c:240:17
	b	.LBB12_2
.LBB12_2:                               @ =>This Inner Loop Header: Depth=1
.Ltmp38:
	.loc	2 240 29                        @ ../std/GD32C2x1_Firmware_Library/GD32C2x1_standard_peripheral/Source/gd32c2x1_crc.c:240:29
	ldr	r0, [sp, #4]
	.loc	2 240 37                        @ ../std/GD32C2x1_Firmware_Library/GD32C2x1_standard_peripheral/Source/gd32c2x1_crc.c:240:37
	ldr	r1, [sp, #16]
.Ltmp39:
	.loc	2 240 13                        @ ../std/GD32C2x1_Firmware_Library/GD32C2x1_standard_peripheral/Source/gd32c2x1_crc.c:240:13
	cmp	r0, r1
	bhs	.LBB12_5
	b	.LBB12_3
.LBB12_3:                               @   in Loop: Header=BB12_2 Depth=1
.Ltmp40:
	.loc	2 241 43 is_stmt 1              @ ../std/GD32C2x1_Firmware_Library/GD32C2x1_standard_peripheral/Source/gd32c2x1_crc.c:241:43
	ldr	r0, [sp, #8]
	.loc	2 241 30 is_stmt 0              @ ../std/GD32C2x1_Firmware_Library/GD32C2x1_standard_peripheral/Source/gd32c2x1_crc.c:241:30
	ldr	r0, [r0]
	ldr	r1, __arm_cp.12_0
	.loc	2 241 28                        @ ../std/GD32C2x1_Firmware_Library/GD32C2x1_standard_peripheral/Source/gd32c2x1_crc.c:241:28
	str	r0, [r1]
	.loc	2 242 22 is_stmt 1              @ ../std/GD32C2x1_Firmware_Library/GD32C2x1_standard_peripheral/Source/gd32c2x1_crc.c:242:22
	ldr	r0, [sp, #8]
	adds	r0, r0, #4
	str	r0, [sp, #8]
	.loc	2 243 13                        @ ../std/GD32C2x1_Firmware_Library/GD32C2x1_standard_peripheral/Source/gd32c2x1_crc.c:243:13
	b	.LBB12_4
.Ltmp41:
.LBB12_4:                               @   in Loop: Header=BB12_2 Depth=1
	.loc	2 240 48                        @ ../std/GD32C2x1_Firmware_Library/GD32C2x1_standard_peripheral/Source/gd32c2x1_crc.c:240:48
	ldr	r0, [sp, #4]
	adds	r0, r0, #1
	str	r0, [sp, #4]
	.loc	2 240 13 is_stmt 0              @ ../std/GD32C2x1_Firmware_Library/GD32C2x1_standard_peripheral/Source/gd32c2x1_crc.c:240:13
	b	.LBB12_2
.Ltmp42:
.LBB12_5:
	.loc	2 244 9 is_stmt 1               @ ../std/GD32C2x1_Firmware_Library/GD32C2x1_standard_peripheral/Source/gd32c2x1_crc.c:244:9
	b	.LBB12_18
.Ltmp43:
.LBB12_6:
	.loc	2 0 9 is_stmt 0                 @ ../std/GD32C2x1_Firmware_Library/GD32C2x1_standard_peripheral/Source/gd32c2x1_crc.c:0:9
	add	r0, sp, #12
.Ltmp44:
	.loc	2 244 44                        @ ../std/GD32C2x1_Firmware_Library/GD32C2x1_standard_peripheral/Source/gd32c2x1_crc.c:244:44
	ldrb	r0, [r0]
.Ltmp45:
	.loc	2 244 19                        @ ../std/GD32C2x1_Firmware_Library/GD32C2x1_standard_peripheral/Source/gd32c2x1_crc.c:244:19
	cmp	r0, #1
	bne	.LBB12_12
	b	.LBB12_7
.LBB12_7:
	.loc	2 0 19                          @ ../std/GD32C2x1_Firmware_Library/GD32C2x1_standard_peripheral/Source/gd32c2x1_crc.c:0:19
	movs	r0, #0
.Ltmp46:
	.loc	2 245 23 is_stmt 1              @ ../std/GD32C2x1_Firmware_Library/GD32C2x1_standard_peripheral/Source/gd32c2x1_crc.c:245:23
	str	r0, [sp, #4]
	.loc	2 245 17 is_stmt 0              @ ../std/GD32C2x1_Firmware_Library/GD32C2x1_standard_peripheral/Source/gd32c2x1_crc.c:245:17
	b	.LBB12_8
.LBB12_8:                               @ =>This Inner Loop Header: Depth=1
.Ltmp47:
	.loc	2 245 29                        @ ../std/GD32C2x1_Firmware_Library/GD32C2x1_standard_peripheral/Source/gd32c2x1_crc.c:245:29
	ldr	r0, [sp, #4]
	.loc	2 245 37                        @ ../std/GD32C2x1_Firmware_Library/GD32C2x1_standard_peripheral/Source/gd32c2x1_crc.c:245:37
	ldr	r1, [sp, #16]
.Ltmp48:
	.loc	2 245 13                        @ ../std/GD32C2x1_Firmware_Library/GD32C2x1_standard_peripheral/Source/gd32c2x1_crc.c:245:13
	cmp	r0, r1
	bhs	.LBB12_11
	b	.LBB12_9
.LBB12_9:                               @   in Loop: Header=BB12_8 Depth=1
.Ltmp49:
	.loc	2 246 43 is_stmt 1              @ ../std/GD32C2x1_Firmware_Library/GD32C2x1_standard_peripheral/Source/gd32c2x1_crc.c:246:43
	ldr	r0, [sp, #8]
	.loc	2 246 30 is_stmt 0              @ ../std/GD32C2x1_Firmware_Library/GD32C2x1_standard_peripheral/Source/gd32c2x1_crc.c:246:30
	ldrh	r0, [r0]
	ldr	r1, __arm_cp.12_0
	.loc	2 246 28                        @ ../std/GD32C2x1_Firmware_Library/GD32C2x1_standard_peripheral/Source/gd32c2x1_crc.c:246:28
	strh	r0, [r1]
	.loc	2 247 22 is_stmt 1              @ ../std/GD32C2x1_Firmware_Library/GD32C2x1_standard_peripheral/Source/gd32c2x1_crc.c:247:22
	ldr	r0, [sp, #8]
	adds	r0, r0, #2
	str	r0, [sp, #8]
	.loc	2 248 13                        @ ../std/GD32C2x1_Firmware_Library/GD32C2x1_standard_peripheral/Source/gd32c2x1_crc.c:248:13
	b	.LBB12_10
.Ltmp50:
.LBB12_10:                              @   in Loop: Header=BB12_8 Depth=1
	.loc	2 245 48                        @ ../std/GD32C2x1_Firmware_Library/GD32C2x1_standard_peripheral/Source/gd32c2x1_crc.c:245:48
	ldr	r0, [sp, #4]
	adds	r0, r0, #1
	str	r0, [sp, #4]
	.loc	2 245 13 is_stmt 0              @ ../std/GD32C2x1_Firmware_Library/GD32C2x1_standard_peripheral/Source/gd32c2x1_crc.c:245:13
	b	.LBB12_8
.Ltmp51:
.LBB12_11:
	.loc	2 249 9 is_stmt 1               @ ../std/GD32C2x1_Firmware_Library/GD32C2x1_standard_peripheral/Source/gd32c2x1_crc.c:249:9
	b	.LBB12_17
.Ltmp52:
.LBB12_12:
	.loc	2 0 9 is_stmt 0                 @ ../std/GD32C2x1_Firmware_Library/GD32C2x1_standard_peripheral/Source/gd32c2x1_crc.c:0:9
	movs	r0, #0
.Ltmp53:
	.loc	2 250 23 is_stmt 1              @ ../std/GD32C2x1_Firmware_Library/GD32C2x1_standard_peripheral/Source/gd32c2x1_crc.c:250:23
	str	r0, [sp, #4]
	.loc	2 250 17 is_stmt 0              @ ../std/GD32C2x1_Firmware_Library/GD32C2x1_standard_peripheral/Source/gd32c2x1_crc.c:250:17
	b	.LBB12_13
.LBB12_13:                              @ =>This Inner Loop Header: Depth=1
.Ltmp54:
	.loc	2 250 29                        @ ../std/GD32C2x1_Firmware_Library/GD32C2x1_standard_peripheral/Source/gd32c2x1_crc.c:250:29
	ldr	r0, [sp, #4]
	.loc	2 250 37                        @ ../std/GD32C2x1_Firmware_Library/GD32C2x1_standard_peripheral/Source/gd32c2x1_crc.c:250:37
	ldr	r1, [sp, #16]
.Ltmp55:
	.loc	2 250 13                        @ ../std/GD32C2x1_Firmware_Library/GD32C2x1_standard_peripheral/Source/gd32c2x1_crc.c:250:13
	cmp	r0, r1
	bhs	.LBB12_16
	b	.LBB12_14
.LBB12_14:                              @   in Loop: Header=BB12_13 Depth=1
.Ltmp56:
	.loc	2 251 41 is_stmt 1              @ ../std/GD32C2x1_Firmware_Library/GD32C2x1_standard_peripheral/Source/gd32c2x1_crc.c:251:41
	ldr	r0, [sp, #8]
	.loc	2 251 29 is_stmt 0              @ ../std/GD32C2x1_Firmware_Library/GD32C2x1_standard_peripheral/Source/gd32c2x1_crc.c:251:29
	ldrb	r0, [r0]
	ldr	r1, __arm_cp.12_0
	.loc	2 251 27                        @ ../std/GD32C2x1_Firmware_Library/GD32C2x1_standard_peripheral/Source/gd32c2x1_crc.c:251:27
	strb	r0, [r1]
	.loc	2 252 22 is_stmt 1              @ ../std/GD32C2x1_Firmware_Library/GD32C2x1_standard_peripheral/Source/gd32c2x1_crc.c:252:22
	ldr	r0, [sp, #8]
	adds	r0, r0, #1
	str	r0, [sp, #8]
	.loc	2 253 13                        @ ../std/GD32C2x1_Firmware_Library/GD32C2x1_standard_peripheral/Source/gd32c2x1_crc.c:253:13
	b	.LBB12_15
.Ltmp57:
.LBB12_15:                              @   in Loop: Header=BB12_13 Depth=1
	.loc	2 250 48                        @ ../std/GD32C2x1_Firmware_Library/GD32C2x1_standard_peripheral/Source/gd32c2x1_crc.c:250:48
	ldr	r0, [sp, #4]
	adds	r0, r0, #1
	str	r0, [sp, #4]
	.loc	2 250 13 is_stmt 0              @ ../std/GD32C2x1_Firmware_Library/GD32C2x1_standard_peripheral/Source/gd32c2x1_crc.c:250:13
	b	.LBB12_13
.Ltmp58:
.LBB12_16:
	.loc	2 0 13                          @ ../std/GD32C2x1_Firmware_Library/GD32C2x1_standard_peripheral/Source/gd32c2x1_crc.c:0:13
	b	.LBB12_17
.LBB12_17:
	b	.LBB12_18
.LBB12_18:
	ldr	r0, __arm_cp.12_0
	.loc	2 255 19 is_stmt 1              @ ../std/GD32C2x1_Firmware_Library/GD32C2x1_standard_peripheral/Source/gd32c2x1_crc.c:255:19
	ldr	r0, [r0]
	.loc	2 255 17 is_stmt 0              @ ../std/GD32C2x1_Firmware_Library/GD32C2x1_standard_peripheral/Source/gd32c2x1_crc.c:255:17
	str	r0, [sp]
.Ltmp59:
	.loc	2 257 12 is_stmt 1              @ ../std/GD32C2x1_Firmware_Library/GD32C2x1_standard_peripheral/Source/gd32c2x1_crc.c:257:12
	ldr	r0, [sp]
	.loc	2 257 5 is_stmt 0               @ ../std/GD32C2x1_Firmware_Library/GD32C2x1_standard_peripheral/Source/gd32c2x1_crc.c:257:5
	add	sp, #24
	bx	lr
.Ltmp60:
	.p2align	2
@ %bb.19:
	.loc	2 0 5                           @ ../std/GD32C2x1_Firmware_Library/GD32C2x1_standard_peripheral/Source/gd32c2x1_crc.c:0:5
__arm_cp.12_0:
	.long	1073885184                      @ 0x40023000
.Lcpi_end17:
	.size	__arm_cp.12_0, .Lcpi_end17-__arm_cp.12_0
.Lfunc_end12:
	.size	crc_block_data_calculate, .Lfunc_end12-crc_block_data_calculate
	.cfi_endproc
	.cantunwind
	.fnend
                                        @ -- End function
	.section	.debug_abbrev,"",%progbits
	.byte	1                               @ Abbreviation Code
	.byte	17                              @ DW_TAG_compile_unit
	.byte	1                               @ DW_CHILDREN_yes
	.byte	37                              @ DW_AT_producer
	.byte	14                              @ DW_FORM_strp
	.byte	19                              @ DW_AT_language
	.byte	5                               @ DW_FORM_data2
	.byte	3                               @ DW_AT_name
	.byte	14                              @ DW_FORM_strp
	.byte	16                              @ DW_AT_stmt_list
	.byte	23                              @ DW_FORM_sec_offset
	.byte	27                              @ DW_AT_comp_dir
	.byte	14                              @ DW_FORM_strp
	.byte	17                              @ DW_AT_low_pc
	.byte	1                               @ DW_FORM_addr
	.byte	85                              @ DW_AT_ranges
	.byte	23                              @ DW_FORM_sec_offset
	.byte	0                               @ EOM(1)
	.byte	0                               @ EOM(2)
	.byte	2                               @ Abbreviation Code
	.byte	22                              @ DW_TAG_typedef
	.byte	0                               @ DW_CHILDREN_no
	.byte	73                              @ DW_AT_type
	.byte	19                              @ DW_FORM_ref4
	.byte	3                               @ DW_AT_name
	.byte	14                              @ DW_FORM_strp
	.byte	58                              @ DW_AT_decl_file
	.byte	11                              @ DW_FORM_data1
	.byte	59                              @ DW_AT_decl_line
	.byte	11                              @ DW_FORM_data1
	.byte	0                               @ EOM(1)
	.byte	0                               @ EOM(2)
	.byte	3                               @ Abbreviation Code
	.byte	36                              @ DW_TAG_base_type
	.byte	0                               @ DW_CHILDREN_no
	.byte	3                               @ DW_AT_name
	.byte	14                              @ DW_FORM_strp
	.byte	62                              @ DW_AT_encoding
	.byte	11                              @ DW_FORM_data1
	.byte	11                              @ DW_AT_byte_size
	.byte	11                              @ DW_FORM_data1
	.byte	0                               @ EOM(1)
	.byte	0                               @ EOM(2)
	.byte	4                               @ Abbreviation Code
	.byte	15                              @ DW_TAG_pointer_type
	.byte	0                               @ DW_CHILDREN_no
	.byte	73                              @ DW_AT_type
	.byte	19                              @ DW_FORM_ref4
	.byte	0                               @ EOM(1)
	.byte	0                               @ EOM(2)
	.byte	5                               @ Abbreviation Code
	.byte	53                              @ DW_TAG_volatile_type
	.byte	0                               @ DW_CHILDREN_no
	.byte	73                              @ DW_AT_type
	.byte	19                              @ DW_FORM_ref4
	.byte	0                               @ EOM(1)
	.byte	0                               @ EOM(2)
	.byte	6                               @ Abbreviation Code
	.byte	46                              @ DW_TAG_subprogram
	.byte	0                               @ DW_CHILDREN_no
	.byte	17                              @ DW_AT_low_pc
	.byte	1                               @ DW_FORM_addr
	.byte	18                              @ DW_AT_high_pc
	.byte	6                               @ DW_FORM_data4
	.byte	64                              @ DW_AT_frame_base
	.byte	24                              @ DW_FORM_exprloc
	.byte	3                               @ DW_AT_name
	.byte	14                              @ DW_FORM_strp
	.byte	58                              @ DW_AT_decl_file
	.byte	11                              @ DW_FORM_data1
	.byte	59                              @ DW_AT_decl_line
	.byte	11                              @ DW_FORM_data1
	.byte	39                              @ DW_AT_prototyped
	.byte	25                              @ DW_FORM_flag_present
	.byte	63                              @ DW_AT_external
	.byte	25                              @ DW_FORM_flag_present
	.byte	0                               @ EOM(1)
	.byte	0                               @ EOM(2)
	.byte	7                               @ Abbreviation Code
	.byte	46                              @ DW_TAG_subprogram
	.byte	1                               @ DW_CHILDREN_yes
	.byte	17                              @ DW_AT_low_pc
	.byte	1                               @ DW_FORM_addr
	.byte	18                              @ DW_AT_high_pc
	.byte	6                               @ DW_FORM_data4
	.byte	64                              @ DW_AT_frame_base
	.byte	24                              @ DW_FORM_exprloc
	.byte	3                               @ DW_AT_name
	.byte	14                              @ DW_FORM_strp
	.byte	58                              @ DW_AT_decl_file
	.byte	11                              @ DW_FORM_data1
	.byte	59                              @ DW_AT_decl_line
	.byte	11                              @ DW_FORM_data1
	.byte	39                              @ DW_AT_prototyped
	.byte	25                              @ DW_FORM_flag_present
	.byte	63                              @ DW_AT_external
	.byte	25                              @ DW_FORM_flag_present
	.byte	0                               @ EOM(1)
	.byte	0                               @ EOM(2)
	.byte	8                               @ Abbreviation Code
	.byte	5                               @ DW_TAG_formal_parameter
	.byte	0                               @ DW_CHILDREN_no
	.byte	2                               @ DW_AT_location
	.byte	24                              @ DW_FORM_exprloc
	.byte	3                               @ DW_AT_name
	.byte	14                              @ DW_FORM_strp
	.byte	58                              @ DW_AT_decl_file
	.byte	11                              @ DW_FORM_data1
	.byte	59                              @ DW_AT_decl_line
	.byte	11                              @ DW_FORM_data1
	.byte	73                              @ DW_AT_type
	.byte	19                              @ DW_FORM_ref4
	.byte	0                               @ EOM(1)
	.byte	0                               @ EOM(2)
	.byte	9                               @ Abbreviation Code
	.byte	46                              @ DW_TAG_subprogram
	.byte	1                               @ DW_CHILDREN_yes
	.byte	17                              @ DW_AT_low_pc
	.byte	1                               @ DW_FORM_addr
	.byte	18                              @ DW_AT_high_pc
	.byte	6                               @ DW_FORM_data4
	.byte	64                              @ DW_AT_frame_base
	.byte	24                              @ DW_FORM_exprloc
	.byte	3                               @ DW_AT_name
	.byte	14                              @ DW_FORM_strp
	.byte	58                              @ DW_AT_decl_file
	.byte	11                              @ DW_FORM_data1
	.byte	59                              @ DW_AT_decl_line
	.byte	11                              @ DW_FORM_data1
	.byte	39                              @ DW_AT_prototyped
	.byte	25                              @ DW_FORM_flag_present
	.byte	73                              @ DW_AT_type
	.byte	19                              @ DW_FORM_ref4
	.byte	63                              @ DW_AT_external
	.byte	25                              @ DW_FORM_flag_present
	.byte	0                               @ EOM(1)
	.byte	0                               @ EOM(2)
	.byte	10                              @ Abbreviation Code
	.byte	52                              @ DW_TAG_variable
	.byte	0                               @ DW_CHILDREN_no
	.byte	2                               @ DW_AT_location
	.byte	24                              @ DW_FORM_exprloc
	.byte	3                               @ DW_AT_name
	.byte	14                              @ DW_FORM_strp
	.byte	58                              @ DW_AT_decl_file
	.byte	11                              @ DW_FORM_data1
	.byte	59                              @ DW_AT_decl_line
	.byte	11                              @ DW_FORM_data1
	.byte	73                              @ DW_AT_type
	.byte	19                              @ DW_FORM_ref4
	.byte	0                               @ EOM(1)
	.byte	0                               @ EOM(2)
	.byte	11                              @ Abbreviation Code
	.byte	15                              @ DW_TAG_pointer_type
	.byte	0                               @ DW_CHILDREN_no
	.byte	0                               @ EOM(1)
	.byte	0                               @ EOM(2)
	.byte	0                               @ EOM(3)
	.section	.debug_info,"",%progbits
.Lcu_begin0:
	.long	.Ldebug_info_end0-.Ldebug_info_start0 @ Length of Unit
.Ldebug_info_start0:
	.short	4                               @ DWARF version number
	.long	.debug_abbrev                   @ Offset Into Abbrev. Section
	.byte	4                               @ Address Size (in bytes)
	.byte	1                               @ Abbrev [1] 0xb:0x256 DW_TAG_compile_unit
	.long	.Linfo_string0                  @ DW_AT_producer
	.short	12                              @ DW_AT_language
	.long	.Linfo_string1                  @ DW_AT_name
	.long	.Lline_table_start0             @ DW_AT_stmt_list
	.long	.Linfo_string2                  @ DW_AT_comp_dir
	.long	0                               @ DW_AT_low_pc
	.long	.Ldebug_ranges0                 @ DW_AT_ranges
	.byte	2                               @ Abbrev [2] 0x26:0xb DW_TAG_typedef
	.long	49                              @ DW_AT_type
	.long	.Linfo_string4                  @ DW_AT_name
	.byte	1                               @ DW_AT_decl_file
	.byte	64                              @ DW_AT_decl_line
	.byte	3                               @ Abbrev [3] 0x31:0x7 DW_TAG_base_type
	.long	.Linfo_string3                  @ DW_AT_name
	.byte	7                               @ DW_AT_encoding
	.byte	4                               @ DW_AT_byte_size
	.byte	4                               @ Abbrev [4] 0x38:0x5 DW_TAG_pointer_type
	.long	61                              @ DW_AT_type
	.byte	5                               @ Abbrev [5] 0x3d:0x5 DW_TAG_volatile_type
	.long	38                              @ DW_AT_type
	.byte	2                               @ Abbrev [2] 0x42:0xb DW_TAG_typedef
	.long	77                              @ DW_AT_type
	.long	.Linfo_string6                  @ DW_AT_name
	.byte	1                               @ DW_AT_decl_file
	.byte	62                              @ DW_AT_decl_line
	.byte	3                               @ Abbrev [3] 0x4d:0x7 DW_TAG_base_type
	.long	.Linfo_string5                  @ DW_AT_name
	.byte	8                               @ DW_AT_encoding
	.byte	1                               @ DW_AT_byte_size
	.byte	2                               @ Abbrev [2] 0x54:0xb DW_TAG_typedef
	.long	95                              @ DW_AT_type
	.long	.Linfo_string8                  @ DW_AT_name
	.byte	1                               @ DW_AT_decl_file
	.byte	63                              @ DW_AT_decl_line
	.byte	3                               @ Abbrev [3] 0x5f:0x7 DW_TAG_base_type
	.long	.Linfo_string7                  @ DW_AT_name
	.byte	7                               @ DW_AT_encoding
	.byte	2                               @ DW_AT_byte_size
	.byte	4                               @ Abbrev [4] 0x66:0x5 DW_TAG_pointer_type
	.long	107                             @ DW_AT_type
	.byte	5                               @ Abbrev [5] 0x6b:0x5 DW_TAG_volatile_type
	.long	84                              @ DW_AT_type
	.byte	4                               @ Abbrev [4] 0x70:0x5 DW_TAG_pointer_type
	.long	117                             @ DW_AT_type
	.byte	5                               @ Abbrev [5] 0x75:0x5 DW_TAG_volatile_type
	.long	66                              @ DW_AT_type
	.byte	4                               @ Abbrev [4] 0x7a:0x5 DW_TAG_pointer_type
	.long	38                              @ DW_AT_type
	.byte	4                               @ Abbrev [4] 0x7f:0x5 DW_TAG_pointer_type
	.long	84                              @ DW_AT_type
	.byte	4                               @ Abbrev [4] 0x84:0x5 DW_TAG_pointer_type
	.long	66                              @ DW_AT_type
	.byte	6                               @ Abbrev [6] 0x89:0x11 DW_TAG_subprogram
	.long	.Lfunc_begin0                   @ DW_AT_low_pc
	.long	.Lfunc_end0-.Lfunc_begin0       @ DW_AT_high_pc
	.byte	1                               @ DW_AT_frame_base
	.byte	93
	.long	.Linfo_string9                  @ DW_AT_name
	.byte	2                               @ DW_AT_decl_file
	.byte	48                              @ DW_AT_decl_line
                                        @ DW_AT_prototyped
                                        @ DW_AT_external
	.byte	7                               @ Abbrev [7] 0x9a:0x20 DW_TAG_subprogram
	.long	.Lfunc_begin1                   @ DW_AT_low_pc
	.long	.Lfunc_end1-.Lfunc_begin1       @ DW_AT_high_pc
	.byte	1                               @ DW_AT_frame_base
	.byte	93
	.long	.Linfo_string10                 @ DW_AT_name
	.byte	2                               @ DW_AT_decl_file
	.byte	63                              @ DW_AT_decl_line
                                        @ DW_AT_prototyped
                                        @ DW_AT_external
	.byte	8                               @ Abbrev [8] 0xab:0xe DW_TAG_formal_parameter
	.byte	2                               @ DW_AT_location
	.byte	145
	.byte	0
	.long	.Linfo_string22                 @ DW_AT_name
	.byte	2                               @ DW_AT_decl_file
	.byte	63                              @ DW_AT_decl_line
	.long	38                              @ DW_AT_type
	.byte	0                               @ End Of Children Mark
	.byte	9                               @ Abbrev [9] 0xba:0x24 DW_TAG_subprogram
	.long	.Lfunc_begin2                   @ DW_AT_low_pc
	.long	.Lfunc_end2-.Lfunc_begin2       @ DW_AT_high_pc
	.byte	1                               @ DW_AT_frame_base
	.byte	93
	.long	.Linfo_string11                 @ DW_AT_name
	.byte	2                               @ DW_AT_decl_file
	.byte	74                              @ DW_AT_decl_line
                                        @ DW_AT_prototyped
	.long	38                              @ DW_AT_type
                                        @ DW_AT_external
	.byte	10                              @ Abbrev [10] 0xcf:0xe DW_TAG_variable
	.byte	2                               @ DW_AT_location
	.byte	145
	.byte	0
	.long	.Linfo_string23                 @ DW_AT_name
	.byte	2                               @ DW_AT_decl_file
	.byte	76                              @ DW_AT_decl_line
	.long	38                              @ DW_AT_type
	.byte	0                               @ End Of Children Mark
	.byte	9                               @ Abbrev [9] 0xde:0x24 DW_TAG_subprogram
	.long	.Lfunc_begin3                   @ DW_AT_low_pc
	.long	.Lfunc_end3-.Lfunc_begin3       @ DW_AT_high_pc
	.byte	1                               @ DW_AT_frame_base
	.byte	93
	.long	.Linfo_string12                 @ DW_AT_name
	.byte	2                               @ DW_AT_decl_file
	.byte	87                              @ DW_AT_decl_line
                                        @ DW_AT_prototyped
	.long	66                              @ DW_AT_type
                                        @ DW_AT_external
	.byte	10                              @ Abbrev [10] 0xf3:0xe DW_TAG_variable
	.byte	2                               @ DW_AT_location
	.byte	145
	.byte	0
	.long	.Linfo_string24                 @ DW_AT_name
	.byte	2                               @ DW_AT_decl_file
	.byte	89                              @ DW_AT_decl_line
	.long	66                              @ DW_AT_type
	.byte	0                               @ End Of Children Mark
	.byte	7                               @ Abbrev [7] 0x102:0x20 DW_TAG_subprogram
	.long	.Lfunc_begin4                   @ DW_AT_low_pc
	.long	.Lfunc_end4-.Lfunc_begin4       @ DW_AT_high_pc
	.byte	1                               @ DW_AT_frame_base
	.byte	93
	.long	.Linfo_string13                 @ DW_AT_name
	.byte	2                               @ DW_AT_decl_file
	.byte	100                             @ DW_AT_decl_line
                                        @ DW_AT_prototyped
                                        @ DW_AT_external
	.byte	8                               @ Abbrev [8] 0x113:0xe DW_TAG_formal_parameter
	.byte	2                               @ DW_AT_location
	.byte	145
	.byte	0
	.long	.Linfo_string25                 @ DW_AT_name
	.byte	2                               @ DW_AT_decl_file
	.byte	100                             @ DW_AT_decl_line
	.long	66                              @ DW_AT_type
	.byte	0                               @ End Of Children Mark
	.byte	6                               @ Abbrev [6] 0x122:0x11 DW_TAG_subprogram
	.long	.Lfunc_begin5                   @ DW_AT_low_pc
	.long	.Lfunc_end5-.Lfunc_begin5       @ DW_AT_high_pc
	.byte	1                               @ DW_AT_frame_base
	.byte	93
	.long	.Linfo_string14                 @ DW_AT_name
	.byte	2                               @ DW_AT_decl_file
	.byte	111                             @ DW_AT_decl_line
                                        @ DW_AT_prototyped
                                        @ DW_AT_external
	.byte	6                               @ Abbrev [6] 0x133:0x11 DW_TAG_subprogram
	.long	.Lfunc_begin6                   @ DW_AT_low_pc
	.long	.Lfunc_end6-.Lfunc_begin6       @ DW_AT_high_pc
	.byte	1                               @ DW_AT_frame_base
	.byte	93
	.long	.Linfo_string15                 @ DW_AT_name
	.byte	2                               @ DW_AT_decl_file
	.byte	122                             @ DW_AT_decl_line
                                        @ DW_AT_prototyped
                                        @ DW_AT_external
	.byte	7                               @ Abbrev [7] 0x144:0x20 DW_TAG_subprogram
	.long	.Lfunc_begin7                   @ DW_AT_low_pc
	.long	.Lfunc_end7-.Lfunc_begin7       @ DW_AT_high_pc
	.byte	1                               @ DW_AT_frame_base
	.byte	93
	.long	.Linfo_string16                 @ DW_AT_name
	.byte	2                               @ DW_AT_decl_file
	.byte	139                             @ DW_AT_decl_line
                                        @ DW_AT_prototyped
                                        @ DW_AT_external
	.byte	8                               @ Abbrev [8] 0x155:0xe DW_TAG_formal_parameter
	.byte	2                               @ DW_AT_location
	.byte	145
	.byte	0
	.long	.Linfo_string26                 @ DW_AT_name
	.byte	2                               @ DW_AT_decl_file
	.byte	139                             @ DW_AT_decl_line
	.long	38                              @ DW_AT_type
	.byte	0                               @ End Of Children Mark
	.byte	6                               @ Abbrev [6] 0x164:0x11 DW_TAG_subprogram
	.long	.Lfunc_begin8                   @ DW_AT_low_pc
	.long	.Lfunc_end8-.Lfunc_begin8       @ DW_AT_high_pc
	.byte	1                               @ DW_AT_frame_base
	.byte	93
	.long	.Linfo_string17                 @ DW_AT_name
	.byte	2                               @ DW_AT_decl_file
	.byte	151                             @ DW_AT_decl_line
                                        @ DW_AT_prototyped
                                        @ DW_AT_external
	.byte	7                               @ Abbrev [7] 0x175:0x20 DW_TAG_subprogram
	.long	.Lfunc_begin9                   @ DW_AT_low_pc
	.long	.Lfunc_end9-.Lfunc_begin9       @ DW_AT_high_pc
	.byte	1                               @ DW_AT_frame_base
	.byte	93
	.long	.Linfo_string18                 @ DW_AT_name
	.byte	2                               @ DW_AT_decl_file
	.byte	167                             @ DW_AT_decl_line
                                        @ DW_AT_prototyped
                                        @ DW_AT_external
	.byte	8                               @ Abbrev [8] 0x186:0xe DW_TAG_formal_parameter
	.byte	2                               @ DW_AT_location
	.byte	145
	.byte	0
	.long	.Linfo_string27                 @ DW_AT_name
	.byte	2                               @ DW_AT_decl_file
	.byte	167                             @ DW_AT_decl_line
	.long	38                              @ DW_AT_type
	.byte	0                               @ End Of Children Mark
	.byte	7                               @ Abbrev [7] 0x195:0x20 DW_TAG_subprogram
	.long	.Lfunc_begin10                  @ DW_AT_low_pc
	.long	.Lfunc_end10-.Lfunc_begin10     @ DW_AT_high_pc
	.byte	1                               @ DW_AT_frame_base
	.byte	93
	.long	.Linfo_string19                 @ DW_AT_name
	.byte	2                               @ DW_AT_decl_file
	.byte	179                             @ DW_AT_decl_line
                                        @ DW_AT_prototyped
                                        @ DW_AT_external
	.byte	8                               @ Abbrev [8] 0x1a6:0xe DW_TAG_formal_parameter
	.byte	2                               @ DW_AT_location
	.byte	145
	.byte	0
	.long	.Linfo_string28                 @ DW_AT_name
	.byte	2                               @ DW_AT_decl_file
	.byte	179                             @ DW_AT_decl_line
	.long	38                              @ DW_AT_type
	.byte	0                               @ End Of Children Mark
	.byte	9                               @ Abbrev [9] 0x1b5:0x40 DW_TAG_subprogram
	.long	.Lfunc_begin11                  @ DW_AT_low_pc
	.long	.Lfunc_end11-.Lfunc_begin11     @ DW_AT_high_pc
	.byte	1                               @ DW_AT_frame_base
	.byte	93
	.long	.Linfo_string20                 @ DW_AT_name
	.byte	2                               @ DW_AT_decl_file
	.byte	196                             @ DW_AT_decl_line
                                        @ DW_AT_prototyped
	.long	38                              @ DW_AT_type
                                        @ DW_AT_external
	.byte	8                               @ Abbrev [8] 0x1ca:0xe DW_TAG_formal_parameter
	.byte	2                               @ DW_AT_location
	.byte	145
	.byte	8
	.long	.Linfo_string29                 @ DW_AT_name
	.byte	2                               @ DW_AT_decl_file
	.byte	196                             @ DW_AT_decl_line
	.long	38                              @ DW_AT_type
	.byte	8                               @ Abbrev [8] 0x1d8:0xe DW_TAG_formal_parameter
	.byte	2                               @ DW_AT_location
	.byte	145
	.byte	4
	.long	.Linfo_string30                 @ DW_AT_name
	.byte	2                               @ DW_AT_decl_file
	.byte	196                             @ DW_AT_decl_line
	.long	66                              @ DW_AT_type
	.byte	10                              @ Abbrev [10] 0x1e6:0xe DW_TAG_variable
	.byte	2                               @ DW_AT_location
	.byte	145
	.byte	0
	.long	.Linfo_string31                 @ DW_AT_name
	.byte	2                               @ DW_AT_decl_file
	.byte	198                             @ DW_AT_decl_line
	.long	38                              @ DW_AT_type
	.byte	0                               @ End Of Children Mark
	.byte	9                               @ Abbrev [9] 0x1f5:0x6a DW_TAG_subprogram
	.long	.Lfunc_begin12                  @ DW_AT_low_pc
	.long	.Lfunc_end12-.Lfunc_begin12     @ DW_AT_high_pc
	.byte	1                               @ DW_AT_frame_base
	.byte	93
	.long	.Linfo_string21                 @ DW_AT_name
	.byte	2                               @ DW_AT_decl_file
	.byte	224                             @ DW_AT_decl_line
                                        @ DW_AT_prototyped
	.long	38                              @ DW_AT_type
                                        @ DW_AT_external
	.byte	8                               @ Abbrev [8] 0x20a:0xe DW_TAG_formal_parameter
	.byte	2                               @ DW_AT_location
	.byte	145
	.byte	20
	.long	.Linfo_string32                 @ DW_AT_name
	.byte	2                               @ DW_AT_decl_file
	.byte	224                             @ DW_AT_decl_line
	.long	607                             @ DW_AT_type
	.byte	8                               @ Abbrev [8] 0x218:0xe DW_TAG_formal_parameter
	.byte	2                               @ DW_AT_location
	.byte	145
	.byte	16
	.long	.Linfo_string33                 @ DW_AT_name
	.byte	2                               @ DW_AT_decl_file
	.byte	224                             @ DW_AT_decl_line
	.long	38                              @ DW_AT_type
	.byte	8                               @ Abbrev [8] 0x226:0xe DW_TAG_formal_parameter
	.byte	2                               @ DW_AT_location
	.byte	145
	.byte	12
	.long	.Linfo_string30                 @ DW_AT_name
	.byte	2                               @ DW_AT_decl_file
	.byte	224                             @ DW_AT_decl_line
	.long	66                              @ DW_AT_type
	.byte	10                              @ Abbrev [10] 0x234:0xe DW_TAG_variable
	.byte	2                               @ DW_AT_location
	.byte	145
	.byte	8
	.long	.Linfo_string23                 @ DW_AT_name
	.byte	2                               @ DW_AT_decl_file
	.byte	226                             @ DW_AT_decl_line
	.long	38                              @ DW_AT_type
	.byte	10                              @ Abbrev [10] 0x242:0xe DW_TAG_variable
	.byte	2                               @ DW_AT_location
	.byte	145
	.byte	4
	.long	.Linfo_string34                 @ DW_AT_name
	.byte	2                               @ DW_AT_decl_file
	.byte	227                             @ DW_AT_decl_line
	.long	38                              @ DW_AT_type
	.byte	10                              @ Abbrev [10] 0x250:0xe DW_TAG_variable
	.byte	2                               @ DW_AT_location
	.byte	145
	.byte	0
	.long	.Linfo_string31                 @ DW_AT_name
	.byte	2                               @ DW_AT_decl_file
	.byte	228                             @ DW_AT_decl_line
	.long	38                              @ DW_AT_type
	.byte	0                               @ End Of Children Mark
	.byte	11                              @ Abbrev [11] 0x25f:0x1 DW_TAG_pointer_type
	.byte	0                               @ End Of Children Mark
.Ldebug_info_end0:
	.section	.debug_ranges,"",%progbits
.Ldebug_ranges0:
	.long	.Lfunc_begin0
	.long	.Lfunc_end0
	.long	.Lfunc_begin1
	.long	.Lfunc_end1
	.long	.Lfunc_begin2
	.long	.Lfunc_end2
	.long	.Lfunc_begin3
	.long	.Lfunc_end3
	.long	.Lfunc_begin4
	.long	.Lfunc_end4
	.long	.Lfunc_begin5
	.long	.Lfunc_end5
	.long	.Lfunc_begin6
	.long	.Lfunc_end6
	.long	.Lfunc_begin7
	.long	.Lfunc_end7
	.long	.Lfunc_begin8
	.long	.Lfunc_end8
	.long	.Lfunc_begin9
	.long	.Lfunc_end9
	.long	.Lfunc_begin10
	.long	.Lfunc_end10
	.long	.Lfunc_begin11
	.long	.Lfunc_end11
	.long	.Lfunc_begin12
	.long	.Lfunc_end12
	.long	0
	.long	0
	.section	.debug_str,"MS",%progbits,1
.Linfo_string0:
	.asciz	"Component: ARM Compiler 6.16 Tool: armclang [5dfeb700]" @ string offset=0
.Linfo_string1:
	.asciz	"../std/GD32C2x1_Firmware_Library/GD32C2x1_standard_peripheral/Source\\gd32c2x1_crc.c" @ string offset=55
.Linfo_string2:
	.asciz	"E:\\work\\CX_NFC_RX\\prj"      @ string offset=139
.Linfo_string3:
	.asciz	"unsigned int"                  @ string offset=161
.Linfo_string4:
	.asciz	"uint32_t"                      @ string offset=174
.Linfo_string5:
	.asciz	"unsigned char"                 @ string offset=183
.Linfo_string6:
	.asciz	"uint8_t"                       @ string offset=197
.Linfo_string7:
	.asciz	"unsigned short"                @ string offset=205
.Linfo_string8:
	.asciz	"uint16_t"                      @ string offset=220
.Linfo_string9:
	.asciz	"crc_deinit"                    @ string offset=229
.Linfo_string10:
	.asciz	"crc_init_data_register_write"  @ string offset=240
.Linfo_string11:
	.asciz	"crc_data_register_read"        @ string offset=269
.Linfo_string12:
	.asciz	"crc_free_data_register_read"   @ string offset=292
.Linfo_string13:
	.asciz	"crc_free_data_register_write"  @ string offset=320
.Linfo_string14:
	.asciz	"crc_reverse_output_data_disable" @ string offset=349
.Linfo_string15:
	.asciz	"crc_reverse_output_data_enable" @ string offset=381
.Linfo_string16:
	.asciz	"crc_input_data_reverse_config" @ string offset=412
.Linfo_string17:
	.asciz	"crc_data_register_reset"       @ string offset=442
.Linfo_string18:
	.asciz	"crc_polynomial_size_set"       @ string offset=466
.Linfo_string19:
	.asciz	"crc_polynomial_set"            @ string offset=490
.Linfo_string20:
	.asciz	"crc_single_data_calculate"     @ string offset=509
.Linfo_string21:
	.asciz	"crc_block_data_calculate"      @ string offset=535
.Linfo_string22:
	.asciz	"init_data"                     @ string offset=560
.Linfo_string23:
	.asciz	"data"                          @ string offset=570
.Linfo_string24:
	.asciz	"fdata"                         @ string offset=575
.Linfo_string25:
	.asciz	"free_data"                     @ string offset=581
.Linfo_string26:
	.asciz	"data_reverse"                  @ string offset=591
.Linfo_string27:
	.asciz	"poly_size"                     @ string offset=604
.Linfo_string28:
	.asciz	"poly"                          @ string offset=614
.Linfo_string29:
	.asciz	"sdata"                         @ string offset=619
.Linfo_string30:
	.asciz	"data_format"                   @ string offset=625
.Linfo_string31:
	.asciz	"crc_val"                       @ string offset=637
.Linfo_string32:
	.asciz	"array"                         @ string offset=645
.Linfo_string33:
	.asciz	"size"                          @ string offset=651
.Linfo_string34:
	.asciz	"index"                         @ string offset=656
	.ident	"Component: ARM Compiler 6.16 Tool: armclang [5dfeb700]"
	.section	".note.GNU-stack","",%progbits
	.eabi_attribute	30, 6	@ Tag_ABI_optimization_goals
	.ARM_attribute	16, 1	@ Tag_AV_eba
	.section	.debug_line,"",%progbits
.Lline_table_start0:
